<?xml version="1.0" encoding="UTF-8"?>
<testsuite xmlns:xsi="http://www.w3.org/2001/XMLSchema-instance" xsi:noNamespaceSchemaLocation="https://maven.apache.org/surefire/maven-surefire-plugin/xsd/surefire-test-report.xsd" name="TestSuite" time="206.974" tests="10" errors="0" skipped="0" failures="2">
  <properties>
    <property name="sun.desktop" value="windows"/>
    <property name="awt.toolkit" value="sun.awt.windows.WToolkit"/>
    <property name="java.specification.version" value="11"/>
    <property name="testSuite" value="testng"/>
    <property name="sun.cpu.isalist" value="amd64"/>
    <property name="sun.jnu.encoding" value="Cp1252"/>
    <property name="java.class.path" value="C:\Users\rajkumar06\Desktop\Exit_Test\target\test-classes;C:\Users\rajkumar06\Desktop\Exit_Test\target\classes;C:\Users\rajkumar06\.m2\repository\junit\junit\4.11\junit-4.11.jar;C:\Users\rajkumar06\.m2\repository\org\hamcrest\hamcrest-core\1.3\hamcrest-core-1.3.jar;C:\Users\rajkumar06\.m2\repository\org\testng\testng\7.4.0\testng-7.4.0.jar;C:\Users\rajkumar06\.m2\repository\com\beust\jcommander\1.78\jcommander-1.78.jar;C:\Users\rajkumar06\.m2\repository\org\webjars\jquery\3.5.1\jquery-3.5.1.jar;C:\Users\rajkumar06\.m2\repository\io\cucumber\cucumber-testng\7.9.0\cucumber-testng-7.9.0.jar;C:\Users\rajkumar06\.m2\repository\org\apiguardian\apiguardian-api\1.1.2\apiguardian-api-1.1.2.jar;C:\Users\rajkumar06\.m2\repository\io\cucumber\cucumber-core\7.9.0\cucumber-core-7.9.0.jar;C:\Users\rajkumar06\.m2\repository\io\cucumber\cucumber-gherkin\7.9.0\cucumber-gherkin-7.9.0.jar;C:\Users\rajkumar06\.m2\repository\io\cucumber\cucumber-gherkin-messages\7.9.0\cucumber-gherkin-messages-7.9.0.jar;C:\Users\rajkumar06\.m2\repository\io\cucumber\gherkin\24.1.0\gherkin-24.1.0.jar;C:\Users\rajkumar06\.m2\repository\io\cucumber\messages\19.1.4\messages-19.1.4.jar;C:\Users\rajkumar06\.m2\repository\io\cucumber\tag-expressions\4.1.0\tag-expressions-4.1.0.jar;C:\Users\rajkumar06\.m2\repository\io\cucumber\cucumber-expressions\16.0.0\cucumber-expressions-16.0.0.jar;C:\Users\rajkumar06\.m2\repository\io\cucumber\datatable\7.9.0\datatable-7.9.0.jar;C:\Users\rajkumar06\.m2\repository\io\cucumber\cucumber-plugin\7.9.0\cucumber-plugin-7.9.0.jar;C:\Users\rajkumar06\.m2\repository\io\cucumber\docstring\7.9.0\docstring-7.9.0.jar;C:\Users\rajkumar06\.m2\repository\io\cucumber\html-formatter\20.1.0\html-formatter-20.1.0.jar;C:\Users\rajkumar06\.m2\repository\io\cucumber\ci-environment\9.1.0\ci-environment-9.1.0.jar;C:\Users\rajkumar06\.m2\repository\io\cucumber\cucumber-java\7.9.0\cucumber-java-7.9.0.jar;C:\Users\rajkumar06\.m2\repository\io\cucumber\cucumber-jvm-deps\1.0.6\cucumber-jvm-deps-1.0.6.jar;C:\Users\rajkumar06\.m2\repository\net\masterthought\cucumber-reporting\5.7.4\cucumber-reporting-5.7.4.jar;C:\Users\rajkumar06\.m2\repository\com\fasterxml\jackson\core\jackson-databind\2.13.2.2\jackson-databind-2.13.2.2.jar;C:\Users\rajkumar06\.m2\repository\com\fasterxml\jackson\core\jackson-annotations\2.13.2\jackson-annotations-2.13.2.jar;C:\Users\rajkumar06\.m2\repository\com\fasterxml\jackson\core\jackson-core\2.13.2\jackson-core-2.13.2.jar;C:\Users\rajkumar06\.m2\repository\com\fasterxml\jackson\datatype\jackson-datatype-jsr310\2.13.2\jackson-datatype-jsr310-2.13.2.jar;C:\Users\rajkumar06\.m2\repository\org\apache\velocity\velocity-engine-core\2.3\velocity-engine-core-2.3.jar;C:\Users\rajkumar06\.m2\repository\org\slf4j\slf4j-api\1.7.30\slf4j-api-1.7.30.jar;C:\Users\rajkumar06\.m2\repository\org\apache\commons\commons-collections4\4.4\commons-collections4-4.4.jar;C:\Users\rajkumar06\.m2\repository\joda-time\joda-time\2.10.14\joda-time-2.10.14.jar;C:\Users\rajkumar06\.m2\repository\org\apache\commons\commons-lang3\3.12.0\commons-lang3-3.12.0.jar;C:\Users\rajkumar06\.m2\repository\commons-io\commons-io\2.7\commons-io-2.7.jar;C:\Users\rajkumar06\.m2\repository\org\codehaus\plexus\plexus-utils\3.4.2\plexus-utils-3.4.2.jar;C:\Users\rajkumar06\.m2\repository\org\jsoup\jsoup\1.15.3\jsoup-1.15.3.jar;C:\Users\rajkumar06\.m2\repository\com\google\guava\guava\31.1-jre\guava-31.1-jre.jar;C:\Users\rajkumar06\.m2\repository\com\google\guava\failureaccess\1.0.1\failureaccess-1.0.1.jar;C:\Users\rajkumar06\.m2\repository\com\google\guava\listenablefuture\9999.0-empty-to-avoid-conflict-with-guava\listenablefuture-9999.0-empty-to-avoid-conflict-with-guava.jar;C:\Users\rajkumar06\.m2\repository\com\google\code\findbugs\jsr305\3.0.2\jsr305-3.0.2.jar;C:\Users\rajkumar06\.m2\repository\org\checkerframework\checker-qual\3.12.0\checker-qual-3.12.0.jar;C:\Users\rajkumar06\.m2\repository\com\google\errorprone\error_prone_annotations\2.11.0\error_prone_annotations-2.11.0.jar;C:\Users\rajkumar06\.m2\repository\com\google\j2objc\j2objc-annotations\1.3\j2objc-annotations-1.3.jar;C:\Users\rajkumar06\.m2\repository\com\googlecode\owasp-java-html-sanitizer\owasp-java-html-sanitizer\20211018.2\owasp-java-html-sanitizer-20211018.2.jar;C:\Users\rajkumar06\.m2\repository\commons-configuration\commons-configuration\1.10\commons-configuration-1.10.jar;C:\Users\rajkumar06\.m2\repository\commons-lang\commons-lang\2.6\commons-lang-2.6.jar;C:\Users\rajkumar06\.m2\repository\commons-logging\commons-logging\1.1.1\commons-logging-1.1.1.jar;C:\Users\rajkumar06\.m2\repository\org\apache\logging\log4j\log4j-core\2.19.0\log4j-core-2.19.0.jar;C:\Users\rajkumar06\.m2\repository\org\apache\logging\log4j\log4j-api\2.19.0\log4j-api-2.19.0.jar;C:\Users\rajkumar06\.m2\repository\io\cucumber\cucumber-html\0.2.7\cucumber-html-0.2.7.jar;C:\Users\rajkumar06\.m2\repository\io\appium\java-client\6.1.0\java-client-6.1.0.jar;C:\Users\rajkumar06\.m2\repository\org\seleniumhq\selenium\selenium-java\3.12.0\selenium-java-3.12.0.jar;C:\Users\rajkumar06\.m2\repository\org\seleniumhq\selenium\selenium-chrome-driver\3.12.0\selenium-chrome-driver-3.12.0.jar;C:\Users\rajkumar06\.m2\repository\org\seleniumhq\selenium\selenium-edge-driver\3.12.0\selenium-edge-driver-3.12.0.jar;C:\Users\rajkumar06\.m2\repository\org\seleniumhq\selenium\selenium-firefox-driver\3.12.0\selenium-firefox-driver-3.12.0.jar;C:\Users\rajkumar06\.m2\repository\org\seleniumhq\selenium\selenium-ie-driver\3.12.0\selenium-ie-driver-3.12.0.jar;C:\Users\rajkumar06\.m2\repository\org\seleniumhq\selenium\selenium-opera-driver\3.12.0\selenium-opera-driver-3.12.0.jar;C:\Users\rajkumar06\.m2\repository\org\seleniumhq\selenium\selenium-remote-driver\3.12.0\selenium-remote-driver-3.12.0.jar;C:\Users\rajkumar06\.m2\repository\org\seleniumhq\selenium\selenium-safari-driver\3.12.0\selenium-safari-driver-3.12.0.jar;C:\Users\rajkumar06\.m2\repository\net\bytebuddy\byte-buddy\1.8.3\byte-buddy-1.8.3.jar;C:\Users\rajkumar06\.m2\repository\org\apache\commons\commons-exec\1.3\commons-exec-1.3.jar;C:\Users\rajkumar06\.m2\repository\commons-codec\commons-codec\1.10\commons-codec-1.10.jar;C:\Users\rajkumar06\.m2\repository\org\apache\httpcomponents\httpcore\4.4.6\httpcore-4.4.6.jar;C:\Users\rajkumar06\.m2\repository\com\squareup\okhttp3\okhttp\3.9.1\okhttp-3.9.1.jar;C:\Users\rajkumar06\.m2\repository\com\squareup\okio\okio\1.13.0\okio-1.13.0.jar;C:\Users\rajkumar06\.m2\repository\org\seleniumhq\selenium\selenium-support\3.12.0\selenium-support-3.12.0.jar;C:\Users\rajkumar06\.m2\repository\org\seleniumhq\selenium\selenium-api\3.12.0\selenium-api-3.12.0.jar;C:\Users\rajkumar06\.m2\repository\com\google\code\gson\gson\2.8.4\gson-2.8.4.jar;C:\Users\rajkumar06\.m2\repository\org\apache\httpcomponents\httpclient\4.5.5\httpclient-4.5.5.jar;C:\Users\rajkumar06\.m2\repository\cglib\cglib\3.2.6\cglib-3.2.6.jar;C:\Users\rajkumar06\.m2\repository\org\ow2\asm\asm\6.0\asm-6.0.jar;C:\Users\rajkumar06\.m2\repository\org\apache\ant\ant\1.9.6\ant-1.9.6.jar;C:\Users\rajkumar06\.m2\repository\org\apache\ant\ant-launcher\1.9.6\ant-launcher-1.9.6.jar;C:\Users\rajkumar06\.m2\repository\commons-validator\commons-validator\1.6\commons-validator-1.6.jar;C:\Users\rajkumar06\.m2\repository\commons-beanutils\commons-beanutils\1.9.2\commons-beanutils-1.9.2.jar;C:\Users\rajkumar06\.m2\repository\commons-digester\commons-digester\1.8.1\commons-digester-1.8.1.jar;C:\Users\rajkumar06\.m2\repository\commons-collections\commons-collections\3.2.2\commons-collections-3.2.2.jar;C:\Users\rajkumar06\.m2\repository\org\springframework\spring-context\5.0.5.RELEASE\spring-context-5.0.5.RELEASE.jar;C:\Users\rajkumar06\.m2\repository\org\springframework\spring-aop\5.0.5.RELEASE\spring-aop-5.0.5.RELEASE.jar;C:\Users\rajkumar06\.m2\repository\org\springframework\spring-beans\5.0.5.RELEASE\spring-beans-5.0.5.RELEASE.jar;C:\Users\rajkumar06\.m2\repository\org\springframework\spring-core\5.0.5.RELEASE\spring-core-5.0.5.RELEASE.jar;C:\Users\rajkumar06\.m2\repository\org\springframework\spring-jcl\5.0.5.RELEASE\spring-jcl-5.0.5.RELEASE.jar;C:\Users\rajkumar06\.m2\repository\org\springframework\spring-expression\5.0.5.RELEASE\spring-expression-5.0.5.RELEASE.jar;C:\Users\rajkumar06\.m2\repository\org\aspectj\aspectjweaver\1.9.1\aspectjweaver-1.9.1.jar;C:\Users\rajkumar06\.m2\repository\org\openpnp\opencv\3.2.0-1\opencv-3.2.0-1.jar;C:\Users\rajkumar06\.m2\repository\tech\grasshopper\extentreports-cucumber7-adapter\1.7.0\extentreports-cucumber7-adapter-1.7.0.jar;C:\Users\rajkumar06\.m2\repository\com\aventstack\extentreports\5.0.9\extentreports-5.0.9.jar;C:\Users\rajkumar06\.m2\repository\io\reactivex\rxjava3\rxjava\3.0.4\rxjava-3.0.4.jar;C:\Users\rajkumar06\.m2\repository\org\reactivestreams\reactive-streams\1.0.3\reactive-streams-1.0.3.jar;C:\Users\rajkumar06\.m2\repository\org\freemarker\freemarker\2.3.30\freemarker-2.3.30.jar;C:\Users\rajkumar06\.m2\repository\org\projectlombok\lombok\1.18.12\lombok-1.18.12.jar;C:\Users\rajkumar06\.m2\repository\tech\grasshopper\extent-pdf-report\2.7.0\extent-pdf-report-2.7.0.jar;C:\Users\rajkumar06\.m2\repository\tech\grasshopper\cucumber-pdf-report\2.10.0\cucumber-pdf-report-2.10.0.jar;C:\Users\rajkumar06\.m2\repository\org\apache\pdfbox\pdfbox\2.0.26\pdfbox-2.0.26.jar;C:\Users\rajkumar06\.m2\repository\org\apache\pdfbox\fontbox\2.0.26\fontbox-2.0.26.jar;C:\Users\rajkumar06\.m2\repository\org\knowm\xchart\xchart\3.8.0\xchart-3.8.0.jar;C:\Users\rajkumar06\.m2\repository\de\erichseifert\vectorgraphics2d\VectorGraphics2D\0.13\VectorGraphics2D-0.13.jar;C:\Users\rajkumar06\.m2\repository\de\rototor\pdfbox\graphics2d\0.30\graphics2d-0.30.jar;C:\Users\rajkumar06\.m2\repository\com\madgag\animated-gif-lib\1.4\animated-gif-lib-1.4.jar;C:\Users\rajkumar06\.m2\repository\org\yaml\snakeyaml\1.28\snakeyaml-1.28.jar;C:\Users\rajkumar06\.m2\repository\tech\grasshopper\table-layout\1.5.1\table-layout-1.5.1.jar;C:\Users\rajkumar06\.m2\repository\tech\grasshopper\rest-assured-cucumber-pdf-report\1.4.1\rest-assured-cucumber-pdf-report-1.4.1.jar;C:\Users\rajkumar06\.m2\repository\com\aventstack\klov-reporter\5.0.9\klov-reporter-5.0.9.jar;C:\Users\rajkumar06\.m2\repository\org\mongodb\mongodb-driver\3.6.4\mongodb-driver-3.6.4.jar;C:\Users\rajkumar06\.m2\repository\org\mongodb\mongodb-driver-core\3.6.4\mongodb-driver-core-3.6.4.jar;C:\Users\rajkumar06\.m2\repository\org\mongodb\bson\3.6.4\bson-3.6.4.jar;C:\Users\rajkumar06\.m2\repository\org\apache\httpcomponents\httpmime\4.5.13\httpmime-4.5.13.jar;C:\Users\rajkumar06\.m2\repository\tech\grasshopper\htmlextentreporter\1.0.1\htmlextentreporter-1.0.1.jar;C:\Users\rajkumar06\.m2\repository\org\apache\poi\poi-ooxml\5.2.3\poi-ooxml-5.2.3.jar;C:\Users\rajkumar06\.m2\repository\org\apache\poi\poi\5.2.3\poi-5.2.3.jar;C:\Users\rajkumar06\.m2\repository\org\apache\commons\commons-math3\3.6.1\commons-math3-3.6.1.jar;C:\Users\rajkumar06\.m2\repository\com\zaxxer\SparseBitSet\1.2\SparseBitSet-1.2.jar;C:\Users\rajkumar06\.m2\repository\org\apache\poi\poi-ooxml-lite\5.2.3\poi-ooxml-lite-5.2.3.jar;C:\Users\rajkumar06\.m2\repository\org\apache\xmlbeans\xmlbeans\5.1.1\xmlbeans-5.1.1.jar;C:\Users\rajkumar06\.m2\repository\org\apache\commons\commons-compress\1.21\commons-compress-1.21.jar;C:\Users\rajkumar06\.m2\repository\com\github\virtuald\curvesapi\1.07\curvesapi-1.07.jar;"/>
    <property name="java.vm.vendor" value="Oracle Corporation"/>
    <property name="sun.arch.data.model" value="64"/>
    <property name="user.variant" value=""/>
    <property name="java.vendor.url" value="http://java.oracle.com/"/>
    <property name="user.timezone" value="Asia/Calcutta"/>
    <property name="java.vm.specification.version" value="11"/>
    <property name="os.name" value="Windows 10"/>
    <property name="sun.java.launcher" value="SUN_STANDARD"/>
    <property name="user.country" value="IN"/>
    <property name="sun.boot.library.path" value="C:\Program Files\RedHat\java-11-openjdk-11.0.5-2\bin"/>
    <property name="sun.java.command" value="C:\Users\RAJKUM~1\AppData\Local\Temp\surefire13300808132108969955\surefirebooter15215279022659809216.jar C:\Users\rajkumar06\AppData\Local\Temp\surefire13300808132108969955 2023-02-02T13-12-17_152-jvmRun1 surefire3614996176927801975tmp surefire_011587585221437026227tmp"/>
    <property name="jdk.debug" value="release"/>
    <property name="surefire.test.class.path" value="C:\Users\rajkumar06\Desktop\Exit_Test\target\test-classes;C:\Users\rajkumar06\Desktop\Exit_Test\target\classes;C:\Users\rajkumar06\.m2\repository\junit\junit\4.11\junit-4.11.jar;C:\Users\rajkumar06\.m2\repository\org\hamcrest\hamcrest-core\1.3\hamcrest-core-1.3.jar;C:\Users\rajkumar06\.m2\repository\org\testng\testng\7.4.0\testng-7.4.0.jar;C:\Users\rajkumar06\.m2\repository\com\beust\jcommander\1.78\jcommander-1.78.jar;C:\Users\rajkumar06\.m2\repository\org\webjars\jquery\3.5.1\jquery-3.5.1.jar;C:\Users\rajkumar06\.m2\repository\io\cucumber\cucumber-testng\7.9.0\cucumber-testng-7.9.0.jar;C:\Users\rajkumar06\.m2\repository\org\apiguardian\apiguardian-api\1.1.2\apiguardian-api-1.1.2.jar;C:\Users\rajkumar06\.m2\repository\io\cucumber\cucumber-core\7.9.0\cucumber-core-7.9.0.jar;C:\Users\rajkumar06\.m2\repository\io\cucumber\cucumber-gherkin\7.9.0\cucumber-gherkin-7.9.0.jar;C:\Users\rajkumar06\.m2\repository\io\cucumber\cucumber-gherkin-messages\7.9.0\cucumber-gherkin-messages-7.9.0.jar;C:\Users\rajkumar06\.m2\repository\io\cucumber\gherkin\24.1.0\gherkin-24.1.0.jar;C:\Users\rajkumar06\.m2\repository\io\cucumber\messages\19.1.4\messages-19.1.4.jar;C:\Users\rajkumar06\.m2\repository\io\cucumber\tag-expressions\4.1.0\tag-expressions-4.1.0.jar;C:\Users\rajkumar06\.m2\repository\io\cucumber\cucumber-expressions\16.0.0\cucumber-expressions-16.0.0.jar;C:\Users\rajkumar06\.m2\repository\io\cucumber\datatable\7.9.0\datatable-7.9.0.jar;C:\Users\rajkumar06\.m2\repository\io\cucumber\cucumber-plugin\7.9.0\cucumber-plugin-7.9.0.jar;C:\Users\rajkumar06\.m2\repository\io\cucumber\docstring\7.9.0\docstring-7.9.0.jar;C:\Users\rajkumar06\.m2\repository\io\cucumber\html-formatter\20.1.0\html-formatter-20.1.0.jar;C:\Users\rajkumar06\.m2\repository\io\cucumber\ci-environment\9.1.0\ci-environment-9.1.0.jar;C:\Users\rajkumar06\.m2\repository\io\cucumber\cucumber-java\7.9.0\cucumber-java-7.9.0.jar;C:\Users\rajkumar06\.m2\repository\io\cucumber\cucumber-jvm-deps\1.0.6\cucumber-jvm-deps-1.0.6.jar;C:\Users\rajkumar06\.m2\repository\net\masterthought\cucumber-reporting\5.7.4\cucumber-reporting-5.7.4.jar;C:\Users\rajkumar06\.m2\repository\com\fasterxml\jackson\core\jackson-databind\2.13.2.2\jackson-databind-2.13.2.2.jar;C:\Users\rajkumar06\.m2\repository\com\fasterxml\jackson\core\jackson-annotations\2.13.2\jackson-annotations-2.13.2.jar;C:\Users\rajkumar06\.m2\repository\com\fasterxml\jackson\core\jackson-core\2.13.2\jackson-core-2.13.2.jar;C:\Users\rajkumar06\.m2\repository\com\fasterxml\jackson\datatype\jackson-datatype-jsr310\2.13.2\jackson-datatype-jsr310-2.13.2.jar;C:\Users\rajkumar06\.m2\repository\org\apache\velocity\velocity-engine-core\2.3\velocity-engine-core-2.3.jar;C:\Users\rajkumar06\.m2\repository\org\slf4j\slf4j-api\1.7.30\slf4j-api-1.7.30.jar;C:\Users\rajkumar06\.m2\repository\org\apache\commons\commons-collections4\4.4\commons-collections4-4.4.jar;C:\Users\rajkumar06\.m2\repository\joda-time\joda-time\2.10.14\joda-time-2.10.14.jar;C:\Users\rajkumar06\.m2\repository\org\apache\commons\commons-lang3\3.12.0\commons-lang3-3.12.0.jar;C:\Users\rajkumar06\.m2\repository\commons-io\commons-io\2.7\commons-io-2.7.jar;C:\Users\rajkumar06\.m2\repository\org\codehaus\plexus\plexus-utils\3.4.2\plexus-utils-3.4.2.jar;C:\Users\rajkumar06\.m2\repository\org\jsoup\jsoup\1.15.3\jsoup-1.15.3.jar;C:\Users\rajkumar06\.m2\repository\com\google\guava\guava\31.1-jre\guava-31.1-jre.jar;C:\Users\rajkumar06\.m2\repository\com\google\guava\failureaccess\1.0.1\failureaccess-1.0.1.jar;C:\Users\rajkumar06\.m2\repository\com\google\guava\listenablefuture\9999.0-empty-to-avoid-conflict-with-guava\listenablefuture-9999.0-empty-to-avoid-conflict-with-guava.jar;C:\Users\rajkumar06\.m2\repository\com\google\code\findbugs\jsr305\3.0.2\jsr305-3.0.2.jar;C:\Users\rajkumar06\.m2\repository\org\checkerframework\checker-qual\3.12.0\checker-qual-3.12.0.jar;C:\Users\rajkumar06\.m2\repository\com\google\errorprone\error_prone_annotations\2.11.0\error_prone_annotations-2.11.0.jar;C:\Users\rajkumar06\.m2\repository\com\google\j2objc\j2objc-annotations\1.3\j2objc-annotations-1.3.jar;C:\Users\rajkumar06\.m2\repository\com\googlecode\owasp-java-html-sanitizer\owasp-java-html-sanitizer\20211018.2\owasp-java-html-sanitizer-20211018.2.jar;C:\Users\rajkumar06\.m2\repository\commons-configuration\commons-configuration\1.10\commons-configuration-1.10.jar;C:\Users\rajkumar06\.m2\repository\commons-lang\commons-lang\2.6\commons-lang-2.6.jar;C:\Users\rajkumar06\.m2\repository\commons-logging\commons-logging\1.1.1\commons-logging-1.1.1.jar;C:\Users\rajkumar06\.m2\repository\org\apache\logging\log4j\log4j-core\2.19.0\log4j-core-2.19.0.jar;C:\Users\rajkumar06\.m2\repository\org\apache\logging\log4j\log4j-api\2.19.0\log4j-api-2.19.0.jar;C:\Users\rajkumar06\.m2\repository\io\cucumber\cucumber-html\0.2.7\cucumber-html-0.2.7.jar;C:\Users\rajkumar06\.m2\repository\io\appium\java-client\6.1.0\java-client-6.1.0.jar;C:\Users\rajkumar06\.m2\repository\org\seleniumhq\selenium\selenium-java\3.12.0\selenium-java-3.12.0.jar;C:\Users\rajkumar06\.m2\repository\org\seleniumhq\selenium\selenium-chrome-driver\3.12.0\selenium-chrome-driver-3.12.0.jar;C:\Users\rajkumar06\.m2\repository\org\seleniumhq\selenium\selenium-edge-driver\3.12.0\selenium-edge-driver-3.12.0.jar;C:\Users\rajkumar06\.m2\repository\org\seleniumhq\selenium\selenium-firefox-driver\3.12.0\selenium-firefox-driver-3.12.0.jar;C:\Users\rajkumar06\.m2\repository\org\seleniumhq\selenium\selenium-ie-driver\3.12.0\selenium-ie-driver-3.12.0.jar;C:\Users\rajkumar06\.m2\repository\org\seleniumhq\selenium\selenium-opera-driver\3.12.0\selenium-opera-driver-3.12.0.jar;C:\Users\rajkumar06\.m2\repository\org\seleniumhq\selenium\selenium-remote-driver\3.12.0\selenium-remote-driver-3.12.0.jar;C:\Users\rajkumar06\.m2\repository\org\seleniumhq\selenium\selenium-safari-driver\3.12.0\selenium-safari-driver-3.12.0.jar;C:\Users\rajkumar06\.m2\repository\net\bytebuddy\byte-buddy\1.8.3\byte-buddy-1.8.3.jar;C:\Users\rajkumar06\.m2\repository\org\apache\commons\commons-exec\1.3\commons-exec-1.3.jar;C:\Users\rajkumar06\.m2\repository\commons-codec\commons-codec\1.10\commons-codec-1.10.jar;C:\Users\rajkumar06\.m2\repository\org\apache\httpcomponents\httpcore\4.4.6\httpcore-4.4.6.jar;C:\Users\rajkumar06\.m2\repository\com\squareup\okhttp3\okhttp\3.9.1\okhttp-3.9.1.jar;C:\Users\rajkumar06\.m2\repository\com\squareup\okio\okio\1.13.0\okio-1.13.0.jar;C:\Users\rajkumar06\.m2\repository\org\seleniumhq\selenium\selenium-support\3.12.0\selenium-support-3.12.0.jar;C:\Users\rajkumar06\.m2\repository\org\seleniumhq\selenium\selenium-api\3.12.0\selenium-api-3.12.0.jar;C:\Users\rajkumar06\.m2\repository\com\google\code\gson\gson\2.8.4\gson-2.8.4.jar;C:\Users\rajkumar06\.m2\repository\org\apache\httpcomponents\httpclient\4.5.5\httpclient-4.5.5.jar;C:\Users\rajkumar06\.m2\repository\cglib\cglib\3.2.6\cglib-3.2.6.jar;C:\Users\rajkumar06\.m2\repository\org\ow2\asm\asm\6.0\asm-6.0.jar;C:\Users\rajkumar06\.m2\repository\org\apache\ant\ant\1.9.6\ant-1.9.6.jar;C:\Users\rajkumar06\.m2\repository\org\apache\ant\ant-launcher\1.9.6\ant-launcher-1.9.6.jar;C:\Users\rajkumar06\.m2\repository\commons-validator\commons-validator\1.6\commons-validator-1.6.jar;C:\Users\rajkumar06\.m2\repository\commons-beanutils\commons-beanutils\1.9.2\commons-beanutils-1.9.2.jar;C:\Users\rajkumar06\.m2\repository\commons-digester\commons-digester\1.8.1\commons-digester-1.8.1.jar;C:\Users\rajkumar06\.m2\repository\commons-collections\commons-collections\3.2.2\commons-collections-3.2.2.jar;C:\Users\rajkumar06\.m2\repository\org\springframework\spring-context\5.0.5.RELEASE\spring-context-5.0.5.RELEASE.jar;C:\Users\rajkumar06\.m2\repository\org\springframework\spring-aop\5.0.5.RELEASE\spring-aop-5.0.5.RELEASE.jar;C:\Users\rajkumar06\.m2\repository\org\springframework\spring-beans\5.0.5.RELEASE\spring-beans-5.0.5.RELEASE.jar;C:\Users\rajkumar06\.m2\repository\org\springframework\spring-core\5.0.5.RELEASE\spring-core-5.0.5.RELEASE.jar;C:\Users\rajkumar06\.m2\repository\org\springframework\spring-jcl\5.0.5.RELEASE\spring-jcl-5.0.5.RELEASE.jar;C:\Users\rajkumar06\.m2\repository\org\springframework\spring-expression\5.0.5.RELEASE\spring-expression-5.0.5.RELEASE.jar;C:\Users\rajkumar06\.m2\repository\org\aspectj\aspectjweaver\1.9.1\aspectjweaver-1.9.1.jar;C:\Users\rajkumar06\.m2\repository\org\openpnp\opencv\3.2.0-1\opencv-3.2.0-1.jar;C:\Users\rajkumar06\.m2\repository\tech\grasshopper\extentreports-cucumber7-adapter\1.7.0\extentreports-cucumber7-adapter-1.7.0.jar;C:\Users\rajkumar06\.m2\repository\com\aventstack\extentreports\5.0.9\extentreports-5.0.9.jar;C:\Users\rajkumar06\.m2\repository\io\reactivex\rxjava3\rxjava\3.0.4\rxjava-3.0.4.jar;C:\Users\rajkumar06\.m2\repository\org\reactivestreams\reactive-streams\1.0.3\reactive-streams-1.0.3.jar;C:\Users\rajkumar06\.m2\repository\org\freemarker\freemarker\2.3.30\freemarker-2.3.30.jar;C:\Users\rajkumar06\.m2\repository\org\projectlombok\lombok\1.18.12\lombok-1.18.12.jar;C:\Users\rajkumar06\.m2\repository\tech\grasshopper\extent-pdf-report\2.7.0\extent-pdf-report-2.7.0.jar;C:\Users\rajkumar06\.m2\repository\tech\grasshopper\cucumber-pdf-report\2.10.0\cucumber-pdf-report-2.10.0.jar;C:\Users\rajkumar06\.m2\repository\org\apache\pdfbox\pdfbox\2.0.26\pdfbox-2.0.26.jar;C:\Users\rajkumar06\.m2\repository\org\apache\pdfbox\fontbox\2.0.26\fontbox-2.0.26.jar;C:\Users\rajkumar06\.m2\repository\org\knowm\xchart\xchart\3.8.0\xchart-3.8.0.jar;C:\Users\rajkumar06\.m2\repository\de\erichseifert\vectorgraphics2d\VectorGraphics2D\0.13\VectorGraphics2D-0.13.jar;C:\Users\rajkumar06\.m2\repository\de\rototor\pdfbox\graphics2d\0.30\graphics2d-0.30.jar;C:\Users\rajkumar06\.m2\repository\com\madgag\animated-gif-lib\1.4\animated-gif-lib-1.4.jar;C:\Users\rajkumar06\.m2\repository\org\yaml\snakeyaml\1.28\snakeyaml-1.28.jar;C:\Users\rajkumar06\.m2\repository\tech\grasshopper\table-layout\1.5.1\table-layout-1.5.1.jar;C:\Users\rajkumar06\.m2\repository\tech\grasshopper\rest-assured-cucumber-pdf-report\1.4.1\rest-assured-cucumber-pdf-report-1.4.1.jar;C:\Users\rajkumar06\.m2\repository\com\aventstack\klov-reporter\5.0.9\klov-reporter-5.0.9.jar;C:\Users\rajkumar06\.m2\repository\org\mongodb\mongodb-driver\3.6.4\mongodb-driver-3.6.4.jar;C:\Users\rajkumar06\.m2\repository\org\mongodb\mongodb-driver-core\3.6.4\mongodb-driver-core-3.6.4.jar;C:\Users\rajkumar06\.m2\repository\org\mongodb\bson\3.6.4\bson-3.6.4.jar;C:\Users\rajkumar06\.m2\repository\org\apache\httpcomponents\httpmime\4.5.13\httpmime-4.5.13.jar;C:\Users\rajkumar06\.m2\repository\tech\grasshopper\htmlextentreporter\1.0.1\htmlextentreporter-1.0.1.jar;C:\Users\rajkumar06\.m2\repository\org\apache\poi\poi-ooxml\5.2.3\poi-ooxml-5.2.3.jar;C:\Users\rajkumar06\.m2\repository\org\apache\poi\poi\5.2.3\poi-5.2.3.jar;C:\Users\rajkumar06\.m2\repository\org\apache\commons\commons-math3\3.6.1\commons-math3-3.6.1.jar;C:\Users\rajkumar06\.m2\repository\com\zaxxer\SparseBitSet\1.2\SparseBitSet-1.2.jar;C:\Users\rajkumar06\.m2\repository\org\apache\poi\poi-ooxml-lite\5.2.3\poi-ooxml-lite-5.2.3.jar;C:\Users\rajkumar06\.m2\repository\org\apache\xmlbeans\xmlbeans\5.1.1\xmlbeans-5.1.1.jar;C:\Users\rajkumar06\.m2\repository\org\apache\commons\commons-compress\1.21\commons-compress-1.21.jar;C:\Users\rajkumar06\.m2\repository\com\github\virtuald\curvesapi\1.07\curvesapi-1.07.jar;"/>
    <property name="sun.cpu.endian" value="little"/>
    <property name="user.home" value="C:\Users\rajkumar06"/>
    <property name="user.language" value="en"/>
    <property name="java.specification.vendor" value="Oracle Corporation"/>
    <property name="java.version.date" value="2019-10-15"/>
    <property name="java.home" value="C:\Program Files\RedHat\java-11-openjdk-11.0.5-2"/>
    <property name="file.separator" value="\"/>
    <property name="basedir" value="C:\Users\rajkumar06\Desktop\Exit_Test"/>
    <property name="java.vm.compressedOopsMode" value="Zero based"/>
    <property name="line.separator" value="&#10;"/>
    <property name="java.specification.name" value="Java Platform API Specification"/>
    <property name="java.vm.specification.vendor" value="Oracle Corporation"/>
    <property name="java.awt.graphicsenv" value="sun.awt.Win32GraphicsEnvironment"/>
    <property name="surefire.real.class.path" value="C:\Users\RAJKUM~1\AppData\Local\Temp\surefire13300808132108969955\surefirebooter15215279022659809216.jar"/>
    <property name="user.script" value=""/>
    <property name="sun.management.compiler" value="HotSpot 64-Bit Tiered Compilers"/>
    <property name="java.runtime.version" value="11.0.5+10-LTS"/>
    <property name="user.name" value="rajkumar06"/>
    <property name="path.separator" value=";"/>
    <property name="os.version" value="10.0"/>
    <property name="java.runtime.name" value="OpenJDK Runtime Environment"/>
    <property name="file.encoding" value="Cp1252"/>
    <property name="java.vm.name" value="OpenJDK 64-Bit Server VM"/>
    <property name="java.vendor.version" value="18.9"/>
    <property name="localRepository" value="C:\Users\rajkumar06\.m2\repository"/>
    <property name="java.vendor.url.bug" value="http://bugreport.java.com/bugreport/"/>
    <property name="java.io.tmpdir" value="C:\Users\RAJKUM~1\AppData\Local\Temp\"/>
    <property name="java.version" value="11.0.5"/>
    <property name="user.dir" value="C:\Users\rajkumar06\Desktop\Exit_Test"/>
    <property name="os.arch" value="amd64"/>
    <property name="java.vm.specification.name" value="Java Virtual Machine Specification"/>
    <property name="java.awt.printerjob" value="sun.awt.windows.WPrinterJob"/>
    <property name="sun.os.patch.level" value=""/>
    <property name="java.library.path" value="C:\Program Files\RedHat\java-11-openjdk-11.0.5-2\bin;C:\WINDOWS\Sun\Java\bin;C:\WINDOWS\system32;C:\WINDOWS;C:\WINDOWS\system32;C:\WINDOWS;C:\WINDOWS\System32\Wbem;C:\WINDOWS\System32\WindowsPowerShell\v1.0\;C:\WINDOWS\System32\OpenSSH\;C:\Program Files\TortoiseSVN\bin;C:\Program Files\dotnet\;C:\Program Files\Microsoft SQL Server\130\Tools\Binn\;C:\Program Files\Microsoft SQL Server\Client SDK\ODBC\170\Tools\Binn\;%JAVA_HOME%\bin;C:\Program Files\Git\cmd;C:\Program Files\nodejs\;C:\Program Files (x86)\Microsoft SQL Server\150\DTS\Binn\;C:\Program Files\Azure Data Studio\bin;C:\Program Files (x86)\Microsoft SQL Server\140\Tools\Binn\;C:\Program Files\Microsoft SQL Server\140\Tools\Binn\;C:\Program Files (x86)\Microsoft SQL Server\140\DTS\Binn\;C:\Program Files\Microsoft SQL Server\140\DTS\Binn\;C:\Program Files\Microsoft SQL Server\Client SDK\ODBC\130\Tools\Binn\;C:\Program Files\RedHat\java-11-openjdk-11.0.5-2\bin;C:\Program Files\apache-maven-3.8.2-bin\apache-maven-3.8.2\bin;C:\Program Files (x86)\Microsoft SQL Server\150\Tools\Binn\;C:\Program Files\Microsoft SQL Server\150\Tools\Binn\;C:\Program Files\Microsoft SQL Server\150\DTS\Binn\;C:\WINDOWS\system32;C:\WINDOWS;C:\WINDOWS\System32\Wbem;C:\WINDOWS\System32\WindowsPowerShell\v1.0\;C:\WINDOWS\System32\OpenSSH\;C:\Users\rajkumar06\AppData\Local\Programs\Python\Python310\Scripts\;C:\Users\rajkumar06\AppData\Local\Programs\Python\Python310\;C:\Users\rajkumar06\AppData\Local\Microsoft\WindowsApps;C:\Users\rajkumar06\.dotnet\tools;C:\Users\rajkumar06\AppData\Roaming\npm;C:\Program Files\Azure Data Studio\bin;C:\Users\rajkumar06\AppData\Local\Programs\Microsoft VS Code\bin;C:\Program Files\JetBrains\PyCharm Community Edition 2022.1.1\bin;;C:\Users\rajkumar06\AppData\Local\Android\Sdk\platform-tools;;."/>
    <property name="java.vendor" value="Oracle Corporation"/>
    <property name="java.vm.info" value="mixed mode"/>
    <property name="java.vm.version" value="11.0.5+10-LTS"/>
    <property name="sun.io.unicode.encoding" value="UnicodeLittle"/>
    <property name="java.class.version" value="55.0"/>
  </properties>
  <testcase name="runScenario" classname="com.APIDemos.Runner.Run" time="25.154"/>
  <testcase name="runScenario" classname="com.APIDemos.Runner.Run" time="16.245"/>
  <testcase name="runScenario" classname="com.APIDemos.Runner.Run" time="17.006"/>
  <testcase name="runScenario" classname="com.APIDemos.Runner.Run" time="24.348"/>
  <testcase name="runScenario" classname="com.APIDemos.Runner.Run" time="17.087"/>
  <testcase name="runScenario" classname="com.APIDemos.Runner.Run" time="18.521"/>
  <testcase name="runScenario" classname="com.APIDemos.Runner.Run" time="21.543">
    <failure message="expected [(okay -1) Corky!&#10;] but found [(okay -1) Corky!]" type="java.lang.AssertionError">java.lang.AssertionError: 
expected [(okay -1) Corky!
] but found [(okay -1) Corky!]
</failure>
    <system-out><![CDATA[
@FragmentResultsTest
Scenario Outline: user verify the get corky button           # src/test/java/com/APIDemos/feature/Fragmentmenufeature.feature:16
&amp#27;[35m[Appium]&amp#27;[39m Welcome to Appium v1.22.3
&amp#27;[35m[Appium]&amp#27;[39m Appium REST http interface listener started on 0.0.0.0:4723
&amp#27;[35m[HTTP]&amp#27;[39m &amp#27;[37m-->&amp#27;[39m &amp#27;[37mGET&amp#27;[39m &amp#27;[37m/wd/hub/status&amp#27;[39m
&amp#27;[35m[HTTP]&amp#27;[39m &amp#27;[90m{}&amp#27;[39m
[debug] &amp#27;[35m[GENERIC]&amp#27;[39m Calling AppiumDriver.getStatus() with args: []
[debug] &amp#27;[35m[GENERIC]&amp#27;[39m Responding to client with driver.getStatus() result: {"build":{"version":"1.22.3"}}
&amp#27;[35m[HTTP]&amp#27;[39m &amp#27;[37m<-- GET /wd/hub/status &amp#27;[39m&amp#27;[32m200&amp#27;[39m &amp#27;[90m8 ms - 68&amp#27;[39m
srcjavaesourcesTest_ApplicationAPI Demos_4.0_apkcombo.com.apk
&amp#27;[35m[HTTP]&amp#27;[39m &amp#27;[90m&amp#27;[39m
&amp#27;[35m[HTTP]&amp#27;[39m &amp#27;[37m-->&amp#27;[39m &amp#27;[37mPOST&amp#27;[39m &amp#27;[37m/wd/hub/session&amp#27;[39m
&amp#27;[35m[HTTP]&amp#27;[39m &amp#27;[90m{"desiredCapabilities":{"app":"C:\\Users\\rajkumar06\\Desktop\\Exit_Test\\src\\java\\resources\\Test_Application\\API Demos_4.0_apkcombo.com.apk","appActivity":"com.hmh.api.ApiDemos","appPackage":"com.hmh.api","appium-version":"1.15.1","platformVersion":"8.1","platformName":"Android","deviceName":"Android"},"capabilities":{"alwaysMatch":{"appium:app":"C:\\Users\\rajkumar06\\Desktop\\Exit_Test\\src\\java\\resources\\Test_Application\\API Demos_4.0_apkcombo.com.apk","appium:appActivity":"com.hmh.api.ApiDemos","appium:appPackage":"com.hmh.api","appium-version":"1.15.1","appium:deviceName":"Android","platformName":"android","appium:platformVersion":"8.1"},"firstMatch":[{}]}}&amp#27;[39m
[debug] &amp#27;[35m[W3C]&amp#27;[39m Calling AppiumDriver.createSession() with args: [{"app":"C:\\Users\\rajkumar06\\Desktop\\Exit_Test\\src\\java\\resources\\Test_Application\\API Demos_4.0_apkcombo.com.apk","appActivity":"com.hmh.api.ApiDemos","appPackage":"com.hmh.api","appium-version":"1.15.1","platformVersion":"8.1","platformName":"Android","deviceName":"Android"},null,{"alwaysMatch":{"appium:app":"C:\\Users\\rajkumar06\\Desktop\\Exit_Test\\src\\java\\resources\\Test_Application\\API Demos_4.0_apkcombo.com.apk","appium:appActivity":"com.hmh.api.ApiDemos","appium:appPackage":"com.hmh.api","appium-version":"1.15.1","appium:deviceName":"Android","platformName":"android","appium:platformVersion":"8.1"},"firstMatch":[{}]}]
[debug] &amp#27;[35m[BaseDriver]&amp#27;[39m Event 'newSessionRequested' logged at 1675323860373 (13:14:20 GMT+0530 (India Standard Time))
&amp#27;[35m[BaseDriver]&amp#27;[39m The following capabilities are not standard capabilities and should have an extension prefix:
&amp#27;[35m[BaseDriver]&amp#27;[39m   appium-version
&amp#27;[35m[Appium]&amp#27;[39m 
&amp#27;[35m[Appium]&amp#27;[39m ======================================================================
&amp#27;[35m[Appium]&amp#27;[39m   DEPRECATION WARNING:
&amp#27;[35m[Appium]&amp#27;[39m 
&amp#27;[35m[Appium]&amp#27;[39m   The 'automationName' capability was not provided in the desired 
&amp#27;[35m[Appium]&amp#27;[39m   capabilities for this Android session
&amp#27;[35m[Appium]&amp#27;[39m 
&amp#27;[35m[Appium]&amp#27;[39m   Setting 'automationName=UiAutomator2' by default and using the 
&amp#27;[35m[Appium]&amp#27;[39m   UiAutomator2 Driver
&amp#27;[35m[Appium]&amp#27;[39m 
&amp#27;[35m[Appium]&amp#27;[39m   The next major version of Appium (2.x) will **require** the 
&amp#27;[35m[Appium]&amp#27;[39m   'automationName' capability to be set for all sessions on all 
&amp#27;[35m[Appium]&amp#27;[39m   platforms
&amp#27;[35m[Appium]&amp#27;[39m 
&amp#27;[35m[Appium]&amp#27;[39m   In previous versions (Appium <= 1.13.x), the default was 
&amp#27;[35m[Appium]&amp#27;[39m   'automationName=UiAutomator1'
&amp#27;[35m[Appium]&amp#27;[39m 
&amp#27;[35m[Appium]&amp#27;[39m   If you wish to use that automation instead of UiAutomator2, please 
&amp#27;[35m[Appium]&amp#27;[39m   add 'automationName=UiAutomator1' to your desired capabilities
&amp#27;[35m[Appium]&amp#27;[39m 
&amp#27;[35m[Appium]&amp#27;[39m   For more information about drivers, please visit 
&amp#27;[35m[Appium]&amp#27;[39m   http://appium.io/docs/en/about-appium/intro/ and explore the 
&amp#27;[35m[Appium]&amp#27;[39m   'Drivers' menu
&amp#27;[35m[Appium]&amp#27;[39m 
&amp#27;[35m[Appium]&amp#27;[39m ======================================================================
&amp#27;[35m[Appium]&amp#27;[39m 
&amp#27;[35m[Appium]&amp#27;[39m Appium v1.22.3 creating new AndroidUiautomator2Driver (v1.70.1) session
[debug] &amp#27;[35m[BaseDriver]&amp#27;[39m W3C capabilities and MJSONWP desired capabilities were provided
[debug] &amp#27;[35m[BaseDriver]&amp#27;[39m Creating session with W3C capabilities: {
[debug] &amp#27;[35m[BaseDriver]&amp#27;[39m   "alwaysMatch": {
[debug] &amp#27;[35m[BaseDriver]&amp#27;[39m     "appium:appium-version": "1.15.1",
[debug] &amp#27;[35m[BaseDriver]&amp#27;[39m     "platformName": "android",
[debug] &amp#27;[35m[BaseDriver]&amp#27;[39m     "appium:app": "C:\\Users\\rajkumar06\\Desktop\\Exit_Test\\src\\java\\resources\\Test_Application\\API Demos_4.0_apkcombo.com.apk",
[debug] &amp#27;[35m[BaseDriver]&amp#27;[39m     "appium:appActivity": "com.hmh.api.ApiDemos",
[debug] &amp#27;[35m[BaseDriver]&amp#27;[39m     "appium:appPackage": "com.hmh.api",
[debug] &amp#27;[35m[BaseDriver]&amp#27;[39m     "appium:deviceName": "Android",
[debug] &amp#27;[35m[BaseDriver]&amp#27;[39m     "appium:platformVersion": "8.1"
[debug] &amp#27;[35m[BaseDriver]&amp#27;[39m   },
[debug] &amp#27;[35m[BaseDriver]&amp#27;[39m   "firstMatch": [
[debug] &amp#27;[35m[BaseDriver]&amp#27;[39m     {}
[debug] &amp#27;[35m[BaseDriver]&amp#27;[39m   ]
[debug] &amp#27;[35m[BaseDriver]&amp#27;[39m }
&amp#27;[35m[BaseDriver]&amp#27;[39m The following capabilities were provided, but are not recognized by Appium:
&amp#27;[35m[BaseDriver]&amp#27;[39m   appium-version
&amp#27;[35m[BaseDriver]&amp#27;[39m Session created with session id: 075b4ddf-17aa-4311-a1c2-caf4a08d3c2f
&amp#27;[35m[BaseDriver]&amp#27;[39m Using local app 'C:\Users\rajkumar06\Desktop\Exit_Test\src\java\resources\Test_Application\API Demos_4.0_apkcombo.com.apk'
[debug] &amp#27;[35m[UiAutomator2]&amp#27;[39m Checking whether app is actually present
&amp#27;[35m[ADB]&amp#27;[39m Found 1 'build-tools' folders under 'C:\Users\rajkumar06\AppData\Local\Android\Sdk' (newest first):
&amp#27;[35m[ADB]&amp#27;[39m     C:/Users/rajkumar06/AppData/Local/Android/Sdk/build-tools/33.0.0
&amp#27;[35m[ADB]&amp#27;[39m Using 'adb.exe' from 'C:\Users\rajkumar06\AppData\Local\Android\Sdk\platform-tools\adb.exe'
[debug] &amp#27;[35m[ADB]&amp#27;[39m Running 'C:\Users\rajkumar06\AppData\Local\Android\Sdk\platform-tools\adb.exe -P 5037 start-server'
&amp#27;[35m[AndroidDriver]&amp#27;[39m Retrieving device list
[debug] &amp#27;[35m[ADB]&amp#27;[39m Trying to find a connected android device
[debug] &amp#27;[35m[ADB]&amp#27;[39m Getting connected devices
[debug] &amp#27;[35m[ADB]&amp#27;[39m Connected devices: [{"udid":"emulator-5554","state":"device"}]
&amp#27;[35m[AndroidDriver]&amp#27;[39m Looking for a device with Android '8.1.0'
[debug] &amp#27;[35m[ADB]&amp#27;[39m Setting device id to emulator-5554
&amp#27;[35m[ADB]&amp#27;[39m Getting device platform version
[debug] &amp#27;[35m[ADB]&amp#27;[39m Running 'C:\Users\rajkumar06\AppData\Local\Android\Sdk\platform-tools\adb.exe -P 5037 -s emulator-5554 shell getprop ro.build.version.release'
[debug] &amp#27;[35m[ADB]&amp#27;[39m Current device property 'ro.build.version.release': 8.1.0
&amp#27;[35m[AndroidDriver]&amp#27;[39m Using device: emulator-5554
&amp#27;[35m[ADB]&amp#27;[39m Using 'adb.exe' from 'C:\Users\rajkumar06\AppData\Local\Android\Sdk\platform-tools\adb.exe'
[debug] &amp#27;[35m[ADB]&amp#27;[39m Running 'C:\Users\rajkumar06\AppData\Local\Android\Sdk\platform-tools\adb.exe -P 5037 start-server'
[debug] &amp#27;[35m[ADB]&amp#27;[39m Setting device id to emulator-5554
[debug] &amp#27;[35m[ADB]&amp#27;[39m Running 'C:\Users\rajkumar06\AppData\Local\Android\Sdk\platform-tools\adb.exe -P 5037 -s emulator-5554 shell getprop ro.build.version.sdk'
[debug] &amp#27;[35m[ADB]&amp#27;[39m Current device property 'ro.build.version.sdk': 27
[debug] &amp#27;[35m[ADB]&amp#27;[39m Device API level: 27
[debug] &amp#27;[35m[ADB]&amp#27;[39m Running 'C:\Users\rajkumar06\AppData\Local\Android\Sdk\platform-tools\adb.exe -P 5037 -s emulator-5554 wait-for-device'
[debug] &amp#27;[35m[ADB]&amp#27;[39m Running 'C:\Users\rajkumar06\AppData\Local\Android\Sdk\platform-tools\adb.exe -P 5037 -s emulator-5554 shell echo ping'
[debug] &amp#27;[35m[AndroidDriver]&amp#27;[39m Pushing settings apk to device...
[debug] &amp#27;[35m[ADB]&amp#27;[39m Getting install status for io.appium.settings
[debug] &amp#27;[35m[ADB]&amp#27;[39m Running 'C:\Users\rajkumar06\AppData\Local\Android\Sdk\platform-tools\adb.exe -P 5037 -s emulator-5554 shell dumpsys package io.appium.settings'
[debug] &amp#27;[35m[ADB]&amp#27;[39m 'io.appium.settings' is installed
[debug] &amp#27;[35m[ADB]&amp#27;[39m Getting package info for 'io.appium.settings'
[debug] &amp#27;[35m[ADB]&amp#27;[39m Running 'C:\Users\rajkumar06\AppData\Local\Android\Sdk\platform-tools\adb.exe -P 5037 -s emulator-5554 shell dumpsys package io.appium.settings'
[debug] &amp#27;[35m[ADB]&amp#27;[39m The version name of the installed 'io.appium.settings' is greater or equal to the application version name ('3.4.0' >= '3.4.0')
[debug] &amp#27;[35m[ADB]&amp#27;[39m There is no need to install/upgrade 'C:\Users\rajkumar06\AppData\Roaming\npm\node_modules\appium\node_modules\io.appium.settings\apks\settings_apk-debug.apk'
[debug] &amp#27;[35m[ADB]&amp#27;[39m Getting IDs of all 'io.appium.settings' processes
[debug] &amp#27;[35m[ADB]&amp#27;[39m Running 'C:\Users\rajkumar06\AppData\Local\Android\Sdk\platform-tools\adb.exe -P 5037 -s emulator-5554 shell 'pgrep --help; echo $?''
[debug] &amp#27;[35m[ADB]&amp#27;[39m Running 'C:\Users\rajkumar06\AppData\Local\Android\Sdk\platform-tools\adb.exe -P 5037 -s emulator-5554 shell pgrep -f \(\[\[:blank:\]\]\|\^\)io\.appium\.settings\(\[\[:blank:\]\]\|\$\)'
[debug] &amp#27;[35m[AndroidDriver]&amp#27;[39m io.appium.settings is already running. There is no need to reset its permissions.
[debug] &amp#27;[35m[Logcat]&amp#27;[39m Starting logs capture with command: C:\\Users\\rajkumar06\\AppData\\Local\\Android\\Sdk\\platform-tools\\adb.exe -P 5037 -s emulator-5554 logcat -v threadtime
[debug] &amp#27;[35m[UiAutomator2]&amp#27;[39m Forwarding UiAutomator2 Server port 6790 to local port 8201
[debug] &amp#27;[35m[ADB]&amp#27;[39m Forwarding system: 8201 to device: 6790
[debug] &amp#27;[35m[ADB]&amp#27;[39m Running 'C:\Users\rajkumar06\AppData\Local\Android\Sdk\platform-tools\adb.exe -P 5037 -s emulator-5554 forward tcp:8201 tcp:6790'
[debug] &amp#27;[35m[ADB]&amp#27;[39m Getting install status for io.appium.uiautomator2.server
[debug] &amp#27;[35m[ADB]&amp#27;[39m Running 'C:\Users\rajkumar06\AppData\Local\Android\Sdk\platform-tools\adb.exe -P 5037 -s emulator-5554 shell dumpsys package io.appium.uiautomator2.server'
[debug] &amp#27;[35m[ADB]&amp#27;[39m 'io.appium.uiautomator2.server' is installed
[debug] &amp#27;[35m[ADB]&amp#27;[39m Getting package info for 'io.appium.uiautomator2.server'
[debug] &amp#27;[35m[ADB]&amp#27;[39m Running 'C:\Users\rajkumar06\AppData\Local\Android\Sdk\platform-tools\adb.exe -P 5037 -s emulator-5554 shell dumpsys package io.appium.uiautomator2.server'
[debug] &amp#27;[35m[ADB]&amp#27;[39m The version name of the installed 'io.appium.uiautomator2.server' is greater or equal to the application version name ('4.27.0' >= '4.27.0')
[debug] &amp#27;[35m[UiAutomator2]&amp#27;[39m io.appium.uiautomator2.server installation state: sameVersionInstalled
[debug] &amp#27;[35m[ADB]&amp#27;[39m Checking app cert for C:\Users\rajkumar06\AppData\Roaming\npm\node_modules\appium\node_modules\appium-uiautomator2-server\apks\appium-uiautomator2-server-v4.27.0.apk
&amp#27;[35m[ADB]&amp#27;[39m Using 'apksigner.jar' from 'C:\Users\rajkumar06\AppData\Local\Android\Sdk\build-tools\33.0.0\lib\apksigner.jar'
[debug] &amp#27;[35m[ADB]&amp#27;[39m Starting apksigner: 'C:\\Program Files\\RedHat\\java-11-openjdk-11.0.5-2\\bin\\java.exe' -Xmx1024M -Xss1m -jar C:\\Users\\rajkumar06\\AppData\\Local\\Android\\Sdk\\build-tools\\33.0.0\\lib\\apksigner.jar verify --print-certs C:\\Users\\rajkumar06\\AppData\\Roaming\\npm\\node_modules\\appium\\node_modules\\appium-uiautomator2-server\\apks\\appium-uiautomator2-server-v4.27.0.apk
[debug] &amp#27;[35m[ADB]&amp#27;[39m apksigner stdout: Signer #1 certificate DN: EMAILADDRESS=android@android.com, CN=Android, OU=Android, O=Android, L=Mountain View, ST=California, C=US
[debug] &amp#27;[35m[ADB]&amp#27;[39m Signer #1 certificate SHA-256 digest: a40da80a59d170caa950cf15c18c454d47a39b26989d8b640ecd745ba71bf5dc
[debug] &amp#27;[35m[ADB]&amp#27;[39m Signer #1 certificate SHA-1 digest: 61ed377e85d386a8dfee6b864bd85b0bfaa5af81
[debug] &amp#27;[35m[ADB]&amp#27;[39m Signer #1 certificate MD5 digest: e89b158e4bcf988ebd09eb83f5378e87
[debug] &amp#27;[35m[ADB]&amp#27;[39m 
[debug] &amp#27;[35m[ADB]&amp#27;[39m sha256 hash did match for 'appium-uiautomator2-server-v4.27.0.apk'
&amp#27;[35m[ADB]&amp#27;[39m 'C:\Users\rajkumar06\AppData\Roaming\npm\node_modules\appium\node_modules\appium-uiautomator2-server\apks\appium-uiautomator2-server-v4.27.0.apk' is signed with the default certificate
[debug] &amp#27;[35m[ADB]&amp#27;[39m Getting install status for io.appium.uiautomator2.server.test
[debug] &amp#27;[35m[ADB]&amp#27;[39m Running 'C:\Users\rajkumar06\AppData\Local\Android\Sdk\platform-tools\adb.exe -P 5037 -s emulator-5554 shell dumpsys package io.appium.uiautomator2.server.test'
[debug] &amp#27;[35m[ADB]&amp#27;[39m 'io.appium.uiautomator2.server.test' is installed
[debug] &amp#27;[35m[ADB]&amp#27;[39m Checking app cert for C:\Users\rajkumar06\AppData\Roaming\npm\node_modules\appium\node_modules\appium-uiautomator2-server\apks\appium-uiautomator2-server-debug-androidTest.apk
[debug] &amp#27;[35m[ADB]&amp#27;[39m Starting apksigner: 'C:\\Program Files\\RedHat\\java-11-openjdk-11.0.5-2\\bin\\java.exe' -Xmx1024M -Xss1m -jar C:\\Users\\rajkumar06\\AppData\\Local\\Android\\Sdk\\build-tools\\33.0.0\\lib\\apksigner.jar verify --print-certs C:\\Users\\rajkumar06\\AppData\\Roaming\\npm\\node_modules\\appium\\node_modules\\appium-uiautomator2-server\\apks\\appium-uiautomator2-server-debug-androidTest.apk
[debug] &amp#27;[35m[ADB]&amp#27;[39m apksigner stdout: Signer #1 certificate DN: EMAILADDRESS=android@android.com, CN=Android, OU=Android, O=Android, L=Mountain View, ST=California, C=US
[debug] &amp#27;[35m[ADB]&amp#27;[39m Signer #1 certificate SHA-256 digest: a40da80a59d170caa950cf15c18c454d47a39b26989d8b640ecd745ba71bf5dc
[debug] &amp#27;[35m[ADB]&amp#27;[39m Signer #1 certificate SHA-1 digest: 61ed377e85d386a8dfee6b864bd85b0bfaa5af81
[debug] &amp#27;[35m[ADB]&amp#27;[39m Signer #1 certificate MD5 digest: e89b158e4bcf988ebd09eb83f5378e87
[debug] &amp#27;[35m[ADB]&amp#27;[39m 
[debug] &amp#27;[35m[ADB]&amp#27;[39m sha256 hash did match for 'appium-uiautomator2-server-debug-androidTest.apk'
&amp#27;[35m[ADB]&amp#27;[39m 'C:\Users\rajkumar06\AppData\Roaming\npm\node_modules\appium\node_modules\appium-uiautomator2-server\apks\appium-uiautomator2-server-debug-androidTest.apk' is signed with the default certificate
&amp#27;[35m[UiAutomator2]&amp#27;[39m Server packages are not going to be (re)installed
[debug] &amp#27;[35m[UiAutomator2]&amp#27;[39m Waiting up to 30000ms for services to be available
[debug] &amp#27;[35m[ADB]&amp#27;[39m Running 'C:\Users\rajkumar06\AppData\Local\Android\Sdk\platform-tools\adb.exe -P 5037 -s emulator-5554 shell pm list instrumentation'
[debug] &amp#27;[35m[UiAutomator2]&amp#27;[39m Instrumentation target 'io.appium.uiautomator2.server.test/androidx.test.runner.AndroidJUnitRunner' is available
&amp#27;[35m[ADB]&amp#27;[39m Adding packages ["io.appium.settings","io.appium.uiautomator2.server","io.appium.uiautomator2.server.test"] to Doze whitelist
[debug] &amp#27;[35m[ADB]&amp#27;[39m Got the following command chunks to execute: [["dumpsys","deviceidle","whitelist","+io.appium.settings",";","dumpsys","deviceidle","whitelist","+io.appium.uiautomator2.server",";","dumpsys","deviceidle","whitelist","+io.appium.uiautomator2.server.test",";"]]
[debug] &amp#27;[35m[ADB]&amp#27;[39m Running 'C:\Users\rajkumar06\AppData\Local\Android\Sdk\platform-tools\adb.exe -P 5037 -s emulator-5554 shell dumpsys deviceidle whitelist +io.appium.settings ; dumpsys deviceidle whitelist +io.appium.uiautomator2.server ; dumpsys deviceidle whitelist +io.appium.uiautomator2.server.test ;'
[debug] &amp#27;[35m[ADB]&amp#27;[39m Checking app cert for C:\Users\rajkumar06\Desktop\Exit_Test\src\java\resources\Test_Application\API Demos_4.0_apkcombo.com.apk
[debug] &amp#27;[35m[ADB]&amp#27;[39m Starting apksigner: 'C:\\Program Files\\RedHat\\java-11-openjdk-11.0.5-2\\bin\\java.exe' -Xmx1024M -Xss1m -jar C:\\Users\\rajkumar06\\AppData\\Local\\Android\\Sdk\\build-tools\\33.0.0\\lib\\apksigner.jar verify --print-certs 'C:\\Users\\rajkumar06\\Desktop\\Exit_Test\\src\\java\\resources\\Test_Application\\API Demos_4.0_apkcombo.com.apk'
[debug] &amp#27;[35m[ADB]&amp#27;[39m apksigner stdout: Signer #1 certificate DN: EMAILADDRESS=android@android.com, CN=Android, OU=Android, O=Android, L=Mountain View, ST=California, C=US
[debug] &amp#27;[35m[ADB]&amp#27;[39m Signer #1 certificate SHA-256 digest: a40da80a59d170caa950cf15c18c454d47a39b26989d8b640ecd745ba71bf5dc
[debug] &amp#27;[35m[ADB]&amp#27;[39m Signer #1 certificate SHA-1 digest: 61ed377e85d386a8dfee6b864bd85b0bfaa5af81
[debug] &amp#27;[35m[ADB]&amp#27;[39m Signer #1 certificate MD5 digest: e89b158e4bcf988ebd09eb83f5378e87
[debug] &amp#27;[35m[ADB]&amp#27;[39m 
[debug] &amp#27;[35m[ADB]&amp#27;[39m sha256 hash did match for 'API Demos_4.0_apkcombo.com.apk'
&amp#27;[35m[ADB]&amp#27;[39m 'C:\Users\rajkumar06\Desktop\Exit_Test\src\java\resources\Test_Application\API Demos_4.0_apkcombo.com.apk' is signed with the default certificate
[debug] &amp#27;[35m[ADB]&amp#27;[39m Getting install status for com.hmh.api
[debug] &amp#27;[35m[ADB]&amp#27;[39m Running 'C:\Users\rajkumar06\AppData\Local\Android\Sdk\platform-tools\adb.exe -P 5037 -s emulator-5554 shell dumpsys package com.hmh.api'
[debug] &amp#27;[35m[ADB]&amp#27;[39m 'com.hmh.api' is installed
[debug] &amp#27;[35m[ADB]&amp#27;[39m Getting package info for 'com.hmh.api'
[debug] &amp#27;[35m[ADB]&amp#27;[39m Running 'C:\Users\rajkumar06\AppData\Local\Android\Sdk\platform-tools\adb.exe -P 5037 -s emulator-5554 shell dumpsys package com.hmh.api'
[debug] &amp#27;[35m[ADB]&amp#27;[39m The version name of the installed 'com.hmh.api' is greater or equal to the application version name ('4.0.0' >= '4.0.0')
[debug] &amp#27;[35m[ADB]&amp#27;[39m There is no need to install/upgrade 'C:\Users\rajkumar06\Desktop\Exit_Test\src\java\resources\Test_Application\API Demos_4.0_apkcombo.com.apk'
&amp#27;[35m[AndroidDriver]&amp#27;[39m Performing fast reset on 'com.hmh.api'
[debug] &amp#27;[35m[ADB]&amp#27;[39m Getting install status for com.hmh.api
[debug] &amp#27;[35m[ADB]&amp#27;[39m Running 'C:\Users\rajkumar06\AppData\Local\Android\Sdk\platform-tools\adb.exe -P 5037 -s emulator-5554 shell dumpsys package com.hmh.api'
[debug] &amp#27;[35m[ADB]&amp#27;[39m 'com.hmh.api' is installed
[debug] &amp#27;[35m[ADB]&amp#27;[39m Running 'C:\Users\rajkumar06\AppData\Local\Android\Sdk\platform-tools\adb.exe -P 5037 -s emulator-5554 shell am force-stop com.hmh.api'
[debug] &amp#27;[35m[ADB]&amp#27;[39m Running 'C:\Users\rajkumar06\AppData\Local\Android\Sdk\platform-tools\adb.exe -P 5037 -s emulator-5554 shell pm clear com.hmh.api'
[debug] &amp#27;[35m[AndroidDriver]&amp#27;[39m Performed fast reset on the installed 'com.hmh.api' application (stop and clear)
[debug] &amp#27;[35m[UiAutomator2]&amp#27;[39m Performing shallow cleanup of automation leftovers
[debug] &amp#27;[35m[UiAutomator2]&amp#27;[39m No obsolete sessions have been detected (socket hang up)
[debug] &amp#27;[35m[ADB]&amp#27;[39m Running 'C:\Users\rajkumar06\AppData\Local\Android\Sdk\platform-tools\adb.exe -P 5037 -s emulator-5554 shell am force-stop io.appium.uiautomator2.server.test'
&amp#27;[35m[UiAutomator2]&amp#27;[39m Starting UIAutomator2 server 4.27.0
&amp#27;[35m[UiAutomator2]&amp#27;[39m Using UIAutomator2 server from 'C:\Users\rajkumar06\AppData\Roaming\npm\node_modules\appium\node_modules\appium-uiautomator2-server\apks\appium-uiautomator2-server-v4.27.0.apk' and test from 'C:\Users\rajkumar06\AppData\Roaming\npm\node_modules\appium\node_modules\appium-uiautomator2-server\apks\appium-uiautomator2-server-debug-androidTest.apk'
&amp#27;[35m[UiAutomator2]&amp#27;[39m Waiting up to 30000ms for UiAutomator2 to be online...
[debug] &amp#27;[35m[ADB]&amp#27;[39m Creating ADB subprocess with args: ["-P",5037,"-s","emulator-5554","shell","am","instrument","-w","-e","disableAnalytics",true,"io.appium.uiautomator2.server.test/androidx.test.runner.AndroidJUnitRunner"]
[debug] &amp#27;[35m[WD Proxy]&amp#27;[39m Matched '/status' to command name 'getStatus'
[debug] &amp#27;[35m[WD Proxy]&amp#27;[39m Proxying [GET /status] to [GET http://127.0.0.1:8201/wd/hub/status] with no body
&amp#27;[35m[WD Proxy]&amp#27;[39m socket hang up
[debug] &amp#27;[35m[Instrumentation]&amp#27;[39m io.appium.uiautomator2.server.test.AppiumUiAutomator2Server:
[debug] &amp#27;[35m[WD Proxy]&amp#27;[39m Matched '/status' to command name 'getStatus'
[debug] &amp#27;[35m[WD Proxy]&amp#27;[39m Proxying [GET /status] to [GET http://127.0.0.1:8201/wd/hub/status] with no body
&amp#27;[35m[WD Proxy]&amp#27;[39m socket hang up
[debug] &amp#27;[35m[WD Proxy]&amp#27;[39m Matched '/status' to command name 'getStatus'
[debug] &amp#27;[35m[WD Proxy]&amp#27;[39m Proxying [GET /status] to [GET http://127.0.0.1:8201/wd/hub/status] with no body
[debug] &amp#27;[35m[WD Proxy]&amp#27;[39m Got response with status 200: {"sessionId":"None","value":{"message":"UiAutomator2 Server is ready to accept commands","ready":true}}
[debug] &amp#27;[35m[UiAutomator2]&amp#27;[39m The initialization of the instrumentation process took 2199ms
[debug] &amp#27;[35m[WD Proxy]&amp#27;[39m Matched '/session' to command name 'createSession'
[debug] &amp#27;[35m[WD Proxy]&amp#27;[39m Proxying [POST /session] to [POST http://127.0.0.1:8201/wd/hub/session] with body: {"capabilities":{"firstMatch":[{"platform":"LINUX","webStorageEnabled":false,"takesScreenshot":true,"javascriptEnabled":true,"databaseEnabled":false,"networkConnectionEnabled":true,"locationContextEnabled":false,"warnings":{},"desired":{"platformName":"android","appium-version":"1.15.1","app":"C:\\Users\\rajkumar06\\Desktop\\Exit_Test\\src\\java\\resources\\Test_Application\\API Demos_4.0_apkcombo.com.apk","appActivity":"com.hmh.api.ApiDemos","appPackage":"com.hmh.api","deviceName":"Android","platformVersion":"8.1"},"platformName":"android","appium-version":"1.15.1","app":"C:\\Users\\rajkumar06\\Desktop\\Exit_Test\\src\\java\\resources\\Test_Application\\API Demos_4.0_apkcombo.com.apk","appActivity":"com.hmh.api.ApiDemos","appPackage":"com.hmh.api","deviceName":"emulator-5554","platformVersion":"8.1","deviceUDID":"emulator-5554"}],"alwaysMatch":{}}}
[debug] &amp#27;[35m[WD Proxy]&amp#27;[39m Got response with status 200: {"sessionId":"196d8edb-927c-48ad-acf0-30824bb73c01","value":{"capabilities":{"firstMatch":[{"platform":"LINUX","webStorageEnabled":false,"takesScreenshot":true,"javascriptEnabled":true,"databaseEnabled":false,"networkConnectionEnabled":true,"locationContextEnabled":false,"warnings":{},"desired":{"platformName":"android","appium-version":"1.15.1","app":"C:\\Users\\rajkumar06\\Desktop\\Exit_Test\\src\\java\\resources\\Test_Application\\API Demos_4.0_apkcombo.com.apk","appActivity":"com.hmh.api.ApiDemos","appPackage":"com.hmh.api","deviceName":"Android","platformVersion":"8.1"},"platformName":"android","appium-version":"1.15.1","app":"C:\\Users\\rajkumar06\\Desktop\\Exit_Test\\src\\java\\resources\\Test_Application\\API Demos_4.0_apkcombo.com.apk","appActivity":"com.hmh.api.ApiDemos","appPackage":"com.hmh.api","deviceName":"emulator-5554","platformVersion":"8.1","deviceUDID":"emulator-5554"}],"alwaysMatch":{}},"sessionId":"196d8edb-927c-48ad-acf0-30824bb73c01"}}
&amp#27;[35m[WD Proxy]&amp#27;[39m Determined the downstream protocol as 'W3C'
[debug] &amp#27;[35m[WD Proxy]&amp#27;[39m Proxying [GET /appium/device/info] to [GET http://127.0.0.1:8201/wd/hub/session/196d8edb-927c-48ad-acf0-30824bb73c01/appium/device/info] with no body
[debug] &amp#27;[35m[WD Proxy]&amp#27;[39m Got response with status 200: {"sessionId":"196d8edb-927c-48ad-acf0-30824bb73c01","value":{"androidId":"ab8e4daf2a9497ac","apiVersion":"27","bluetooth":null,"brand":"google","carrierName":"Android","displayDensity":440,"locale":"en_US","manufacturer":"Google","model":"Android SDK built for x86","networks":[{"capabilities":{"SSID":null,"linkDownBandwidthKbps":102400,"linkUpstreamBandwidthKbps":51200,"networkCapabilities":"NET_CAPABILITY_MMS,NET_CAPABILITY_SUPL,NET_CAPABILITY_DUN,NET_CAPABILITY_FOTA,NET_CAPABILITY_IMS,NET_CAPABILITY_CBS,NET_CAPABILITY_IA,NET_CAPABILITY_INTERNET,NET_CAPABILITY_NOT_RESTRICTED,NET_CAPABILITY_TRUSTED,NET_CAPABILITY_NOT_VPN,NET_CAPABILITY_VALIDATED","signalStrength":-2147483648,"transportTypes":"TRANSPORT_CELLULAR"},"detailedState":"CONNECTED","extraInfo":"epc.tmobile.com","isAvailable":true,"isConnected":true,"isFailover":false,"isRoaming":false,"state":"CONNECTED","subtype":13,"subtypeName":"LTE","type":0,"typeName":"MOBILE"},{"capabilities":{"SSID":null,"linkDownBandwidthKbps":1048576,"linkUpstreamBandwidt...
[debug] &amp#27;[35m[ADB]&amp#27;[39m Running 'C:\Users\rajkumar06\AppData\Local\Android\Sdk\platform-tools\adb.exe -P 5037 -s emulator-5554 shell dumpsys window'
&amp#27;[35m[AndroidDriver]&amp#27;[39m Screen already unlocked, doing nothing
&amp#27;[35m[UiAutomator2]&amp#27;[39m Starting 'com.hmh.api/com.hmh.api.ApiDemos and waiting for 'com.hmh.api/com.hmh.api.ApiDemos'
[debug] &amp#27;[35m[ADB]&amp#27;[39m Running 'C:\Users\rajkumar06\AppData\Local\Android\Sdk\platform-tools\adb.exe -P 5037 -s emulator-5554 shell am start -W -n com.hmh.api/com.hmh.api.ApiDemos -S -a android.intent.action.MAIN -c android.intent.category.LAUNCHER -f 0x10200000'
[debug] &amp#27;[35m[WD Proxy]&amp#27;[39m Proxying [GET /appium/device/pixel_ratio] to [GET http://127.0.0.1:8201/wd/hub/session/196d8edb-927c-48ad-acf0-30824bb73c01/appium/device/pixel_ratio] with no body
[debug] &amp#27;[35m[WD Proxy]&amp#27;[39m Got response with status 200: {"sessionId":"196d8edb-927c-48ad-acf0-30824bb73c01","value":2.75}
[debug] &amp#27;[35m[WD Proxy]&amp#27;[39m Matched '/appium/device/system_bars' to command name 'getSystemBars'
[debug] &amp#27;[35m[WD Proxy]&amp#27;[39m Proxying [GET /appium/device/system_bars] to [GET http://127.0.0.1:8201/wd/hub/session/196d8edb-927c-48ad-acf0-30824bb73c01/appium/device/system_bars] with no body
[debug] &amp#27;[35m[WD Proxy]&amp#27;[39m Got response with status 200: {"sessionId":"196d8edb-927c-48ad-acf0-30824bb73c01","value":{"statusBar":66}}
[debug] &amp#27;[35m[WD Proxy]&amp#27;[39m Matched '/window/current/size' to command name 'getWindowSize'
[debug] &amp#27;[35m[WD Proxy]&amp#27;[39m Proxying [GET /window/current/size] to [GET http://127.0.0.1:8201/wd/hub/session/196d8edb-927c-48ad-acf0-30824bb73c01/window/current/size] with no body
[debug] &amp#27;[35m[WD Proxy]&amp#27;[39m Got response with status 200: {"sessionId":"196d8edb-927c-48ad-acf0-30824bb73c01","value":{"height":2208,"width":1080}}
&amp#27;[35m[Appium]&amp#27;[39m New AndroidUiautomator2Driver session created successfully, session 075b4ddf-17aa-4311-a1c2-caf4a08d3c2f added to master session list
[debug] &amp#27;[35m[BaseDriver]&amp#27;[39m Event 'newSessionStarted' logged at 1675323868619 (13:14:28 GMT+0530 (India Standard Time))
[debug] &amp#27;[35m[W3C (075b4ddf)]&amp#27;[39m Cached the protocol value 'W3C' for the new session 075b4ddf-17aa-4311-a1c2-caf4a08d3c2f
[debug] &amp#27;[35m[W3C (075b4ddf)]&amp#27;[39m Responding to client with driver.createSession() result: {"capabilities":{"platform":"LINUX","webStorageEnabled":false,"takesScreenshot":true,"javascriptEnabled":true,"databaseEnabled":false,"networkConnectionEnabled":true,"locationContextEnabled":false,"warnings":{},"desired":{"platformName":"android","appium-version":"1.15.1","app":"C:\\Users\\rajkumar06\\Desktop\\Exit_Test\\src\\java\\resources\\Test_Application\\API Demos_4.0_apkcombo.com.apk","appActivity":"com.hmh.api.ApiDemos","appPackage":"com.hmh.api","deviceName":"Android","platformVersion":"8.1"},"platformName":"android","appium-version":"1.15.1","app":"C:\\Users\\rajkumar06\\Desktop\\Exit_Test\\src\\java\\resources\\Test_Application\\API Demos_4.0_apkcombo.com.apk","appActivity":"com.hmh.api.ApiDemos","appPackage":"com.hmh.api","deviceName":"emulator-5554","platformVersion":"8.1.0","deviceUDID":"emulator-5554","deviceApiLevel":27,"deviceScreenSize":"1080x2340","deviceScreenDensity":440,"deviceModel":"Android SDK built for x86","deviceManufacturer":"Google","pixelRatio":2.75,"statBarHeight":66,"viewpo...
&amp#27;[35m[HTTP]&amp#27;[39m &amp#27;[37m<-- POST /wd/hub/session &amp#27;[39m&amp#27;[32m200&amp#27;[39m &amp#27;[90m8254 ms - 1138&amp#27;[39m
&amp#27;[35m[HTTP]&amp#27;[39m &amp#27;[90m&amp#27;[39m
&amp#27;[35m[HTTP]&amp#27;[39m &amp#27;[37m-->&amp#27;[39m &amp#27;[37mGET&amp#27;[39m &amp#27;[37m/wd/hub/session/075b4ddf-17aa-4311-a1c2-caf4a08d3c2f&amp#27;[39m
&amp#27;[35m[HTTP]&amp#27;[39m &amp#27;[90m{}&amp#27;[39m
[debug] &amp#27;[35m[W3C (075b4ddf)]&amp#27;[39m Calling AppiumDriver.getSession() with args: ["075b4ddf-17aa-4311-a1c2-caf4a08d3c2f"]
[debug] &amp#27;[35m[UiAutomator2]&amp#27;[39m Getting session details from server to mix in
[debug] &amp#27;[35m[WD Proxy]&amp#27;[39m Matched '/' to command name 'getSession'
[debug] &amp#27;[35m[WD Proxy]&amp#27;[39m Proxying [GET /] to [GET http://127.0.0.1:8201/wd/hub/session/196d8edb-927c-48ad-acf0-30824bb73c01] with no body
[debug] &amp#27;[35m[WD Proxy]&amp#27;[39m Got response with status 200: {"sessionId":"196d8edb-927c-48ad-acf0-30824bb73c01","value":{"lastScrollData":null}}
[debug] &amp#27;[35m[W3C (075b4ddf)]&amp#27;[39m Responding to client with driver.getSession() result: {"platform":"LINUX","webStorageEnabled":false,"takesScreenshot":true,"javascriptEnabled":true,"databaseEnabled":false,"networkConnectionEnabled":true,"locationContextEnabled":false,"warnings":{},"desired":{"platformName":"android","appium-version":"1.15.1","app":"C:\\Users\\rajkumar06\\Desktop\\Exit_Test\\src\\java\\resources\\Test_Application\\API Demos_4.0_apkcombo.com.apk","appActivity":"com.hmh.api.ApiDemos","appPackage":"com.hmh.api","deviceName":"Android","platformVersion":"8.1"},"platformName":"android","appium-version":"1.15.1","app":"C:\\Users\\rajkumar06\\Desktop\\Exit_Test\\src\\java\\resources\\Test_Application\\API Demos_4.0_apkcombo.com.apk","appActivity":"com.hmh.api.ApiDemos","appPackage":"com.hmh.api","deviceName":"emulator-5554","platformVersion":"8.1.0","deviceUDID":"emulator-5554","deviceApiLevel":27,"deviceScreenSize":"1080x2340","deviceScreenDensity":440,"deviceModel":"Android SDK built for x86","deviceManufacturer":"Google","pixelRatio":2.75,"statBarHeight":66,"viewportRect":{"left":...
&amp#27;[35m[HTTP]&amp#27;[39m &amp#27;[37m<-- GET /wd/hub/session/075b4ddf-17aa-4311-a1c2-caf4a08d3c2f &amp#27;[39m&amp#27;[32m200&amp#27;[39m &amp#27;[90m20 ms - 1092&amp#27;[39m
&amp#27;[35m[HTTP]&amp#27;[39m &amp#27;[90m&amp#27;[39m
&amp#27;[35m[HTTP]&amp#27;[39m &amp#27;[37m-->&amp#27;[39m &amp#27;[37mGET&amp#27;[39m &amp#27;[37m/wd/hub/session/075b4ddf-17aa-4311-a1c2-caf4a08d3c2f&amp#27;[39m
&amp#27;[35m[HTTP]&amp#27;[39m &amp#27;[90m{}&amp#27;[39m
[debug] &amp#27;[35m[W3C (075b4ddf)]&amp#27;[39m Calling AppiumDriver.getSession() with args: ["075b4ddf-17aa-4311-a1c2-caf4a08d3c2f"]
[debug] &amp#27;[35m[UiAutomator2]&amp#27;[39m Getting session details from server to mix in
[debug] &amp#27;[35m[WD Proxy]&amp#27;[39m Matched '/' to command name 'getSession'
[debug] &amp#27;[35m[WD Proxy]&amp#27;[39m Proxying [GET /] to [GET http://127.0.0.1:8201/wd/hub/session/196d8edb-927c-48ad-acf0-30824bb73c01] with no body
[debug] &amp#27;[35m[WD Proxy]&amp#27;[39m Got response with status 200: {"sessionId":"196d8edb-927c-48ad-acf0-30824bb73c01","value":{"lastScrollData":null}}
[debug] &amp#27;[35m[W3C (075b4ddf)]&amp#27;[39m Responding to client with driver.getSession() result: {"platform":"LINUX","webStorageEnabled":false,"takesScreenshot":true,"javascriptEnabled":true,"databaseEnabled":false,"networkConnectionEnabled":true,"locationContextEnabled":false,"warnings":{},"desired":{"platformName":"android","appium-version":"1.15.1","app":"C:\\Users\\rajkumar06\\Desktop\\Exit_Test\\src\\java\\resources\\Test_Application\\API Demos_4.0_apkcombo.com.apk","appActivity":"com.hmh.api.ApiDemos","appPackage":"com.hmh.api","deviceName":"Android","platformVersion":"8.1"},"platformName":"android","appium-version":"1.15.1","app":"C:\\Users\\rajkumar06\\Desktop\\Exit_Test\\src\\java\\resources\\Test_Application\\API Demos_4.0_apkcombo.com.apk","appActivity":"com.hmh.api.ApiDemos","appPackage":"com.hmh.api","deviceName":"emulator-5554","platformVersion":"8.1.0","deviceUDID":"emulator-5554","deviceApiLevel":27,"deviceScreenSize":"1080x2340","deviceScreenDensity":440,"deviceModel":"Android SDK built for x86","deviceManufacturer":"Google","pixelRatio":2.75,"statBarHeight":66,"viewportRect":{"left":...
&amp#27;[35m[HTTP]&amp#27;[39m &amp#27;[37m<-- GET /wd/hub/session/075b4ddf-17aa-4311-a1c2-caf4a08d3c2f &amp#27;[39m&amp#27;[32m200&amp#27;[39m &amp#27;[90m17 ms - 1092&amp#27;[39m
&amp#27;[35m[HTTP]&amp#27;[39m &amp#27;[90m&amp#27;[39m
&amp#27;[35m[HTTP]&amp#27;[39m &amp#27;[37m-->&amp#27;[39m &amp#27;[37mGET&amp#27;[39m &amp#27;[37m/wd/hub/session/075b4ddf-17aa-4311-a1c2-caf4a08d3c2f&amp#27;[39m
&amp#27;[35m[HTTP]&amp#27;[39m &amp#27;[90m{}&amp#27;[39m
[debug] &amp#27;[35m[W3C (075b4ddf)]&amp#27;[39m Calling AppiumDriver.getSession() with args: ["075b4ddf-17aa-4311-a1c2-caf4a08d3c2f"]
[debug] &amp#27;[35m[UiAutomator2]&amp#27;[39m Getting session details from server to mix in
[debug] &amp#27;[35m[WD Proxy]&amp#27;[39m Matched '/' to command name 'getSession'
[debug] &amp#27;[35m[WD Proxy]&amp#27;[39m Proxying [GET /] to [GET http://127.0.0.1:8201/wd/hub/session/196d8edb-927c-48ad-acf0-30824bb73c01] with no body
[debug] &amp#27;[35m[WD Proxy]&amp#27;[39m Got response with status 200: {"sessionId":"196d8edb-927c-48ad-acf0-30824bb73c01","value":{"lastScrollData":null}}
[debug] &amp#27;[35m[W3C (075b4ddf)]&amp#27;[39m Responding to client with driver.getSession() result: {"platform":"LINUX","webStorageEnabled":false,"takesScreenshot":true,"javascriptEnabled":true,"databaseEnabled":false,"networkConnectionEnabled":true,"locationContextEnabled":false,"warnings":{},"desired":{"platformName":"android","appium-version":"1.15.1","app":"C:\\Users\\rajkumar06\\Desktop\\Exit_Test\\src\\java\\resources\\Test_Application\\API Demos_4.0_apkcombo.com.apk","appActivity":"com.hmh.api.ApiDemos","appPackage":"com.hmh.api","deviceName":"Android","platformVersion":"8.1"},"platformName":"android","appium-version":"1.15.1","app":"C:\\Users\\rajkumar06\\Desktop\\Exit_Test\\src\\java\\resources\\Test_Application\\API Demos_4.0_apkcombo.com.apk","appActivity":"com.hmh.api.ApiDemos","appPackage":"com.hmh.api","deviceName":"emulator-5554","platformVersion":"8.1.0","deviceUDID":"emulator-5554","deviceApiLevel":27,"deviceScreenSize":"1080x2340","deviceScreenDensity":440,"deviceModel":"Android SDK built for x86","deviceManufacturer":"Google","pixelRatio":2.75,"statBarHeight":66,"viewportRect":{"left":...
&amp#27;[35m[HTTP]&amp#27;[39m &amp#27;[37m<-- GET /wd/hub/session/075b4ddf-17aa-4311-a1c2-caf4a08d3c2f &amp#27;[39m&amp#27;[32m200&amp#27;[39m &amp#27;[90m30 ms - 1092&amp#27;[39m
&amp#27;[35m[HTTP]&amp#27;[39m &amp#27;[90m&amp#27;[39m
&amp#27;[35m[HTTP]&amp#27;[39m &amp#27;[37m-->&amp#27;[39m &amp#27;[37mGET&amp#27;[39m &amp#27;[37m/wd/hub/session/075b4ddf-17aa-4311-a1c2-caf4a08d3c2f&amp#27;[39m
&amp#27;[35m[HTTP]&amp#27;[39m &amp#27;[90m{}&amp#27;[39m
[debug] &amp#27;[35m[W3C (075b4ddf)]&amp#27;[39m Calling AppiumDriver.getSession() with args: ["075b4ddf-17aa-4311-a1c2-caf4a08d3c2f"]
[debug] &amp#27;[35m[UiAutomator2]&amp#27;[39m Getting session details from server to mix in
[debug] &amp#27;[35m[WD Proxy]&amp#27;[39m Matched '/' to command name 'getSession'
[debug] &amp#27;[35m[WD Proxy]&amp#27;[39m Proxying [GET /] to [GET http://127.0.0.1:8201/wd/hub/session/196d8edb-927c-48ad-acf0-30824bb73c01] with no body
[debug] &amp#27;[35m[WD Proxy]&amp#27;[39m Got response with status 200: {"sessionId":"196d8edb-927c-48ad-acf0-30824bb73c01","value":{"lastScrollData":null}}
[debug] &amp#27;[35m[W3C (075b4ddf)]&amp#27;[39m Responding to client with driver.getSession() result: {"platform":"LINUX","webStorageEnabled":false,"takesScreenshot":true,"javascriptEnabled":true,"databaseEnabled":false,"networkConnectionEnabled":true,"locationContextEnabled":false,"warnings":{},"desired":{"platformName":"android","appium-version":"1.15.1","app":"C:\\Users\\rajkumar06\\Desktop\\Exit_Test\\src\\java\\resources\\Test_Application\\API Demos_4.0_apkcombo.com.apk","appActivity":"com.hmh.api.ApiDemos","appPackage":"com.hmh.api","deviceName":"Android","platformVersion":"8.1"},"platformName":"android","appium-version":"1.15.1","app":"C:\\Users\\rajkumar06\\Desktop\\Exit_Test\\src\\java\\resources\\Test_Application\\API Demos_4.0_apkcombo.com.apk","appActivity":"com.hmh.api.ApiDemos","appPackage":"com.hmh.api","deviceName":"emulator-5554","platformVersion":"8.1.0","deviceUDID":"emulator-5554","deviceApiLevel":27,"deviceScreenSize":"1080x2340","deviceScreenDensity":440,"deviceModel":"Android SDK built for x86","deviceManufacturer":"Google","pixelRatio":2.75,"statBarHeight":66,"viewportRect":{"left":...
&amp#27;[35m[HTTP]&amp#27;[39m &amp#27;[37m<-- GET /wd/hub/session/075b4ddf-17aa-4311-a1c2-caf4a08d3c2f &amp#27;[39m&amp#27;[32m200&amp#27;[39m &amp#27;[90m23 ms - 1092&amp#27;[39m
&amp#27;[35m[HTTP]&amp#27;[39m &amp#27;[90m&amp#27;[39m
&amp#27;[35m[HTTP]&amp#27;[39m &amp#27;[37m-->&amp#27;[39m &amp#27;[37mGET&amp#27;[39m &amp#27;[37m/wd/hub/session/075b4ddf-17aa-4311-a1c2-caf4a08d3c2f&amp#27;[39m
&amp#27;[35m[HTTP]&amp#27;[39m &amp#27;[90m{}&amp#27;[39m
[debug] &amp#27;[35m[W3C (075b4ddf)]&amp#27;[39m Calling AppiumDriver.getSession() with args: ["075b4ddf-17aa-4311-a1c2-caf4a08d3c2f"]
[debug] &amp#27;[35m[UiAutomator2]&amp#27;[39m Getting session details from server to mix in
[debug] &amp#27;[35m[WD Proxy]&amp#27;[39m Matched '/' to command name 'getSession'
[debug] &amp#27;[35m[WD Proxy]&amp#27;[39m Proxying [GET /] to [GET http://127.0.0.1:8201/wd/hub/session/196d8edb-927c-48ad-acf0-30824bb73c01] with no body
[debug] &amp#27;[35m[WD Proxy]&amp#27;[39m Got response with status 200: {"sessionId":"196d8edb-927c-48ad-acf0-30824bb73c01","value":{"lastScrollData":null}}
[debug] &amp#27;[35m[W3C (075b4ddf)]&amp#27;[39m Responding to client with driver.getSession() result: {"platform":"LINUX","webStorageEnabled":false,"takesScreenshot":true,"javascriptEnabled":true,"databaseEnabled":false,"networkConnectionEnabled":true,"locationContextEnabled":false,"warnings":{},"desired":{"platformName":"android","appium-version":"1.15.1","app":"C:\\Users\\rajkumar06\\Desktop\\Exit_Test\\src\\java\\resources\\Test_Application\\API Demos_4.0_apkcombo.com.apk","appActivity":"com.hmh.api.ApiDemos","appPackage":"com.hmh.api","deviceName":"Android","platformVersion":"8.1"},"platformName":"android","appium-version":"1.15.1","app":"C:\\Users\\rajkumar06\\Desktop\\Exit_Test\\src\\java\\resources\\Test_Application\\API Demos_4.0_apkcombo.com.apk","appActivity":"com.hmh.api.ApiDemos","appPackage":"com.hmh.api","deviceName":"emulator-5554","platformVersion":"8.1.0","deviceUDID":"emulator-5554","deviceApiLevel":27,"deviceScreenSize":"1080x2340","deviceScreenDensity":440,"deviceModel":"Android SDK built for x86","deviceManufacturer":"Google","pixelRatio":2.75,"statBarHeight":66,"viewportRect":{"left":...
&amp#27;[35m[HTTP]&amp#27;[39m &amp#27;[37m<-- GET /wd/hub/session/075b4ddf-17aa-4311-a1c2-caf4a08d3c2f &amp#27;[39m&amp#27;[32m200&amp#27;[39m &amp#27;[90m19 ms - 1092&amp#27;[39m
&amp#27;[35m[HTTP]&amp#27;[39m &amp#27;[90m&amp#27;[39m
&amp#27;[35m[HTTP]&amp#27;[39m &amp#27;[37m-->&amp#27;[39m &amp#27;[37mGET&amp#27;[39m &amp#27;[37m/wd/hub/session/075b4ddf-17aa-4311-a1c2-caf4a08d3c2f&amp#27;[39m
&amp#27;[35m[HTTP]&amp#27;[39m &amp#27;[90m{}&amp#27;[39m
[debug] &amp#27;[35m[W3C (075b4ddf)]&amp#27;[39m Calling AppiumDriver.getSession() with args: ["075b4ddf-17aa-4311-a1c2-caf4a08d3c2f"]
[debug] &amp#27;[35m[UiAutomator2]&amp#27;[39m Getting session details from server to mix in
[debug] &amp#27;[35m[WD Proxy]&amp#27;[39m Matched '/' to command name 'getSession'
[debug] &amp#27;[35m[WD Proxy]&amp#27;[39m Proxying [GET /] to [GET http://127.0.0.1:8201/wd/hub/session/196d8edb-927c-48ad-acf0-30824bb73c01] with no body
[debug] &amp#27;[35m[WD Proxy]&amp#27;[39m Got response with status 200: {"sessionId":"196d8edb-927c-48ad-acf0-30824bb73c01","value":{"lastScrollData":null}}
[debug] &amp#27;[35m[W3C (075b4ddf)]&amp#27;[39m Responding to client with driver.getSession() result: {"platform":"LINUX","webStorageEnabled":false,"takesScreenshot":true,"javascriptEnabled":true,"databaseEnabled":false,"networkConnectionEnabled":true,"locationContextEnabled":false,"warnings":{},"desired":{"platformName":"android","appium-version":"1.15.1","app":"C:\\Users\\rajkumar06\\Desktop\\Exit_Test\\src\\java\\resources\\Test_Application\\API Demos_4.0_apkcombo.com.apk","appActivity":"com.hmh.api.ApiDemos","appPackage":"com.hmh.api","deviceName":"Android","platformVersion":"8.1"},"platformName":"android","appium-version":"1.15.1","app":"C:\\Users\\rajkumar06\\Desktop\\Exit_Test\\src\\java\\resources\\Test_Application\\API Demos_4.0_apkcombo.com.apk","appActivity":"com.hmh.api.ApiDemos","appPackage":"com.hmh.api","deviceName":"emulator-5554","platformVersion":"8.1.0","deviceUDID":"emulator-5554","deviceApiLevel":27,"deviceScreenSize":"1080x2340","deviceScreenDensity":440,"deviceModel":"Android SDK built for x86","deviceManufacturer":"Google","pixelRatio":2.75,"statBarHeight":66,"viewportRect":{"left":...
&amp#27;[35m[HTTP]&amp#27;[39m &amp#27;[37m<-- GET /wd/hub/session/075b4ddf-17aa-4311-a1c2-caf4a08d3c2f &amp#27;[39m&amp#27;[32m200&amp#27;[39m &amp#27;[90m19 ms - 1092&amp#27;[39m
&amp#27;[35m[HTTP]&amp#27;[39m &amp#27;[90m&amp#27;[39m
&amp#27;[35m[HTTP]&amp#27;[39m &amp#27;[37m-->&amp#27;[39m &amp#27;[37mGET&amp#27;[39m &amp#27;[37m/wd/hub/session/075b4ddf-17aa-4311-a1c2-caf4a08d3c2f&amp#27;[39m
&amp#27;[35m[HTTP]&amp#27;[39m &amp#27;[90m{}&amp#27;[39m
[debug] &amp#27;[35m[W3C (075b4ddf)]&amp#27;[39m Calling AppiumDriver.getSession() with args: ["075b4ddf-17aa-4311-a1c2-caf4a08d3c2f"]
[debug] &amp#27;[35m[UiAutomator2]&amp#27;[39m Getting session details from server to mix in
[debug] &amp#27;[35m[WD Proxy]&amp#27;[39m Matched '/' to command name 'getSession'
[debug] &amp#27;[35m[WD Proxy]&amp#27;[39m Proxying [GET /] to [GET http://127.0.0.1:8201/wd/hub/session/196d8edb-927c-48ad-acf0-30824bb73c01] with no body
[debug] &amp#27;[35m[WD Proxy]&amp#27;[39m Got response with status 200: {"sessionId":"196d8edb-927c-48ad-acf0-30824bb73c01","value":{"lastScrollData":null}}
[debug] &amp#27;[35m[W3C (075b4ddf)]&amp#27;[39m Responding to client with driver.getSession() result: {"platform":"LINUX","webStorageEnabled":false,"takesScreenshot":true,"javascriptEnabled":true,"databaseEnabled":false,"networkConnectionEnabled":true,"locationContextEnabled":false,"warnings":{},"desired":{"platformName":"android","appium-version":"1.15.1","app":"C:\\Users\\rajkumar06\\Desktop\\Exit_Test\\src\\java\\resources\\Test_Application\\API Demos_4.0_apkcombo.com.apk","appActivity":"com.hmh.api.ApiDemos","appPackage":"com.hmh.api","deviceName":"Android","platformVersion":"8.1"},"platformName":"android","appium-version":"1.15.1","app":"C:\\Users\\rajkumar06\\Desktop\\Exit_Test\\src\\java\\resources\\Test_Application\\API Demos_4.0_apkcombo.com.apk","appActivity":"com.hmh.api.ApiDemos","appPackage":"com.hmh.api","deviceName":"emulator-5554","platformVersion":"8.1.0","deviceUDID":"emulator-5554","deviceApiLevel":27,"deviceScreenSize":"1080x2340","deviceScreenDensity":440,"deviceModel":"Android SDK built for x86","deviceManufacturer":"Google","pixelRatio":2.75,"statBarHeight":66,"viewportRect":{"left":...
&amp#27;[35m[HTTP]&amp#27;[39m &amp#27;[37m<-- GET /wd/hub/session/075b4ddf-17aa-4311-a1c2-caf4a08d3c2f &amp#27;[39m&amp#27;[32m200&amp#27;[39m &amp#27;[90m18 ms - 1092&amp#27;[39m
&amp#27;[35m[HTTP]&amp#27;[39m &amp#27;[90m&amp#27;[39m
&amp#27;[35m[HTTP]&amp#27;[39m &amp#27;[37m-->&amp#27;[39m &amp#27;[37mPOST&amp#27;[39m &amp#27;[37m/wd/hub/session/075b4ddf-17aa-4311-a1c2-caf4a08d3c2f/element&amp#27;[39m
&amp#27;[35m[HTTP]&amp#27;[39m &amp#27;[90m{"using":"xpath","value":"//android.widget.TextView[@text = 'App']"}&amp#27;[39m
[debug] &amp#27;[35m[W3C (075b4ddf)]&amp#27;[39m Calling AppiumDriver.findElement() with args: ["xpath","//android.widget.TextView[@text = 'App']","075b4ddf-17aa-4311-a1c2-caf4a08d3c2f"]
[debug] &amp#27;[35m[BaseDriver]&amp#27;[39m Valid locator strategies for this request: xpath, id, class name, accessibility id, css selector, -android uiautomator
[debug] &amp#27;[35m[BaseDriver]&amp#27;[39m Waiting up to 0 ms for condition
[debug] &amp#27;[35m[WD Proxy]&amp#27;[39m Matched '/element' to command name 'findElement'
[debug] &amp#27;[35m[WD Proxy]&amp#27;[39m Proxying [POST /element] to [POST http://127.0.0.1:8201/wd/hub/session/196d8edb-927c-48ad-acf0-30824bb73c01/element] with body: {"strategy":"xpath","selector":"//android.widget.TextView[@text = 'App']","context":"","multiple":false}
[debug] &amp#27;[35m[WD Proxy]&amp#27;[39m Got response with status 200: {"sessionId":"196d8edb-927c-48ad-acf0-30824bb73c01","value":{"ELEMENT":"00000000-0000-0325-ffff-ffff00000007","element-6066-11e4-a52e-4f735466cecf":"00000000-0000-0325-ffff-ffff00000007"}}
[debug] &amp#27;[35m[W3C (075b4ddf)]&amp#27;[39m Responding to client with driver.findElement() result: {"element-6066-11e4-a52e-4f735466cecf":"00000000-0000-0325-ffff-ffff00000007","ELEMENT":"00000000-0000-0325-ffff-ffff00000007"}
&amp#27;[35m[HTTP]&amp#27;[39m &amp#27;[37m<-- POST /wd/hub/session/075b4ddf-17aa-4311-a1c2-caf4a08d3c2f/element &amp#27;[39m&amp#27;[32m200&amp#27;[39m &amp#27;[90m900 ms - 137&amp#27;[39m
&amp#27;[35m[HTTP]&amp#27;[39m &amp#27;[90m&amp#27;[39m
&amp#27;[35m[HTTP]&amp#27;[39m &amp#27;[37m-->&amp#27;[39m &amp#27;[37mGET&amp#27;[39m &amp#27;[37m/wd/hub/session/075b4ddf-17aa-4311-a1c2-caf4a08d3c2f/element/00000000-0000-0325-ffff-ffff00000007/displayed&amp#27;[39m
&amp#27;[35m[HTTP]&amp#27;[39m &amp#27;[90m{}&amp#27;[39m
[debug] &amp#27;[35m[W3C (075b4ddf)]&amp#27;[39m Calling AppiumDriver.elementDisplayed() with args: ["00000000-0000-0325-ffff-ffff00000007","075b4ddf-17aa-4311-a1c2-caf4a08d3c2f"]
[debug] &amp#27;[35m[WD Proxy]&amp#27;[39m Matched '/element/00000000-0000-0325-ffff-ffff00000007/attribute/displayed' to command name 'getAttribute'
[debug] &amp#27;[35m[WD Proxy]&amp#27;[39m Proxying [GET /element/00000000-0000-0325-ffff-ffff00000007/attribute/displayed] to [GET http://127.0.0.1:8201/wd/hub/session/196d8edb-927c-48ad-acf0-30824bb73c01/element/00000000-0000-0325-ffff-ffff00000007/attribute/displayed] with no body
[debug] &amp#27;[35m[WD Proxy]&amp#27;[39m Got response with status 200: {"sessionId":"196d8edb-927c-48ad-acf0-30824bb73c01","value":"true"}
[debug] &amp#27;[35m[W3C (075b4ddf)]&amp#27;[39m Responding to client with driver.elementDisplayed() result: true
&amp#27;[35m[HTTP]&amp#27;[39m &amp#27;[37m<-- GET /wd/hub/session/075b4ddf-17aa-4311-a1c2-caf4a08d3c2f/element/00000000-0000-0325-ffff-ffff00000007/displayed &amp#27;[39m&amp#27;[32m200&amp#27;[39m &amp#27;[90m24 ms - 14&amp#27;[39m
&amp#27;[35m[HTTP]&amp#27;[39m &amp#27;[90m&amp#27;[39m
&amp#27;[35m[HTTP]&amp#27;[39m &amp#27;[37m-->&amp#27;[39m &amp#27;[37mGET&amp#27;[39m &amp#27;[37m/wd/hub/session/075b4ddf-17aa-4311-a1c2-caf4a08d3c2f&amp#27;[39m
&amp#27;[35m[HTTP]&amp#27;[39m &amp#27;[90m{}&amp#27;[39m
[debug] &amp#27;[35m[W3C (075b4ddf)]&amp#27;[39m Calling AppiumDriver.getSession() with args: ["075b4ddf-17aa-4311-a1c2-caf4a08d3c2f"]
[debug] &amp#27;[35m[UiAutomator2]&amp#27;[39m Getting session details from server to mix in
[debug] &amp#27;[35m[WD Proxy]&amp#27;[39m Matched '/' to command name 'getSession'
[debug] &amp#27;[35m[WD Proxy]&amp#27;[39m Proxying [GET /] to [GET http://127.0.0.1:8201/wd/hub/session/196d8edb-927c-48ad-acf0-30824bb73c01] with no body
[debug] &amp#27;[35m[WD Proxy]&amp#27;[39m Got response with status 200: {"sessionId":"196d8edb-927c-48ad-acf0-30824bb73c01","value":{"lastScrollData":null}}
[debug] &amp#27;[35m[W3C (075b4ddf)]&amp#27;[39m Responding to client with driver.getSession() result: {"platform":"LINUX","webStorageEnabled":false,"takesScreenshot":true,"javascriptEnabled":true,"databaseEnabled":false,"networkConnectionEnabled":true,"locationContextEnabled":false,"warnings":{},"desired":{"platformName":"android","appium-version":"1.15.1","app":"C:\\Users\\rajkumar06\\Desktop\\Exit_Test\\src\\java\\resources\\Test_Application\\API Demos_4.0_apkcombo.com.apk","appActivity":"com.hmh.api.ApiDemos","appPackage":"com.hmh.api","deviceName":"Android","platformVersion":"8.1"},"platformName":"android","appium-version":"1.15.1","app":"C:\\Users\\rajkumar06\\Desktop\\Exit_Test\\src\\java\\resources\\Test_Application\\API Demos_4.0_apkcombo.com.apk","appActivity":"com.hmh.api.ApiDemos","appPackage":"com.hmh.api","deviceName":"emulator-5554","platformVersion":"8.1.0","deviceUDID":"emulator-5554","deviceApiLevel":27,"deviceScreenSize":"1080x2340","deviceScreenDensity":440,"deviceModel":"Android SDK built for x86","deviceManufacturer":"Google","pixelRatio":2.75,"statBarHeight":66,"viewportRect":{"left":...
&amp#27;[35m[HTTP]&amp#27;[39m &amp#27;[37m<-- GET /wd/hub/session/075b4ddf-17aa-4311-a1c2-caf4a08d3c2f &amp#27;[39m&amp#27;[32m200&amp#27;[39m &amp#27;[90m13 ms - 1092&amp#27;[39m
&amp#27;[35m[HTTP]&amp#27;[39m &amp#27;[90m&amp#27;[39m
&amp#27;[35m[HTTP]&amp#27;[39m &amp#27;[37m-->&amp#27;[39m &amp#27;[37mPOST&amp#27;[39m &amp#27;[37m/wd/hub/session/075b4ddf-17aa-4311-a1c2-caf4a08d3c2f/element&amp#27;[39m
&amp#27;[35m[HTTP]&amp#27;[39m &amp#27;[90m{"using":"xpath","value":"//android.widget.TextView[@text = 'App']"}&amp#27;[39m
[debug] &amp#27;[35m[W3C (075b4ddf)]&amp#27;[39m Calling AppiumDriver.findElement() with args: ["xpath","//android.widget.TextView[@text = 'App']","075b4ddf-17aa-4311-a1c2-caf4a08d3c2f"]
[debug] &amp#27;[35m[BaseDriver]&amp#27;[39m Valid locator strategies for this request: xpath, id, class name, accessibility id, css selector, -android uiautomator
[debug] &amp#27;[35m[BaseDriver]&amp#27;[39m Waiting up to 0 ms for condition
[debug] &amp#27;[35m[WD Proxy]&amp#27;[39m Matched '/element' to command name 'findElement'
[debug] &amp#27;[35m[WD Proxy]&amp#27;[39m Proxying [POST /element] to [POST http://127.0.0.1:8201/wd/hub/session/196d8edb-927c-48ad-acf0-30824bb73c01/element] with body: {"strategy":"xpath","selector":"//android.widget.TextView[@text = 'App']","context":"","multiple":false}
[debug] &amp#27;[35m[WD Proxy]&amp#27;[39m Got response with status 200: {"sessionId":"196d8edb-927c-48ad-acf0-30824bb73c01","value":{"ELEMENT":"00000000-0000-0325-ffff-ffff00000007","element-6066-11e4-a52e-4f735466cecf":"00000000-0000-0325-ffff-ffff00000007"}}
[debug] &amp#27;[35m[W3C (075b4ddf)]&amp#27;[39m Responding to client with driver.findElement() result: {"element-6066-11e4-a52e-4f735466cecf":"00000000-0000-0325-ffff-ffff00000007","ELEMENT":"00000000-0000-0325-ffff-ffff00000007"}
&amp#27;[35m[HTTP]&amp#27;[39m &amp#27;[37m<-- POST /wd/hub/session/075b4ddf-17aa-4311-a1c2-caf4a08d3c2f/element &amp#27;[39m&amp#27;[32m200&amp#27;[39m &amp#27;[90m122 ms - 137&amp#27;[39m
&amp#27;[35m[HTTP]&amp#27;[39m &amp#27;[90m&amp#27;[39m
&amp#27;[35m[HTTP]&amp#27;[39m &amp#27;[37m-->&amp#27;[39m &amp#27;[37mPOST&amp#27;[39m &amp#27;[37m/wd/hub/session/075b4ddf-17aa-4311-a1c2-caf4a08d3c2f/touch/perform&amp#27;[39m
&amp#27;[35m[HTTP]&amp#27;[39m &amp#27;[90m{"actions":[{"action":"tap","options":{"element":"00000000-0000-0325-ffff-ffff00000007"}}]}&amp#27;[39m
[debug] &amp#27;[35m[W3C (075b4ddf)]&amp#27;[39m Calling AppiumDriver.performTouch() with args: [[{"action":"tap","options":{"element":"00000000-0000-0325-ffff-ffff00000007"}}],"075b4ddf-17aa-4311-a1c2-caf4a08d3c2f"]
&amp#27;[35m[UiAutomator2]&amp#27;[39m calling get location: 00000000-0000-0325-ffff-ffff00000007
[debug] &amp#27;[35m[WD Proxy]&amp#27;[39m Matched '/element/00000000-0000-0325-ffff-ffff00000007/location' to command name 'getLocation'
[debug] &amp#27;[35m[WD Proxy]&amp#27;[39m Proxying [GET /element/00000000-0000-0325-ffff-ffff00000007/location] to [GET http://127.0.0.1:8201/wd/hub/session/196d8edb-927c-48ad-acf0-30824bb73c01/element/00000000-0000-0325-ffff-ffff00000007/location] with no body
[debug] &amp#27;[35m[WD Proxy]&amp#27;[39m Got response with status 200: {"sessionId":"196d8edb-927c-48ad-acf0-30824bb73c01","value":{"x":0,"y":490}}
[debug] &amp#27;[35m[WD Proxy]&amp#27;[39m Matched '/element/00000000-0000-0325-ffff-ffff00000007/size' to command name 'getSize'
[debug] &amp#27;[35m[WD Proxy]&amp#27;[39m Proxying [GET /element/00000000-0000-0325-ffff-ffff00000007/size] to [GET http://127.0.0.1:8201/wd/hub/session/196d8edb-927c-48ad-acf0-30824bb73c01/element/00000000-0000-0325-ffff-ffff00000007/size] with no body
[debug] &amp#27;[35m[WD Proxy]&amp#27;[39m Got response with status 200: {"sessionId":"196d8edb-927c-48ad-acf0-30824bb73c01","value":{"height":132,"width":1080}}
[debug] &amp#27;[35m[WD Proxy]&amp#27;[39m Proxying [POST /appium/tap] to [POST http://127.0.0.1:8201/wd/hub/session/196d8edb-927c-48ad-acf0-30824bb73c01/appium/tap] with body: {"x":540,"y":556,"undefined":null}
[debug] &amp#27;[35m[WD Proxy]&amp#27;[39m Got response with status 200: {"sessionId":"196d8edb-927c-48ad-acf0-30824bb73c01","value":null}
[debug] &amp#27;[35m[W3C (075b4ddf)]&amp#27;[39m Responding to client with driver.performTouch() result: null
&amp#27;[35m[HTTP]&amp#27;[39m &amp#27;[37m<-- POST /wd/hub/session/075b4ddf-17aa-4311-a1c2-caf4a08d3c2f/touch/perform &amp#27;[39m&amp#27;[32m200&amp#27;[39m &amp#27;[90m1497 ms - 14&amp#27;[39m
&amp#27;[35m[HTTP]&amp#27;[39m &amp#27;[90m&amp#27;[39m
  Given user tap on app                                      # com.APIDemos.stepdefinations.FragmentResultStepDef.user_tap_on_app()
&amp#27;[35m[HTTP]&amp#27;[39m &amp#27;[37m-->&amp#27;[39m &amp#27;[37mGET&amp#27;[39m &amp#27;[37m/wd/hub/session/075b4ddf-17aa-4311-a1c2-caf4a08d3c2f&amp#27;[39m
&amp#27;[35m[HTTP]&amp#27;[39m &amp#27;[90m{}&amp#27;[39m
[debug] &amp#27;[35m[W3C (075b4ddf)]&amp#27;[39m Calling AppiumDriver.getSession() with args: ["075b4ddf-17aa-4311-a1c2-caf4a08d3c2f"]
[debug] &amp#27;[35m[UiAutomator2]&amp#27;[39m Getting session details from server to mix in
[debug] &amp#27;[35m[WD Proxy]&amp#27;[39m Matched '/' to command name 'getSession'
[debug] &amp#27;[35m[WD Proxy]&amp#27;[39m Proxying [GET /] to [GET http://127.0.0.1:8201/wd/hub/session/196d8edb-927c-48ad-acf0-30824bb73c01] with no body
[debug] &amp#27;[35m[WD Proxy]&amp#27;[39m Got response with status 200: {"sessionId":"196d8edb-927c-48ad-acf0-30824bb73c01","value":{"lastScrollData":null}}
[debug] &amp#27;[35m[W3C (075b4ddf)]&amp#27;[39m Responding to client with driver.getSession() result: {"platform":"LINUX","webStorageEnabled":false,"takesScreenshot":true,"javascriptEnabled":true,"databaseEnabled":false,"networkConnectionEnabled":true,"locationContextEnabled":false,"warnings":{},"desired":{"platformName":"android","appium-version":"1.15.1","app":"C:\\Users\\rajkumar06\\Desktop\\Exit_Test\\src\\java\\resources\\Test_Application\\API Demos_4.0_apkcombo.com.apk","appActivity":"com.hmh.api.ApiDemos","appPackage":"com.hmh.api","deviceName":"Android","platformVersion":"8.1"},"platformName":"android","appium-version":"1.15.1","app":"C:\\Users\\rajkumar06\\Desktop\\Exit_Test\\src\\java\\resources\\Test_Application\\API Demos_4.0_apkcombo.com.apk","appActivity":"com.hmh.api.ApiDemos","appPackage":"com.hmh.api","deviceName":"emulator-5554","platformVersion":"8.1.0","deviceUDID":"emulator-5554","deviceApiLevel":27,"deviceScreenSize":"1080x2340","deviceScreenDensity":440,"deviceModel":"Android SDK built for x86","deviceManufacturer":"Google","pixelRatio":2.75,"statBarHeight":66,"viewportRect":{"left":...
&amp#27;[35m[HTTP]&amp#27;[39m &amp#27;[37m<-- GET /wd/hub/session/075b4ddf-17aa-4311-a1c2-caf4a08d3c2f &amp#27;[39m&amp#27;[32m200&amp#27;[39m &amp#27;[90m15 ms - 1092&amp#27;[39m
&amp#27;[35m[HTTP]&amp#27;[39m &amp#27;[90m&amp#27;[39m
&amp#27;[35m[HTTP]&amp#27;[39m &amp#27;[37m-->&amp#27;[39m &amp#27;[37mPOST&amp#27;[39m &amp#27;[37m/wd/hub/session/075b4ddf-17aa-4311-a1c2-caf4a08d3c2f/element&amp#27;[39m
&amp#27;[35m[HTTP]&amp#27;[39m &amp#27;[90m{"using":"xpath","value":"//android.widget.TextView[@text = 'Fragment']"}&amp#27;[39m
[debug] &amp#27;[35m[W3C (075b4ddf)]&amp#27;[39m Calling AppiumDriver.findElement() with args: ["xpath","//android.widget.TextView[@text = 'Fragment']","075b4ddf-17aa-4311-a1c2-caf4a08d3c2f"]
[debug] &amp#27;[35m[BaseDriver]&amp#27;[39m Valid locator strategies for this request: xpath, id, class name, accessibility id, css selector, -android uiautomator
[debug] &amp#27;[35m[BaseDriver]&amp#27;[39m Waiting up to 0 ms for condition
[debug] &amp#27;[35m[WD Proxy]&amp#27;[39m Matched '/element' to command name 'findElement'
[debug] &amp#27;[35m[WD Proxy]&amp#27;[39m Proxying [POST /element] to [POST http://127.0.0.1:8201/wd/hub/session/196d8edb-927c-48ad-acf0-30824bb73c01/element] with body: {"strategy":"xpath","selector":"//android.widget.TextView[@text = 'Fragment']","context":"","multiple":false}
[debug] &amp#27;[35m[WD Proxy]&amp#27;[39m Got response with status 200: {"sessionId":"196d8edb-927c-48ad-acf0-30824bb73c01","value":{"ELEMENT":"00000000-0000-0326-ffff-ffff0000001e","element-6066-11e4-a52e-4f735466cecf":"00000000-0000-0326-ffff-ffff0000001e"}}
[debug] &amp#27;[35m[W3C (075b4ddf)]&amp#27;[39m Responding to client with driver.findElement() result: {"element-6066-11e4-a52e-4f735466cecf":"00000000-0000-0326-ffff-ffff0000001e","ELEMENT":"00000000-0000-0326-ffff-ffff0000001e"}
&amp#27;[35m[HTTP]&amp#27;[39m &amp#27;[37m<-- POST /wd/hub/session/075b4ddf-17aa-4311-a1c2-caf4a08d3c2f/element &amp#27;[39m&amp#27;[32m200&amp#27;[39m &amp#27;[90m97 ms - 137&amp#27;[39m
&amp#27;[35m[HTTP]&amp#27;[39m &amp#27;[90m&amp#27;[39m
&amp#27;[35m[HTTP]&amp#27;[39m &amp#27;[37m-->&amp#27;[39m &amp#27;[37mGET&amp#27;[39m &amp#27;[37m/wd/hub/session/075b4ddf-17aa-4311-a1c2-caf4a08d3c2f/element/00000000-0000-0326-ffff-ffff0000001e/displayed&amp#27;[39m
&amp#27;[35m[HTTP]&amp#27;[39m &amp#27;[90m{}&amp#27;[39m
[debug] &amp#27;[35m[W3C (075b4ddf)]&amp#27;[39m Calling AppiumDriver.elementDisplayed() with args: ["00000000-0000-0326-ffff-ffff0000001e","075b4ddf-17aa-4311-a1c2-caf4a08d3c2f"]
[debug] &amp#27;[35m[WD Proxy]&amp#27;[39m Matched '/element/00000000-0000-0326-ffff-ffff0000001e/attribute/displayed' to command name 'getAttribute'
[debug] &amp#27;[35m[WD Proxy]&amp#27;[39m Proxying [GET /element/00000000-0000-0326-ffff-ffff0000001e/attribute/displayed] to [GET http://127.0.0.1:8201/wd/hub/session/196d8edb-927c-48ad-acf0-30824bb73c01/element/00000000-0000-0326-ffff-ffff0000001e/attribute/displayed] with no body
[debug] &amp#27;[35m[WD Proxy]&amp#27;[39m Got response with status 200: {"sessionId":"196d8edb-927c-48ad-acf0-30824bb73c01","value":"true"}
[debug] &amp#27;[35m[W3C (075b4ddf)]&amp#27;[39m Responding to client with driver.elementDisplayed() result: true
&amp#27;[35m[HTTP]&amp#27;[39m &amp#27;[37m<-- GET /wd/hub/session/075b4ddf-17aa-4311-a1c2-caf4a08d3c2f/element/00000000-0000-0326-ffff-ffff0000001e/displayed &amp#27;[39m&amp#27;[32m200&amp#27;[39m &amp#27;[90m20 ms - 14&amp#27;[39m
&amp#27;[35m[HTTP]&amp#27;[39m &amp#27;[90m&amp#27;[39m
&amp#27;[35m[HTTP]&amp#27;[39m &amp#27;[37m-->&amp#27;[39m &amp#27;[37mGET&amp#27;[39m &amp#27;[37m/wd/hub/session/075b4ddf-17aa-4311-a1c2-caf4a08d3c2f&amp#27;[39m
&amp#27;[35m[HTTP]&amp#27;[39m &amp#27;[90m{}&amp#27;[39m
[debug] &amp#27;[35m[W3C (075b4ddf)]&amp#27;[39m Calling AppiumDriver.getSession() with args: ["075b4ddf-17aa-4311-a1c2-caf4a08d3c2f"]
[debug] &amp#27;[35m[UiAutomator2]&amp#27;[39m Getting session details from server to mix in
[debug] &amp#27;[35m[WD Proxy]&amp#27;[39m Matched '/' to command name 'getSession'
[debug] &amp#27;[35m[WD Proxy]&amp#27;[39m Proxying [GET /] to [GET http://127.0.0.1:8201/wd/hub/session/196d8edb-927c-48ad-acf0-30824bb73c01] with no body
[debug] &amp#27;[35m[WD Proxy]&amp#27;[39m Got response with status 200: {"sessionId":"196d8edb-927c-48ad-acf0-30824bb73c01","value":{"lastScrollData":null}}
[debug] &amp#27;[35m[W3C (075b4ddf)]&amp#27;[39m Responding to client with driver.getSession() result: {"platform":"LINUX","webStorageEnabled":false,"takesScreenshot":true,"javascriptEnabled":true,"databaseEnabled":false,"networkConnectionEnabled":true,"locationContextEnabled":false,"warnings":{},"desired":{"platformName":"android","appium-version":"1.15.1","app":"C:\\Users\\rajkumar06\\Desktop\\Exit_Test\\src\\java\\resources\\Test_Application\\API Demos_4.0_apkcombo.com.apk","appActivity":"com.hmh.api.ApiDemos","appPackage":"com.hmh.api","deviceName":"Android","platformVersion":"8.1"},"platformName":"android","appium-version":"1.15.1","app":"C:\\Users\\rajkumar06\\Desktop\\Exit_Test\\src\\java\\resources\\Test_Application\\API Demos_4.0_apkcombo.com.apk","appActivity":"com.hmh.api.ApiDemos","appPackage":"com.hmh.api","deviceName":"emulator-5554","platformVersion":"8.1.0","deviceUDID":"emulator-5554","deviceApiLevel":27,"deviceScreenSize":"1080x2340","deviceScreenDensity":440,"deviceModel":"Android SDK built for x86","deviceManufacturer":"Google","pixelRatio":2.75,"statBarHeight":66,"viewportRect":{"left":...
&amp#27;[35m[HTTP]&amp#27;[39m &amp#27;[37m<-- GET /wd/hub/session/075b4ddf-17aa-4311-a1c2-caf4a08d3c2f &amp#27;[39m&amp#27;[32m200&amp#27;[39m &amp#27;[90m12 ms - 1092&amp#27;[39m
&amp#27;[35m[HTTP]&amp#27;[39m &amp#27;[90m&amp#27;[39m
&amp#27;[35m[HTTP]&amp#27;[39m &amp#27;[37m-->&amp#27;[39m &amp#27;[37mPOST&amp#27;[39m &amp#27;[37m/wd/hub/session/075b4ddf-17aa-4311-a1c2-caf4a08d3c2f/element&amp#27;[39m
&amp#27;[35m[HTTP]&amp#27;[39m &amp#27;[90m{"using":"xpath","value":"//android.widget.TextView[@text = 'Fragment']"}&amp#27;[39m
[debug] &amp#27;[35m[W3C (075b4ddf)]&amp#27;[39m Calling AppiumDriver.findElement() with args: ["xpath","//android.widget.TextView[@text = 'Fragment']","075b4ddf-17aa-4311-a1c2-caf4a08d3c2f"]
[debug] &amp#27;[35m[BaseDriver]&amp#27;[39m Valid locator strategies for this request: xpath, id, class name, accessibility id, css selector, -android uiautomator
[debug] &amp#27;[35m[BaseDriver]&amp#27;[39m Waiting up to 0 ms for condition
[debug] &amp#27;[35m[WD Proxy]&amp#27;[39m Matched '/element' to command name 'findElement'
[debug] &amp#27;[35m[WD Proxy]&amp#27;[39m Proxying [POST /element] to [POST http://127.0.0.1:8201/wd/hub/session/196d8edb-927c-48ad-acf0-30824bb73c01/element] with body: {"strategy":"xpath","selector":"//android.widget.TextView[@text = 'Fragment']","context":"","multiple":false}
[debug] &amp#27;[35m[WD Proxy]&amp#27;[39m Got response with status 200: {"sessionId":"196d8edb-927c-48ad-acf0-30824bb73c01","value":{"ELEMENT":"00000000-0000-0326-ffff-ffff0000001e","element-6066-11e4-a52e-4f735466cecf":"00000000-0000-0326-ffff-ffff0000001e"}}
[debug] &amp#27;[35m[W3C (075b4ddf)]&amp#27;[39m Responding to client with driver.findElement() result: {"element-6066-11e4-a52e-4f735466cecf":"00000000-0000-0326-ffff-ffff0000001e","ELEMENT":"00000000-0000-0326-ffff-ffff0000001e"}
&amp#27;[35m[HTTP]&amp#27;[39m &amp#27;[37m<-- POST /wd/hub/session/075b4ddf-17aa-4311-a1c2-caf4a08d3c2f/element &amp#27;[39m&amp#27;[32m200&amp#27;[39m &amp#27;[90m97 ms - 137&amp#27;[39m
&amp#27;[35m[HTTP]&amp#27;[39m &amp#27;[90m&amp#27;[39m
&amp#27;[35m[HTTP]&amp#27;[39m &amp#27;[37m-->&amp#27;[39m &amp#27;[37mPOST&amp#27;[39m &amp#27;[37m/wd/hub/session/075b4ddf-17aa-4311-a1c2-caf4a08d3c2f/touch/perform&amp#27;[39m
&amp#27;[35m[HTTP]&amp#27;[39m &amp#27;[90m{"actions":[{"action":"tap","options":{"element":"00000000-0000-0326-ffff-ffff0000001e"}}]}&amp#27;[39m
[debug] &amp#27;[35m[W3C (075b4ddf)]&amp#27;[39m Calling AppiumDriver.performTouch() with args: [[{"action":"tap","options":{"element":"00000000-0000-0326-ffff-ffff0000001e"}}],"075b4ddf-17aa-4311-a1c2-caf4a08d3c2f"]
&amp#27;[35m[UiAutomator2]&amp#27;[39m calling get location: 00000000-0000-0326-ffff-ffff0000001e
[debug] &amp#27;[35m[WD Proxy]&amp#27;[39m Matched '/element/00000000-0000-0326-ffff-ffff0000001e/location' to command name 'getLocation'
[debug] &amp#27;[35m[WD Proxy]&amp#27;[39m Proxying [GET /element/00000000-0000-0326-ffff-ffff0000001e/location] to [GET http://127.0.0.1:8201/wd/hub/session/196d8edb-927c-48ad-acf0-30824bb73c01/element/00000000-0000-0326-ffff-ffff0000001e/location] with no body
[debug] &amp#27;[35m[WD Proxy]&amp#27;[39m Got response with status 200: {"sessionId":"196d8edb-927c-48ad-acf0-30824bb73c01","value":{"x":0,"y":895}}
[debug] &amp#27;[35m[WD Proxy]&amp#27;[39m Matched '/element/00000000-0000-0326-ffff-ffff0000001e/size' to command name 'getSize'
[debug] &amp#27;[35m[WD Proxy]&amp#27;[39m Proxying [GET /element/00000000-0000-0326-ffff-ffff0000001e/size] to [GET http://127.0.0.1:8201/wd/hub/session/196d8edb-927c-48ad-acf0-30824bb73c01/element/00000000-0000-0326-ffff-ffff0000001e/size] with no body
[debug] &amp#27;[35m[WD Proxy]&amp#27;[39m Got response with status 200: {"sessionId":"196d8edb-927c-48ad-acf0-30824bb73c01","value":{"height":132,"width":1080}}
[debug] &amp#27;[35m[WD Proxy]&amp#27;[39m Proxying [POST /appium/tap] to [POST http://127.0.0.1:8201/wd/hub/session/196d8edb-927c-48ad-acf0-30824bb73c01/appium/tap] with body: {"x":540,"y":961,"undefined":null}
[debug] &amp#27;[35m[WD Proxy]&amp#27;[39m Got response with status 200: {"sessionId":"196d8edb-927c-48ad-acf0-30824bb73c01","value":null}
[debug] &amp#27;[35m[W3C (075b4ddf)]&amp#27;[39m Responding to client with driver.performTouch() result: null
&amp#27;[35m[HTTP]&amp#27;[39m &amp#27;[37m<-- POST /wd/hub/session/075b4ddf-17aa-4311-a1c  When user tap on Fragment                                  # com.APIDemos.stepdefinations.FragmentResultStepDef.user_tap_on_fragment()
2-caf4a08d3c2f/touch/perform &amp#27;[39m&amp#27;[32m200&amp#27;[39m &amp#27;[90m1350 ms - 14&amp#27;[39m
&amp#27;[35m[HTTP]&amp#27;[39m &amp#27;[90m&amp#27;[39m
&amp#27;[35m[HTTP]&amp#27;[39m &amp#27;[37m-->&amp#27;[39m &amp#27;[37mGET&amp#27;[39m &amp#27;[37m/wd/hub/session/075b4ddf-17aa-4311-a1c2-caf4a08d3c2f&amp#27;[39m
&amp#27;[35m[HTTP]&amp#27;[39m &amp#27;[90m{}&amp#27;[39m
[debug] &amp#27;[35m[W3C (075b4ddf)]&amp#27;[39m Calling AppiumDriver.getSession() with args: ["075b4ddf-17aa-4311-a1c2-caf4a08d3c2f"]
[debug] &amp#27;[35m[UiAutomator2]&amp#27;[39m Getting session details from server to mix in
[debug] &amp#27;[35m[WD Proxy]&amp#27;[39m Matched '/' to command name 'getSession'
[debug] &amp#27;[35m[WD Proxy]&amp#27;[39m Proxying [GET /] to [GET http://127.0.0.1:8201/wd/hub/session/196d8edb-927c-48ad-acf0-30824bb73c01] with no body
[debug] &amp#27;[35m[WD Proxy]&amp#27;[39m Got response with status 200: {"sessionId":"196d8edb-927c-48ad-acf0-30824bb73c01","value":{"lastScrollData":null}}
[debug] &amp#27;[35m[W3C (075b4ddf)]&amp#27;[39m Responding to client with driver.getSession() result: {"platform":"LINUX","webStorageEnabled":false,"takesScreenshot":true,"javascriptEnabled":true,"databaseEnabled":false,"networkConnectionEnabled":true,"locationContextEnabled":false,"warnings":{},"desired":{"platformName":"android","appium-version":"1.15.1","app":"C:\\Users\\rajkumar06\\Desktop\\Exit_Test\\src\\java\\resources\\Test_Application\\API Demos_4.0_apkcombo.com.apk","appActivity":"com.hmh.api.ApiDemos","appPackage":"com.hmh.api","deviceName":"Android","platformVersion":"8.1"},"platformName":"android","appium-version":"1.15.1","app":"C:\\Users\\rajkumar06\\Desktop\\Exit_Test\\src\\java\\resources\\Test_Application\\API Demos_4.0_apkcombo.com.apk","appActivity":"com.hmh.api.ApiDemos","appPackage":"com.hmh.api","deviceName":"emulator-5554","platformVersion":"8.1.0","deviceUDID":"emulator-5554","deviceApiLevel":27,"deviceScreenSize":"1080x2340","deviceScreenDensity":440,"deviceModel":"Android SDK built for x86","deviceManufacturer":"Google","pixelRatio":2.75,"statBarHeight":66,"viewportRect":{"left":...
&amp#27;[35m[HTTP]&amp#27;[39m &amp#27;[37m<-- GET /wd/hub/session/075b4ddf-17aa-4311-a1c2-caf4a08d3c2f &amp#27;[39m&amp#27;[32m200&amp#27;[39m &amp#27;[90m13 ms - 1092&amp#27;[39m
&amp#27;[35m[HTTP]&amp#27;[39m &amp#27;[90m&amp#27;[39m
&amp#27;[35m[HTTP]&amp#27;[39m &amp#27;[37m-->&amp#27;[39m &amp#27;[37mPOST&amp#27;[39m &amp#27;[37m/wd/hub/session/075b4ddf-17aa-4311-a1c2-caf4a08d3c2f/element&amp#27;[39m
&amp#27;[35m[HTTP]&amp#27;[39m &amp#27;[90m{"using":"xpath","value":"//android.widget.TextView[@text = 'Receive Result']"}&amp#27;[39m
[debug] &amp#27;[35m[W3C (075b4ddf)]&amp#27;[39m Calling AppiumDriver.findElement() with args: ["xpath","//android.widget.TextView[@text = 'Receive Result']","075b4ddf-17aa-4311-a1c2-caf4a08d3c2f"]
[debug] &amp#27;[35m[BaseDriver]&amp#27;[39m Valid locator strategies for this request: xpath, id, class name, accessibility id, css selector, -android uiautomator
[debug] &amp#27;[35m[BaseDriver]&amp#27;[39m Waiting up to 0 ms for condition
[debug] &amp#27;[35m[WD Proxy]&amp#27;[39m Matched '/element' to command name 'findElement'
[debug] &amp#27;[35m[WD Proxy]&amp#27;[39m Proxying [POST /element] to [POST http://127.0.0.1:8201/wd/hub/session/196d8edb-927c-48ad-acf0-30824bb73c01/element] with body: {"strategy":"xpath","selector":"//android.widget.TextView[@text = 'Receive Result']","context":"","multiple":false}
[debug] &amp#27;[35m[WD Proxy]&amp#27;[39m Got response with status 200: {"sessionId":"196d8edb-927c-48ad-acf0-30824bb73c01","value":{"ELEMENT":"00000000-0000-0327-ffff-ffff00000038","element-6066-11e4-a52e-4f735466cecf":"00000000-0000-0327-ffff-ffff00000038"}}
[debug] &amp#27;[35m[W3C (075b4ddf)]&amp#27;[39m Responding to client with driver.findElement() result: {"element-6066-11e4-a52e-4f735466cecf":"00000000-0000-0327-ffff-ffff00000038","ELEMENT":"00000000-0000-0327-ffff-ffff00000038"}
&amp#27;[35m[HTTP]&amp#27;[39m &amp#27;[37m<-- POST /wd/hub/session/075b4ddf-17aa-4311-a1c2-caf4a08d3c2f/element &amp#27;[39m&amp#27;[32m200&amp#27;[39m &amp#27;[90m87 ms - 137&amp#27;[39m
&amp#27;[35m[HTTP]&amp#27;[39m &amp#27;[90m&amp#27;[39m
&amp#27;[35m[HTTP]&amp#27;[39m &amp#27;[37m-->&amp#27;[39m &amp#27;[37mGET&amp#27;[39m &amp#27;[37m/wd/hub/session/075b4ddf-17aa-4311-a1c2-caf4a08d3c2f/element/00000000-0000-0327-ffff-ffff00000038/displayed&amp#27;[39m
&amp#27;[35m[HTTP]&amp#27;[39m &amp#27;[90m{}&amp#27;[39m
[debug] &amp#27;[35m[W3C (075b4ddf)]&amp#27;[39m Calling AppiumDriver.elementDisplayed() with args: ["00000000-0000-0327-ffff-ffff00000038","075b4ddf-17aa-4311-a1c2-caf4a08d3c2f"]
[debug] &amp#27;[35m[WD Proxy]&amp#27;[39m Matched '/element/00000000-0000-0327-ffff-ffff00000038/attribute/displayed' to command name 'getAttribute'
[debug] &amp#27;[35m[WD Proxy]&amp#27;[39m Proxying [GET /element/00000000-0000-0327-ffff-ffff00000038/attribute/displayed] to [GET http://127.0.0.1:8201/wd/hub/session/196d8edb-927c-48ad-acf0-30824bb73c01/element/00000000-0000-0327-ffff-ffff00000038/attribute/displayed] with no body
[debug] &amp#27;[35m[WD Proxy]&amp#27;[39m Got response with status 200: {"sessionId":"196d8edb-927c-48ad-acf0-30824bb73c01","value":"true"}
[debug] &amp#27;[35m[W3C (075b4ddf)]&amp#27;[39m Responding to client with driver.elementDisplayed() result: true
&amp#27;[35m[HTTP]&amp#27;[39m &amp#27;[37m<-- GET /wd/hub/session/075b4ddf-17aa-4311-a1c2-caf4a08d3c2f/element/00000000-0000-0327-ffff-ffff00000038/displayed &amp#27;[39m&amp#27;[32m200&amp#27;[39m &amp#27;[90m19 ms - 14&amp#27;[39m
&amp#27;[35m[HTTP]&amp#27;[39m &amp#27;[90m&amp#27;[39m
&amp#27;[35m[HTTP]&amp#27;[39m &amp#27;[37m-->&amp#27;[39m &amp#27;[37mGET&amp#27;[39m &amp#27;[37m/wd/hub/session/075b4ddf-17aa-4311-a1c2-caf4a08d3c2f&amp#27;[39m
&amp#27;[35m[HTTP]&amp#27;[39m &amp#27;[90m{}&amp#27;[39m
[debug] &amp#27;[35m[W3C (075b4ddf)]&amp#27;[39m Calling AppiumDriver.getSession() with args: ["075b4ddf-17aa-4311-a1c2-caf4a08d3c2f"]
[debug] &amp#27;[35m[UiAutomator2]&amp#27;[39m Getting session details from server to mix in
[debug] &amp#27;[35m[WD Proxy]&amp#27;[39m Matched '/' to command name 'getSession'
[debug] &amp#27;[35m[WD Proxy]&amp#27;[39m Proxying [GET /] to [GET http://127.0.0.1:8201/wd/hub/session/196d8edb-927c-48ad-acf0-30824bb73c01] with no body
[debug] &amp#27;[35m[WD Proxy]&amp#27;[39m Got response with status 200: {"sessionId":"196d8edb-927c-48ad-acf0-30824bb73c01","value":{"lastScrollData":null}}
[debug] &amp#27;[35m[W3C (075b4ddf)]&amp#27;[39m Responding to client with driver.getSession() result: {"platform":"LINUX","webStorageEnabled":false,"takesScreenshot":true,"javascriptEnabled":true,"databaseEnabled":false,"networkConnectionEnabled":true,"locationContextEnabled":false,"warnings":{},"desired":{"platformName":"android","appium-version":"1.15.1","app":"C:\\Users\\rajkumar06\\Desktop\\Exit_Test\\src\\java\\resources\\Test_Application\\API Demos_4.0_apkcombo.com.apk","appActivity":"com.hmh.api.ApiDemos","appPackage":"com.hmh.api","deviceName":"Android","platformVersion":"8.1"},"platformName":"android","appium-version":"1.15.1","app":"C:\\Users\\rajkumar06\\Desktop\\Exit_Test\\src\\java\\resources\\Test_Application\\API Demos_4.0_apkcombo.com.apk","appActivity":"com.hmh.api.ApiDemos","appPackage":"com.hmh.api","deviceName":"emulator-5554","platformVersion":"8.1.0","deviceUDID":"emulator-5554","deviceApiLevel":27,"deviceScreenSize":"1080x2340","deviceScreenDensity":440,"deviceModel":"Android SDK built for x86","deviceManufacturer":"Google","pixelRatio":2.75,"statBarHeight":66,"viewportRect":{"left":...
&amp#27;[35m[HTTP]&amp#27;[39m &amp#27;[37m<-- GET /wd/hub/session/075b4ddf-17aa-4311-a1c2-caf4a08d3c2f &amp#27;[39m&amp#27;[32m200&amp#27;[39m &amp#27;[90m14 ms - 1092&amp#27;[39m
&amp#27;[35m[HTTP]&amp#27;[39m &amp#27;[90m&amp#27;[39m
&amp#27;[35m[HTTP]&amp#27;[39m &amp#27;[37m-->&amp#27;[39m &amp#27;[37mPOST&amp#27;[39m &amp#27;[37m/wd/hub/session/075b4ddf-17aa-4311-a1c2-caf4a08d3c2f/element&amp#27;[39m
&amp#27;[35m[HTTP]&amp#27;[39m &amp#27;[90m{"using":"xpath","value":"//android.widget.TextView[@text = 'Receive Result']"}&amp#27;[39m
[debug] &amp#27;[35m[W3C (075b4ddf)]&amp#27;[39m Calling AppiumDriver.findElement() with args: ["xpath","//android.widget.TextView[@text = 'Receive Result']","075b4ddf-17aa-4311-a1c2-caf4a08d3c2f"]
[debug] &amp#27;[35m[BaseDriver]&amp#27;[39m Valid locator strategies for this request: xpath, id, class name, accessibility id, css selector, -android uiautomator
[debug] &amp#27;[35m[BaseDriver]&amp#27;[39m Waiting up to 0 ms for condition
[debug] &amp#27;[35m[WD Proxy]&amp#27;[39m Matched '/element' to command name 'findElement'
[debug] &amp#27;[35m[WD Proxy]&amp#27;[39m Proxying [POST /element] to [POST http://127.0.0.1:8201/wd/hub/session/196d8edb-927c-48ad-acf0-30824bb73c01/element] with body: {"strategy":"xpath","selector":"//android.widget.TextView[@text = 'Receive Result']","context":"","multiple":false}
[debug] &amp#27;[35m[WD Proxy]&amp#27;[39m Got response with status 200: {"sessionId":"196d8edb-927c-48ad-acf0-30824bb73c01","value":{"ELEMENT":"00000000-0000-0327-ffff-ffff00000038","element-6066-11e4-a52e-4f735466cecf":"00000000-0000-0327-ffff-ffff00000038"}}
[debug] &amp#27;[35m[W3C (075b4ddf)]&amp#27;[39m Responding to client with driver.findElement() result: {"element-6066-11e4-a52e-4f735466cecf":"00000000-0000-0327-ffff-ffff00000038","ELEMENT":"00000000-0000-0327-ffff-ffff00000038"}
&amp#27;[35m[HTTP]&amp#27;[39m &amp#27;[37m<-- POST /wd/hub/session/075b4ddf-17aa-4311-a1c2-caf4a08d3c2f/element &amp#27;[39m&amp#27;[32m200&amp#27;[39m &amp#27;[90m88 ms - 137&amp#27;[39m
&amp#27;[35m[HTTP]&amp#27;[39m &amp#27;[90m&amp#27;[39m
&amp#27;[35m[HTTP]&amp#27;[39m &amp#27;[37m-->&amp#27;[39m &amp#27;[37mPOST&amp#27;[39m &amp#27;[37m/wd/hub/session/075b4ddf-17aa-4311-a1c2-caf4a08d3c2f/touch/perform&amp#27;[39m
&amp#27;[35m[HTTP]&amp#27;[39m &amp#27;[90m{"actions":[{"action":"tap","options":{"element":"00000000-0000-0327-ffff-ffff00000038"}}]}&amp#27;[39m
[debug] &amp#27;[35m[W3C (075b4ddf)]&amp#27;[39m Calling AppiumDriver.performTouch() with args: [[{"action":"tap","options":{"element":"00000000-0000-0327-ffff-ffff00000038"}}],"075b4ddf-17aa-4311-a1c2-caf4a08d3c2f"]
&amp#27;[35m[UiAutomator2]&amp#27;[39m calling get location: 00000000-0000-0327-ffff-ffff00000038
[debug] &amp#27;[35m[WD Proxy]&amp#27;[39m Matched '/element/00000000-0000-0327-ffff-ffff00000038/location' to command name 'getLocation'
[debug] &amp#27;[35m[WD Proxy]&amp#27;[39m Proxying [GET /element/00000000-0000-0327-ffff-ffff00000038/location] to [GET http://127.0.0.1:8201/wd/hub/session/196d8edb-927c-48ad-acf0-30824bb73c01/element/00000000-0000-0327-ffff-ffff00000038/location] with no body
[debug] &amp#27;[35m[WD Proxy]&amp#27;[39m Got response with status 200: {"sessionId":"196d8edb-927c-48ad-acf0-30824bb73c01","value":{"x":0,"y":1570}}
[debug] &amp#27;[35m[WD Proxy]&amp#27;[39m Matched '/element/00000000-0000-0327-ffff-ffff00000038/size' to command name 'getSize'
[debug] &amp#27;[35m[WD Proxy]&amp#27;[39m Proxying [GET /element/00000000-0000-0327-ffff-ffff00000038/size] to [GET http://127.0.0.1:8201/wd/hub/session/196d8edb-927c-48ad-acf0-30824bb73c01/element/00000000-0000-0327-ffff-ffff00000038/size] with no body
[debug] &amp#27;[35m[WD Proxy]&amp#27;[39m Got response with status 200: {"sessionId":"196d8edb-927c-48ad-acf0-30824bb73c01","value":{"height":132,"width":1080}}
[debug] &amp#27;[35m[WD Proxy]&amp#27;[39m Proxying [POST /appium/tap] to [POST http://127.0.0.1:8201/wd/hub/session/196d8edb-927c-48ad-acf0-30824bb73c01/appium/tap] with body: {"x":540,"y":1636,"undefined":null}
[debug] &amp#27;[35m[WD Proxy]&amp#27;[39m Got response with status 200: {"sessionId":"196d8edb-927c-48ad-acf0-30824bb73c01","value":null}
[debug] &amp#27;[35m[W3C (075b4ddf)]&amp#27;[39m Responding to client with driver.performTouch() result: null
&amp#27;[35m[HTTP]&amp#27;[39m &amp#27;[37m<-- POST /wd/hub/session/075b4ddf-17aa-4311-a1c2-caf4a08d3c2f/touch/perf  When user tap on the result                                # com.APIDemos.stepdefinations.FragmentResultStepDef.user_tap_on_the_result()
orm &amp#27;[39m&amp#27;[32m200&amp#27;[39m &amp#27;[90m1340 ms - 14&amp#27;[39m
&amp#27;[35m[HTTP]&amp#27;[39m &amp#27;[90m&amp#27;[39m
&amp#27;[35m[HTTP]&amp#27;[39m &amp#27;[37m-->&amp#27;[39m &amp#27;[37mGET&amp#27;[39m &amp#27;[37m/wd/hub/session/075b4ddf-17aa-4311-a1c2-caf4a08d3c2f&amp#27;[39m
&amp#27;[35m[HTTP]&amp#27;[39m &amp#27;[90m{}&amp#27;[39m
[debug] &amp#27;[35m[W3C (075b4ddf)]&amp#27;[39m Calling AppiumDriver.getSession() with args: ["075b4ddf-17aa-4311-a1c2-caf4a08d3c2f"]
[debug] &amp#27;[35m[UiAutomator2]&amp#27;[39m Getting session details from server to mix in
[debug] &amp#27;[35m[WD Proxy]&amp#27;[39m Matched '/' to command name 'getSession'
[debug] &amp#27;[35m[WD Proxy]&amp#27;[39m Proxying [GET /] to [GET http://127.0.0.1:8201/wd/hub/session/196d8edb-927c-48ad-acf0-30824bb73c01] with no body
[debug] &amp#27;[35m[WD Proxy]&amp#27;[39m Got response with status 200: {"sessionId":"196d8edb-927c-48ad-acf0-30824bb73c01","value":{"lastScrollData":null}}
[debug] &amp#27;[35m[W3C (075b4ddf)]&amp#27;[39m Responding to client with driver.getSession() result: {"platform":"LINUX","webStorageEnabled":false,"takesScreenshot":true,"javascriptEnabled":true,"databaseEnabled":false,"networkConnectionEnabled":true,"locationContextEnabled":false,"warnings":{},"desired":{"platformName":"android","appium-version":"1.15.1","app":"C:\\Users\\rajkumar06\\Desktop\\Exit_Test\\src\\java\\resources\\Test_Application\\API Demos_4.0_apkcombo.com.apk","appActivity":"com.hmh.api.ApiDemos","appPackage":"com.hmh.api","deviceName":"Android","platformVersion":"8.1"},"platformName":"android","appium-version":"1.15.1","app":"C:\\Users\\rajkumar06\\Desktop\\Exit_Test\\src\\java\\resources\\Test_Application\\API Demos_4.0_apkcombo.com.apk","appActivity":"com.hmh.api.ApiDemos","appPackage":"com.hmh.api","deviceName":"emulator-5554","platformVersion":"8.1.0","deviceUDID":"emulator-5554","deviceApiLevel":27,"deviceScreenSize":"1080x2340","deviceScreenDensity":440,"deviceModel":"Android SDK built for x86","deviceManufacturer":"Google","pixelRatio":2.75,"statBarHeight":66,"viewportRect":{"left":...
&amp#27;[35m[HTTP]&amp#27;[39m &amp#27;[37m<-- GET /wd/hub/session/075b4ddf-17aa-4311-a1c2-caf4a08d3c2f &amp#27;[39m&amp#27;[32m200&amp#27;[39m &amp#27;[90m17 ms - 1092&amp#27;[39m
&amp#27;[35m[HTTP]&amp#27;[39m &amp#27;[90m&amp#27;[39m
&amp#27;[35m[HTTP]&amp#27;[39m &amp#27;[37m-->&amp#27;[39m &amp#27;[37mPOST&amp#27;[39m &amp#27;[37m/wd/hub/session/075b4ddf-17aa-4311-a1c2-caf4a08d3c2f/element&amp#27;[39m
&amp#27;[35m[HTTP]&amp#27;[39m &amp#27;[90m{"using":"id","value":"com.hmh.api:id/get"}&amp#27;[39m
[debug] &amp#27;[35m[W3C (075b4ddf)]&amp#27;[39m Calling AppiumDriver.findElement() with args: ["id","com.hmh.api:id/get","075b4ddf-17aa-4311-a1c2-caf4a08d3c2f"]
[debug] &amp#27;[35m[BaseDriver]&amp#27;[39m Valid locator strategies for this request: xpath, id, class name, accessibility id, css selector, -android uiautomator
[debug] &amp#27;[35m[BaseDriver]&amp#27;[39m Waiting up to 0 ms for condition
[debug] &amp#27;[35m[WD Proxy]&amp#27;[39m Matched '/element' to command name 'findElement'
[debug] &amp#27;[35m[WD Proxy]&amp#27;[39m Proxying [POST /element] to [POST http://127.0.0.1:8201/wd/hub/session/196d8edb-927c-48ad-acf0-30824bb73c01/element] with body: {"strategy":"id","selector":"com.hmh.api:id/get","context":"","multiple":false}
[debug] &amp#27;[35m[WD Proxy]&amp#27;[39m Got response with status 200: {"sessionId":"196d8edb-927c-48ad-acf0-30824bb73c01","value":{"ELEMENT":"00000000-0000-0328-ffff-ffff00000046","element-6066-11e4-a52e-4f735466cecf":"00000000-0000-0328-ffff-ffff00000046"}}
[debug] &amp#27;[35m[W3C (075b4ddf)]&amp#27;[39m Responding to client with driver.findElement() result: {"element-6066-11e4-a52e-4f735466cecf":"00000000-0000-0328-ffff-ffff00000046","ELEMENT":"00000000-0000-0328-ffff-ffff00000046"}
&amp#27;[35m[HTTP]&amp#27;[39m &amp#27;[37m<-- POST /wd/hub/session/075b4ddf-17aa-4311-a1c2-caf4a08d3c2f/element &amp#27;[39m&amp#27;[32m200&amp#27;[39m &amp#27;[90m24 ms - 137&amp#27;[39m
&amp#27;[35m[HTTP]&amp#27;[39m &amp#27;[90m&amp#27;[39m
&amp#27;[35m[HTTP]&amp#27;[39m &amp#27;[37m-->&amp#27;[39m &amp#27;[37mGET&amp#27;[39m &amp#27;[37m/wd/hub/session/075b4ddf-17aa-4311-a1c2-caf4a08d3c2f/element/00000000-0000-0328-ffff-ffff00000046/displayed&amp#27;[39m
&amp#27;[35m[HTTP]&amp#27;[39m &amp#27;[90m{}&amp#27;[39m
[debug] &amp#27;[35m[W3C (075b4ddf)]&amp#27;[39m Calling AppiumDriver.elementDisplayed() with args: ["00000000-0000-0328-ffff-ffff00000046","075b4ddf-17aa-4311-a1c2-caf4a08d3c2f"]
[debug] &amp#27;[35m[WD Proxy]&amp#27;[39m Matched '/element/00000000-0000-0328-ffff-ffff00000046/attribute/displayed' to command name 'getAttribute'
[debug] &amp#27;[35m[WD Proxy]&amp#27;[39m Proxying [GET /element/00000000-0000-0328-ffff-ffff00000046/attribute/displayed] to [GET http://127.0.0.1:8201/wd/hub/session/196d8edb-927c-48ad-acf0-30824bb73c01/element/00000000-0000-0328-ffff-ffff00000046/attribute/displayed] with no body
[debug] &amp#27;[35m[WD Proxy]&amp#27;[39m Got response with status 200: {"sessionId":"196d8edb-927c-48ad-acf0-30824bb73c01","value":"true"}
[debug] &amp#27;[35m[W3C (075b4ddf)]&amp#27;[39m Responding to client with driver.elementDisplayed() result: true
&amp#27;[35m[HTTP]&amp#27;[39m &amp#27;[37m<-- GET /wd/hub/session/075b4ddf-17aa-4311-a1c2-caf4a08d3c2f/element/00000000-0000-0328-ffff-ffff00000046/displayed &amp#27;[39m&amp#27;[32m200&amp#27;[39m &amp#27;[90m17 ms - 14&amp#27;[39m
&amp#27;[35m[HTTP]&amp#27;[39m &amp#27;[90m&amp#27;[39m
&amp#27;[35m[HTTP]&amp#27;[39m &amp#27;[37m-->&amp#27;[39m &amp#27;[37mGET&amp#27;[39m &amp#27;[37m/wd/hub/session/075b4ddf-17aa-4311-a1c2-caf4a08d3c2f&amp#27;[39m
&amp#27;[35m[HTTP]&amp#27;[39m &amp#27;[90m{}&amp#27;[39m
[debug] &amp#27;[35m[W3C (075b4ddf)]&amp#27;[39m Calling AppiumDriver.getSession() with args: ["075b4ddf-17aa-4311-a1c2-caf4a08d3c2f"]
[debug] &amp#27;[35m[UiAutomator2]&amp#27;[39m Getting session details from server to mix in
[debug] &amp#27;[35m[WD Proxy]&amp#27;[39m Matched '/' to command name 'getSession'
[debug] &amp#27;[35m[WD Proxy]&amp#27;[39m Proxying [GET /] to [GET http://127.0.0.1:8201/wd/hub/session/196d8edb-927c-48ad-acf0-30824bb73c01] with no body
[debug] &amp#27;[35m[WD Proxy]&amp#27;[39m Got response with status 200: {"sessionId":"196d8edb-927c-48ad-acf0-30824bb73c01","value":{"lastScrollData":null}}
[debug] &amp#27;[35m[W3C (075b4ddf)]&amp#27;[39m Responding to client with driver.getSession() result: {"platform":"LINUX","webStorageEnabled":false,"takesScreenshot":true,"javascriptEnabled":true,"databaseEnabled":false,"networkConnectionEnabled":true,"locationContextEnabled":false,"warnings":{},"desired":{"platformName":"android","appium-version":"1.15.1","app":"C:\\Users\\rajkumar06\\Desktop\\Exit_Test\\src\\java\\resources\\Test_Application\\API Demos_4.0_apkcombo.com.apk","appActivity":"com.hmh.api.ApiDemos","appPackage":"com.hmh.api","deviceName":"Android","platformVersion":"8.1"},"platformName":"android","appium-version":"1.15.1","app":"C:\\Users\\rajkumar06\\Desktop\\Exit_Test\\src\\java\\resources\\Test_Application\\API Demos_4.0_apkcombo.com.apk","appActivity":"com.hmh.api.ApiDemos","appPackage":"com.hmh.api","deviceName":"emulator-5554","platformVersion":"8.1.0","deviceUDID":"emulator-5554","deviceApiLevel":27,"deviceScreenSize":"1080x2340","deviceScreenDensity":440,"deviceModel":"Android SDK built for x86","deviceManufacturer":"Google","pixelRatio":2.75,"statBarHeight":66,"viewportRect":{"left":...
&amp#27;[35m[HTTP]&amp#27;[39m &amp#27;[37m<-- GET /wd/hub/session/075b4ddf-17aa-4311-a1c2-caf4a08d3c2f &amp#27;[39m&amp#27;[32m200&amp#27;[39m &amp#27;[90m12 ms - 1092&amp#27;[39m
&amp#27;[35m[HTTP]&amp#27;[39m &amp#27;[90m&amp#27;[39m
&amp#27;[35m[HTTP]&amp#27;[39m &amp#27;[37m-->&amp#27;[39m &amp#27;[37mPOST&amp#27;[39m &amp#27;[37m/wd/hub/session/075b4ddf-17aa-4311-a1c2-caf4a08d3c2f/element&amp#27;[39m
&amp#27;[35m[HTTP]&amp#27;[39m &amp#27;[90m{"using":"id","value":"com.hmh.api:id/get"}&amp#27;[39m
[debug] &amp#27;[35m[W3C (075b4ddf)]&amp#27;[39m Calling AppiumDriver.findElement() with args: ["id","com.hmh.api:id/get","075b4ddf-17aa-4311-a1c2-caf4a08d3c2f"]
[debug] &amp#27;[35m[BaseDriver]&amp#27;[39m Valid locator strategies for this request: xpath, id, class name, accessibility id, css selector, -android uiautomator
[debug] &amp#27;[35m[BaseDriver]&amp#27;[39m Waiting up to 0 ms for condition
[debug] &amp#27;[35m[WD Proxy]&amp#27;[39m Matched '/element' to command name 'findElement'
[debug] &amp#27;[35m[WD Proxy]&amp#27;[39m Proxying [POST /element] to [POST http://127.0.0.1:8201/wd/hub/session/196d8edb-927c-48ad-acf0-30824bb73c01/element] with body: {"strategy":"id","selector":"com.hmh.api:id/get","context":"","multiple":false}
[debug] &amp#27;[35m[WD Proxy]&amp#27;[39m Got response with status 200: {"sessionId":"196d8edb-927c-48ad-acf0-30824bb73c01","value":{"ELEMENT":"00000000-0000-0328-ffff-ffff00000046","element-6066-11e4-a52e-4f735466cecf":"00000000-0000-0328-ffff-ffff00000046"}}
[debug] &amp#27;[35m[W3C (075b4ddf)]&amp#27;[39m Responding to client with driver.findElement() result: {"element-6066-11e4-a52e-4f735466cecf":"00000000-0000-0328-ffff-ffff00000046","ELEMENT":"00000000-0000-0328-ffff-ffff00000046"}
&amp#27;[35m[HTTP]&amp#27;[39m &amp#27;[37m<-- POST /wd/hub/session/075b4ddf-17aa-4311-a1c2-caf4a08d3c2f/element &amp#27;[39m&amp#27;[32m200&amp#27;[39m &amp#27;[90m18 ms - 137&amp#27;[39m
&amp#27;[35m[HTTP]&amp#27;[39m &amp#27;[90m&amp#27;[39m
&amp#27;[35m[HTTP]&amp#27;[39m &amp#27;[37m-->&amp#27;[39m &amp#27;[37mPOST&amp#27;[39m &amp#27;[37m/wd/hub/session/075b4ddf-17aa-4311-a1c2-caf4a08d3c2f/touch/perform&amp#27;[39m
&amp#27;[35m[HTTP]&amp#27;[39m &amp#27;[90m{"actions":[{"action":"tap","options":{"element":"00000000-0000-0328-ffff-ffff00000046"}}]}&amp#27;[39m
[debug] &amp#27;[35m[W3C (075b4ddf)]&amp#27;[39m Calling AppiumDriver.performTouch() with args: [[{"action":"tap","options":{"element":"00000000-0000-0328-ffff-ffff00000046"}}],"075b4ddf-17aa-4311-a1c2-caf4a08d3c2f"]
&amp#27;[35m[UiAutomator2]&amp#27;[39m calling get location: 00000000-0000-0328-ffff-ffff00000046
[debug] &amp#27;[35m[WD Proxy]&amp#27;[39m Matched '/element/00000000-0000-0328-ffff-ffff00000046/location' to command name 'getLocation'
[debug] &amp#27;[35m[WD Proxy]&amp#27;[39m Proxying [GET /element/00000000-0000-0328-ffff-ffff00000046/location] to [GET http://127.0.0.1:8201/wd/hub/session/196d8edb-927c-48ad-acf0-30824bb73c01/element/00000000-0000-0328-ffff-ffff00000046/location] with no body
[debug] &amp#27;[35m[WD Proxy]&amp#27;[39m Got response with status 200: {"sessionId":"196d8edb-927c-48ad-acf0-30824bb73c01","value":{"x":397,"y":1866}}
[debug] &amp#27;[35m[WD Proxy]&amp#27;[39m Matched '/element/00000000-0000-0328-ffff-ffff00000046/size' to command name 'getSize'
[debug] &amp#27;[35m[WD Proxy]&amp#27;[39m Proxying [GET /element/00000000-0000-0328-ffff-ffff00000046/size] to [GET http://127.0.0.1:8201/wd/hub/session/196d8edb-927c-48ad-acf0-30824bb73c01/element/00000000-0000-0328-ffff-ffff00000046/size] with no body
[debug] &amp#27;[35m[WD Proxy]&amp#27;[39m Got response with status 200: {"sessionId":"196d8edb-927c-48ad-acf0-30824bb73c01","value":{"height":132,"width":285}}
[debug] &amp#27;[35m[WD Proxy]&amp#27;[39m Proxying [POST /appium/tap] to [POST http://127.0.0.1:8201/wd/hub/session/196d8edb-927c-48ad-acf0-30824bb73c01/appium/tap] with body: {"x":539.5,"y":1932,"undefined":null}
[debug] &amp#27;[35m[WD Proxy]&amp#27;[39m Got response with status 200: {"sessionId":"196d8edb-927c-48ad-acf0-30824bb73c01","value":null}
[debug] &amp#27;[35m[W3C (075b4ddf)]&amp#27;[39m Responding to client with driver.performTouch() result: null
&amp#27;[35m[HTTP]&amp#27;[39m &amp#27;[37m<-- POST /wd/hub/session/075b4ddf-17aa-4311-a1c2-caf4a08d3c2f/touch/perform &amp#27;[39m&amp#27;[32m200&amp#27;[39m &amp#27;[90m209 ms - 14&amp#27;  Then user tap on get result                                # com.APIDemos.stepdefinations.FragmentResultStepDef.user_tap_on_get_result()
[39m
&amp#27;[35m[HTTP]&amp#27;[39m &amp#27;[90m&amp#27;[39m
&amp#27;[35m[HTTP]&amp#27;[39m &amp#27;[37m-->&amp#27;[39m &amp#27;[37mGET&amp#27;[39m &amp#27;[37m/wd/hub/session/075b4ddf-17aa-4311-a1c2-caf4a08d3c2f&amp#27;[39m
&amp#27;[35m[HTTP]&amp#27;[39m &amp#27;[90m{}&amp#27;[39m
[debug] &amp#27;[35m[W3C (075b4ddf)]&amp#27;[39m Calling AppiumDriver.getSession() with args: ["075b4ddf-17aa-4311-a1c2-caf4a08d3c2f"]
[debug] &amp#27;[35m[UiAutomator2]&amp#27;[39m Getting session details from server to mix in
[debug] &amp#27;[35m[WD Proxy]&amp#27;[39m Matched '/' to command name 'getSession'
[debug] &amp#27;[35m[WD Proxy]&amp#27;[39m Proxying [GET /] to [GET http://127.0.0.1:8201/wd/hub/session/196d8edb-927c-48ad-acf0-30824bb73c01] with no body
[debug] &amp#27;[35m[WD Proxy]&amp#27;[39m Got response with status 200: {"sessionId":"196d8edb-927c-48ad-acf0-30824bb73c01","value":{"lastScrollData":null}}
[debug] &amp#27;[35m[W3C (075b4ddf)]&amp#27;[39m Responding to client with driver.getSession() result: {"platform":"LINUX","webStorageEnabled":false,"takesScreenshot":true,"javascriptEnabled":true,"databaseEnabled":false,"networkConnectionEnabled":true,"locationContextEnabled":false,"warnings":{},"desired":{"platformName":"android","appium-version":"1.15.1","app":"C:\\Users\\rajkumar06\\Desktop\\Exit_Test\\src\\java\\resources\\Test_Application\\API Demos_4.0_apkcombo.com.apk","appActivity":"com.hmh.api.ApiDemos","appPackage":"com.hmh.api","deviceName":"Android","platformVersion":"8.1"},"platformName":"android","appium-version":"1.15.1","app":"C:\\Users\\rajkumar06\\Desktop\\Exit_Test\\src\\java\\resources\\Test_Application\\API Demos_4.0_apkcombo.com.apk","appActivity":"com.hmh.api.ApiDemos","appPackage":"com.hmh.api","deviceName":"emulator-5554","platformVersion":"8.1.0","deviceUDID":"emulator-5554","deviceApiLevel":27,"deviceScreenSize":"1080x2340","deviceScreenDensity":440,"deviceModel":"Android SDK built for x86","deviceManufacturer":"Google","pixelRatio":2.75,"statBarHeight":66,"viewportRect":{"left":...
&amp#27;[35m[HTTP]&amp#27;[39m &amp#27;[37m<-- GET /wd/hub/session/075b4ddf-17aa-4311-a1c2-caf4a08d3c2f &amp#27;[39m&amp#27;[32m200&amp#27;[39m &amp#27;[90m13 ms - 1092&amp#27;[39m
&amp#27;[35m[HTTP]&amp#27;[39m &amp#27;[90m&amp#27;[39m
&amp#27;[35m[HTTP]&amp#27;[39m &amp#27;[37m-->&amp#27;[39m &amp#27;[37mPOST&amp#27;[39m &amp#27;[37m/wd/hub/session/075b4ddf-17aa-4311-a1c2-caf4a08d3c2f/element&amp#27;[39m
&amp#27;[35m[HTTP]&amp#27;[39m &amp#27;[90m{"using":"id","value":"com.hmh.api:id/corky"}&amp#27;[39m
[debug] &amp#27;[35m[W3C (075b4ddf)]&amp#27;[39m Calling AppiumDriver.findElement() with args: ["id","com.hmh.api:id/corky","075b4ddf-17aa-4311-a1c2-caf4a08d3c2f"]
[debug] &amp#27;[35m[BaseDriver]&amp#27;[39m Valid locator strategies for this request: xpath, id, class name, accessibility id, css selector, -android uiautomator
[debug] &amp#27;[35m[BaseDriver]&amp#27;[39m Waiting up to 0 ms for condition
[debug] &amp#27;[35m[WD Proxy]&amp#27;[39m Matched '/element' to command name 'findElement'
[debug] &amp#27;[35m[WD Proxy]&amp#27;[39m Proxying [POST /element] to [POST http://127.0.0.1:8201/wd/hub/session/196d8edb-927c-48ad-acf0-30824bb73c01/element] with body: {"strategy":"id","selector":"com.hmh.api:id/corky","context":"","multiple":false}
&amp#27;[35m[WD Proxy]&amp#27;[39m Got response with status 404: {"sessionId":"196d8edb-927c-48ad-acf0-30824bb73c01","value":{"error":"no such element","message":"An element could not be located on the page using the given search parameters","stacktrace":"io.appium.uiautomator2.common.exceptions.ElementNotFoundException: An element could not be located on the page using the given search parameters\n\tat io.appium.uiautomator2.handler.FindElement.safeHandle(FindElement.java:70)\n\tat io.appium.uiautomator2.handler.request.SafeRequestHandler.handle(SafeRequestHandler.java:59)\n\tat io.appium.uiautomator2.server.AppiumServlet.handleRequest(AppiumServlet.java:266)\n\tat io.appium.uiautomator2.server.AppiumServlet.handleHttpRequest(AppiumServlet.java:260)\n\tat io.appium.uiautomator2.http.ServerHandler.channelRead(ServerHandler.java:68)\n\tat io.netty.channel.AbstractChannelHandlerContext.invokeChannelRead(AbstractChannelHandlerContext.java:366)\n\tat io.netty.channel.AbstractChannelHandlerContext.invokeChannelRead(AbstractChannelHandlerContext.java:352)\n\tat io.netty.chann...
[debug] &amp#27;[35m[W3C]&amp#27;[39m Matched W3C error code 'no such element' to NoSuchElementError
[debug] &amp#27;[35m[W3C (075b4ddf)]&amp#27;[39m Encountered internal error running command: NoSuchElementError: An element could not be located on the page using the given search parameters.
[debug] &amp#27;[35m[W3C (075b4ddf)]&amp#27;[39m     at AndroidUiautomator2Driver.findElOrEls (C:\Users\rajkumar06\AppData\Roaming\npm\node_modules\appium\node_modules\appium-android-driver\lib\commands\find.js:75:11)
[debug] &amp#27;[35m[W3C (075b4ddf)]&amp#27;[39m     at runMicrotasks (<anonymous>)
[debug] &amp#27;[35m[W3C (075b4ddf)]&amp#27;[39m     at processTicksAndRejections (internal/process/task_queues.js:93:5)
[debug] &amp#27;[35m[W3C (075b4ddf)]&amp#27;[39m     at AndroidUiautomator2Driver.findElOrElsWithProcessing (C:\Users\rajkumar06\AppData\Roaming\npm\node_modules\appium\node_modules\appium-base-driver\lib\basedriver\commands\find.js:33:12)
[debug] &amp#27;[35m[W3C (075b4ddf)]&amp#27;[39m     at AndroidUiautomator2Driver.findElement (C:\Users\rajkumar06\AppData\Roaming\npm\node_modules\appium\node_modules\appium-base-driver\lib\basedriver\commands\find.js:53:10)
&amp#27;[35m[HTTP]&amp#27;[39m &amp#27;[37m<-- POST /wd/hub/session/075b4ddf-17aa-4311-a1c2-caf4a08d3c2f/element &amp#27;[39m&amp#27;[33m404&amp#27;[39m &amp#27;[90m310 ms - 929&amp#27;[39m
&amp#27;[35m[HTTP]&amp#27;[39m &amp#27;[90m&amp#27;[39m
&amp#27;[35m[HTTP]&amp#27;[39m &amp#27;[37m-->&amp#27;[39m &amp#27;[37mPOST&amp#27;[39m &amp#27;[37m/wd/hub/session/075b4ddf-17aa-4311-a1c2-caf4a08d3c2f/element&amp#27;[39m
&amp#27;[35m[HTTP]&amp#27;[39m &amp#27;[90m{"using":"id","value":"com.hmh.api:id/corky"}&amp#27;[39m
[debug] &amp#27;[35m[W3C (075b4ddf)]&amp#27;[39m Calling AppiumDriver.findElement() with args: ["id","com.hmh.api:id/corky","075b4ddf-17aa-4311-a1c2-caf4a08d3c2f"]
[debug] &amp#27;[35m[BaseDriver]&amp#27;[39m Valid locator strategies for this request: xpath, id, class name, accessibility id, css selector, -android uiautomator
[debug] &amp#27;[35m[BaseDriver]&amp#27;[39m Waiting up to 0 ms for condition
[debug] &amp#27;[35m[WD Proxy]&amp#27;[39m Matched '/element' to command name 'findElement'
[debug] &amp#27;[35m[WD Proxy]&amp#27;[39m Proxying [POST /element] to [POST http://127.0.0.1:8201/wd/hub/session/196d8edb-927c-48ad-acf0-30824bb73c01/element] with body: {"strategy":"id","selector":"com.hmh.api:id/corky","context":"","multiple":false}
[debug] &amp#27;[35m[WD Proxy]&amp#27;[39m Got response with status 200: {"sessionId":"196d8edb-927c-48ad-acf0-30824bb73c01","value":{"ELEMENT":"00000000-0000-0329-ffff-ffff00000053","element-6066-11e4-a52e-4f735466cecf":"00000000-0000-0329-ffff-ffff00000053"}}
[debug] &amp#27;[35m[W3C (075b4ddf)]&amp#27;[39m Responding to client with driver.findElement() result: {"element-6066-11e4-a52e-4f735466cecf":"00000000-0000-0329-ffff-ffff00000053","ELEMENT":"00000000-0000-0329-ffff-ffff00000053"}
&amp#27;[35m[HTTP]&amp#27;[39m &amp#27;[37m<-- POST /wd/hub/session/075b4ddf-17aa-4311-a1c2-caf4a08d3c2f/element &amp#27;[39m&amp#27;[32m200&amp#27;[39m &amp#27;[90m784 ms - 137&amp#27;[39m
&amp#27;[35m[HTTP]&amp#27;[39m &amp#27;[90m&amp#27;[39m
&amp#27;[35m[HTTP]&amp#27;[39m &amp#27;[37m-->&amp#27;[39m &amp#27;[37mGET&amp#27;[39m &amp#27;[37m/wd/hub/session/075b4ddf-17aa-4311-a1c2-caf4a08d3c2f/element/00000000-0000-0329-ffff-ffff00000053/displayed&amp#27;[39m
&amp#27;[35m[HTTP]&amp#27;[39m &amp#27;[90m{}&amp#27;[39m
[debug] &amp#27;[35m[W3C (075b4ddf)]&amp#27;[39m Calling AppiumDriver.elementDisplayed() with args: ["00000000-0000-0329-ffff-ffff00000053","075b4ddf-17aa-4311-a1c2-caf4a08d3c2f"]
[debug] &amp#27;[35m[WD Proxy]&amp#27;[39m Matched '/element/00000000-0000-0329-ffff-ffff00000053/attribute/displayed' to command name 'getAttribute'
[debug] &amp#27;[35m[WD Proxy]&amp#27;[39m Proxying [GET /element/00000000-0000-0329-ffff-ffff00000053/attribute/displayed] to [GET http://127.0.0.1:8201/wd/hub/session/196d8edb-927c-48ad-acf0-30824bb73c01/element/00000000-0000-0329-ffff-ffff00000053/attribute/displayed] with no body
[debug] &amp#27;[35m[WD Proxy]&amp#27;[39m Got response with status 200: {"sessionId":"196d8edb-927c-48ad-acf0-30824bb73c01","value":"true"}
[debug] &amp#27;[35m[W3C (075b4ddf)]&amp#27;[39m Responding to client with driver.elementDisplayed() result: true
&amp#27;[35m[HTTP]&amp#27;[39m &amp#27;[37m<-- GET /wd/hub/session/075b4ddf-17aa-4311-a1c2-caf4a08d3c2f/element/00000000-0000-0329-ffff-ffff00000053/displayed &amp#27;[39m&amp#27;[32m200&amp#27;[39m &amp#27;[90m29 ms - 14&amp#27;[39m
&amp#27;[35m[HTTP]&amp#27;[39m &amp#27;[90m&amp#27;[39m
&amp#27;[35m[HTTP]&amp#27;[39m &amp#27;[37m-->&amp#27;[39m &amp#27;[37mGET&amp#27;[39m &amp#27;[37m/wd/hub/session/075b4ddf-17aa-4311-a1c2-caf4a08d3c2f&amp#27;[39m
&amp#27;[35m[HTTP]&amp#27;[39m &amp#27;[90m{}&amp#27;[39m
[debug] &amp#27;[35m[W3C (075b4ddf)]&amp#27;[39m Calling AppiumDriver.getSession() with args: ["075b4ddf-17aa-4311-a1c2-caf4a08d3c2f"]
[debug] &amp#27;[35m[UiAutomator2]&amp#27;[39m Getting session details from server to mix in
[debug] &amp#27;[35m[WD Proxy]&amp#27;[39m Matched '/' to command name 'getSession'
[debug] &amp#27;[35m[WD Proxy]&amp#27;[39m Proxying [GET /] to [GET http://127.0.0.1:8201/wd/hub/session/196d8edb-927c-48ad-acf0-30824bb73c01] with no body
[debug] &amp#27;[35m[WD Proxy]&amp#27;[39m Got response with status 200: {"sessionId":"196d8edb-927c-48ad-acf0-30824bb73c01","value":{"lastScrollData":null}}
[debug] &amp#27;[35m[W3C (075b4ddf)]&amp#27;[39m Responding to client with driver.getSession() result: {"platform":"LINUX","webStorageEnabled":false,"takesScreenshot":true,"javascriptEnabled":true,"databaseEnabled":false,"networkConnectionEnabled":true,"locationContextEnabled":false,"warnings":{},"desired":{"platformName":"android","appium-version":"1.15.1","app":"C:\\Users\\rajkumar06\\Desktop\\Exit_Test\\src\\java\\resources\\Test_Application\\API Demos_4.0_apkcombo.com.apk","appActivity":"com.hmh.api.ApiDemos","appPackage":"com.hmh.api","deviceName":"Android","platformVersion":"8.1"},"platformName":"android","appium-version":"1.15.1","app":"C:\\Users\\rajkumar06\\Desktop\\Exit_Test\\src\\java\\resources\\Test_Application\\API Demos_4.0_apkcombo.com.apk","appActivity":"com.hmh.api.ApiDemos","appPackage":"com.hmh.api","deviceName":"emulator-5554","platformVersion":"8.1.0","deviceUDID":"emulator-5554","deviceApiLevel":27,"deviceScreenSize":"1080x2340","deviceScreenDensity":440,"deviceModel":"Android SDK built for x86","deviceManufacturer":"Google","pixelRatio":2.75,"statBarHeight":66,"viewportRect":{"left":...
&amp#27;[35m[HTTP]&amp#27;[39m &amp#27;[37m<-- GET /wd/hub/session/075b4ddf-17aa-4311-a1c2-caf4a08d3c2f &amp#27;[39m&amp#27;[32m200&amp#27;[39m &amp#27;[90m14 ms - 1092&amp#27;[39m
&amp#27;[35m[HTTP]&amp#27;[39m &amp#27;[90m&amp#27;[39m
&amp#27;[35m[HTTP]&amp#27;[39m &amp#27;[37m-->&amp#27;[39m &amp#27;[37mPOST&amp#27;[39m &amp#27;[37m/wd/hub/session/075b4ddf-17aa-4311-a1c2-caf4a08d3c2f/element&amp#27;[39m
&amp#27;[35m[HTTP]&amp#27;[39m &amp#27;[90m{"using":"id","value":"com.hmh.api:id/corky"}&amp#27;[39m
[debug] &amp#27;[35m[W3C (075b4ddf)]&amp#27;[39m Calling AppiumDriver.findElement() with args: ["id","com.hmh.api:id/corky","075b4ddf-17aa-4311-a1c2-caf4a08d3c2f"]
[debug] &amp#27;[35m[BaseDriver]&amp#27;[39m Valid locator strategies for this request: xpath, id, class name, accessibility id, css selector, -android uiautomator
[debug] &amp#27;[35m[BaseDriver]&amp#27;[39m Waiting up to 0 ms for condition
[debug] &amp#27;[35m[WD Proxy]&amp#27;[39m Matched '/element' to command name 'findElement'
[debug] &amp#27;[35m[WD Proxy]&amp#27;[39m Proxying [POST /element] to [POST http://127.0.0.1:8201/wd/hub/session/196d8edb-927c-48ad-acf0-30824bb73c01/element] with body: {"strategy":"id","selector":"com.hmh.api:id/corky","context":"","multiple":false}
[debug] &amp#27;[35m[WD Proxy]&amp#27;[39m Got response with status 200: {"sessionId":"196d8edb-927c-48ad-acf0-30824bb73c01","value":{"ELEMENT":"00000000-0000-0329-ffff-ffff00000053","element-6066-11e4-a52e-4f735466cecf":"00000000-0000-0329-ffff-ffff00000053"}}
[debug] &amp#27;[35m[W3C (075b4ddf)]&amp#27;[39m Responding to client with driver.findElement() result: {"element-6066-11e4-a52e-4f735466cecf":"00000000-0000-0329-ffff-ffff00000053","ELEMENT":"00000000-0000-0329-ffff-ffff00000053"}
&amp#27;[35m[HTTP]&amp#27;[39m &amp#27;[37m<-- POST /wd/hub/session/075b4ddf-17aa-4311-a1c2-caf4a08d3c2f/element &amp#27;[39m&amp#27;[32m200&amp#27;[39m &amp#27;[90m26 ms - 137&amp#27;[39m
&amp#27;[35m[HTTP]&amp#27;[39m &amp#27;[90m&amp#27;[39m
&amp#27;[35m[HTTP]&amp#27;[39m &amp#27;[37m-->&amp#27;[39m &amp#27;[37mPOST&amp#27;[39m &amp#27;[37m/wd/hub/session/075b4ddf-17aa-4311-a1c2-caf4a08d3c2f/touch/perform&amp#27;[39m
&amp#27;[35m[HTTP]&amp#27;[39m &amp#27;[90m{"actions":[{"action":"tap","options":{"element":"00000000-0000-0329-ffff-ffff00000053"}}]}&amp#27;[39m
[debug] &amp#27;[35m[W3C (075b4ddf)]&amp#27;[39m Calling AppiumDriver.performTouch() with args: [[{"action":"tap","options":{"element":"00000000-0000-0329-ffff-ffff00000053"}}],"075b4ddf-17aa-4311-a1c2-caf4a08d3c2f"]
&amp#27;[35m[UiAutomator2]&amp#27;[39m calling get location: 00000000-0000-0329-ffff-ffff00000053
[debug] &amp#27;[35m[WD Proxy]&amp#27;[39m Matched '/element/00000000-0000-0329-ffff-ffff00000053/location' to command name 'getLocation'
[debug] &amp#27;[35m[WD Proxy]&amp#27;[39m Proxying [GET /element/00000000-0000-0329-ffff-ffff00000053/location] to [GET http://127.0.0.1:8201/wd/hub/session/196d8edb-927c-48ad-acf0-30824bb73c01/element/00000000-0000-0329-ffff-ffff00000053/location] with no body
[debug] &amp#27;[35m[WD Proxy]&amp#27;[39m Got response with status 200: {"sessionId":"196d8edb-927c-48ad-acf0-30824bb73c01","value":{"x":443,"y":298}}
[debug] &amp#27;[35m[WD Proxy]&amp#27;[39m Matched '/element/00000000-0000-0329-ffff-ffff00000053/size' to command name 'getSize'
[debug] &amp#27;[35m[WD Proxy]&amp#27;[39m Proxying [GET /element/00000000-0000-0329-ffff-ffff00000053/size] to [GET http://127.0.0.1:8201/wd/hub/session/196d8edb-927c-48ad-acf0-30824bb73c01/element/00000000-0000-0329-ffff-ffff00000053/size] with no body
[debug] &amp#27;[35m[WD Proxy]&amp#27;[39m Got response with status 200: {"sessionId":"196d8edb-927c-48ad-acf0-30824bb73c01","value":{"height":132,"width":194}}
[debug] &amp#27;[35m[WD Proxy]&amp#27;[39m Proxying [POST /appium/tap] to [POST http://127.0.0.1:8201/wd/hub/session/196d8edb-927c-48ad-acf0-30824bb73c01/appium/tap] with body: {"x":540,"y":364,"undefined":null}
[debug] &amp#27;[35m[WD Proxy]&amp#27;[39m Got response with status 200: {"sessionId":"196d8edb-927c-48ad-acf0-30824bb73c01","value":null}
[debug] &amp#27;[35m[W3C (075b4ddf)]&amp#27;[39m Responding to client with driver.performTouch() result: null
&amp#27;[35m[HTTP]&amp#27;[39m &amp#27;[37m<-- POST /wd/hub/session/075b4ddf-17aa-4311-a1c2-caf4a08d3c2f/touch/p  And user tap on get corky                                  # com.APIDemos.stepdefinations.FragmentResultStepDef.user_tap_on_get_corky()
erform &amp#27;[39m&amp#27;[32m200&amp#27;[39m &amp#27;[90m183 ms - 14&amp#27;[39m
&amp#27;[35m[HTTP]&amp#27;[39m &amp#27;[90m&amp#27;[39m
&amp#27;[35m[HTTP]&amp#27;[39m &amp#27;[37m-->&amp#27;[39m &amp#27;[37mGET&amp#27;[39m &amp#27;[37m/wd/hub/session/075b4ddf-17aa-4311-a1c2-caf4a08d3c2f&amp#27;[39m
&amp#27;[35m[HTTP]&amp#27;[39m &amp#27;[90m{}&amp#27;[39m
[debug] &amp#27;[35m[W3C (075b4ddf)]&amp#27;[39m Calling AppiumDriver.getSession() with args: ["075b4ddf-17aa-4311-a1c2-caf4a08d3c2f"]
[debug] &amp#27;[35m[UiAutomator2]&amp#27;[39m Getting session details from server to mix in
[debug] &amp#27;[35m[WD Proxy]&amp#27;[39m Matched '/' to command name 'getSession'
[debug] &amp#27;[35m[WD Proxy]&amp#27;[39m Proxying [GET /] to [GET http://127.0.0.1:8201/wd/hub/session/196d8edb-927c-48ad-acf0-30824bb73c01] with no body
[debug] &amp#27;[35m[WD Proxy]&amp#27;[39m Got response with status 200: {"sessionId":"196d8edb-927c-48ad-acf0-30824bb73c01","value":{"lastScrollData":null}}
[debug] &amp#27;[35m[W3C (075b4ddf)]&amp#27;[39m Responding to client with driver.getSession() result: {"platform":"LINUX","webStorageEnabled":false,"takesScreenshot":true,"javascriptEnabled":true,"databaseEnabled":false,"networkConnectionEnabled":true,"locationContextEnabled":false,"warnings":{},"desired":{"platformName":"android","appium-version":"1.15.1","app":"C:\\Users\\rajkumar06\\Desktop\\Exit_Test\\src\\java\\resources\\Test_Application\\API Demos_4.0_apkcombo.com.apk","appActivity":"com.hmh.api.ApiDemos","appPackage":"com.hmh.api","deviceName":"Android","platformVersion":"8.1"},"platformName":"android","appium-version":"1.15.1","app":"C:\\Users\\rajkumar06\\Desktop\\Exit_Test\\src\\java\\resources\\Test_Application\\API Demos_4.0_apkcombo.com.apk","appActivity":"com.hmh.api.ApiDemos","appPackage":"com.hmh.api","deviceName":"emulator-5554","platformVersion":"8.1.0","deviceUDID":"emulator-5554","deviceApiLevel":27,"deviceScreenSize":"1080x2340","deviceScreenDensity":440,"deviceModel":"Android SDK built for x86","deviceManufacturer":"Google","pixelRatio":2.75,"statBarHeight":66,"viewportRect":{"left":...
&amp#27;[35m[HTTP]&amp#27;[39m &amp#27;[37m<-- GET /wd/hub/session/075b4ddf-17aa-4311-a1c2-caf4a08d3c2f &amp#27;[39m&amp#27;[32m200&amp#27;[39m &amp#27;[90m12 ms - 1092&amp#27;[39m
&amp#27;[35m[HTTP]&amp#27;[39m &amp#27;[90m&amp#27;[39m
&amp#27;[35m[HTTP]&amp#27;[39m &amp#27;[37m-->&amp#27;[39m &amp#27;[37mPOST&amp#27;[39m &amp#27;[37m/wd/hub/session/075b4ddf-17aa-4311-a1c2-caf4a08d3c2f/element&amp#27;[39m
&amp#27;[35m[HTTP]&amp#27;[39m &amp#27;[90m{"using":"id","value":"com.hmh.api:id/results"}&amp#27;[39m
[debug] &amp#27;[35m[W3C (075b4ddf)]&amp#27;[39m Calling AppiumDriver.findElement() with args: ["id","com.hmh.api:id/results","075b4ddf-17aa-4311-a1c2-caf4a08d3c2f"]
[debug] &amp#27;[35m[BaseDriver]&amp#27;[39m Valid locator strategies for this request: xpath, id, class name, accessibility id, css selector, -android uiautomator
[debug] &amp#27;[35m[BaseDriver]&amp#27;[39m Waiting up to 0 ms for condition
[debug] &amp#27;[35m[WD Proxy]&amp#27;[39m Matched '/element' to command name 'findElement'
[debug] &amp#27;[35m[WD Proxy]&amp#27;[39m Proxying [POST /element] to [POST http://127.0.0.1:8201/wd/hub/session/196d8edb-927c-48ad-acf0-30824bb73c01/element] with body: {"strategy":"id","selector":"com.hmh.api:id/results","context":"","multiple":false}
&amp#27;[35m[WD Proxy]&amp#27;[39m Got response with status 404: {"sessionId":"196d8edb-927c-48ad-acf0-30824bb73c01","value":{"error":"no such element","message":"An element could not be located on the page using the given search parameters","stacktrace":"io.appium.uiautomator2.common.exceptions.ElementNotFoundException: An element could not be located on the page using the given search parameters\n\tat io.appium.uiautomator2.handler.FindElement.safeHandle(FindElement.java:70)\n\tat io.appium.uiautomator2.handler.request.SafeRequestHandler.handle(SafeRequestHandler.java:59)\n\tat io.appium.uiautomator2.server.AppiumServlet.handleRequest(AppiumServlet.java:266)\n\tat io.appium.uiautomator2.server.AppiumServlet.handleHttpRequest(AppiumServlet.java:260)\n\tat io.appium.uiautomator2.http.ServerHandler.channelRead(ServerHandler.java:68)\n\tat io.netty.channel.AbstractChannelHandlerContext.invokeChannelRead(AbstractChannelHandlerContext.java:366)\n\tat io.netty.channel.AbstractChannelHandlerContext.invokeChannelRead(AbstractChannelHandlerContext.java:352)\n\tat io.netty.chann...
[debug] &amp#27;[35m[W3C]&amp#27;[39m Matched W3C error code 'no such element' to NoSuchElementError
[debug] &amp#27;[35m[W3C (075b4ddf)]&amp#27;[39m Encountered internal error running command: NoSuchElementError: An element could not be located on the page using the given search parameters.
[debug] &amp#27;[35m[W3C (075b4ddf)]&amp#27;[39m     at AndroidUiautomator2Driver.findElOrEls (C:\Users\rajkumar06\AppData\Roaming\npm\node_modules\appium\node_modules\appium-android-driver\lib\commands\find.js:75:11)
[debug] &amp#27;[35m[W3C (075b4ddf)]&amp#27;[39m     at processTicksAndRejections (internal/process/task_queues.js:93:5)
[debug] &amp#27;[35m[W3C (075b4ddf)]&amp#27;[39m     at AndroidUiautomator2Driver.findElOrElsWithProcessing (C:\Users\rajkumar06\AppData\Roaming\npm\node_modules\appium\node_modules\appium-base-driver\lib\basedriver\commands\find.js:33:12)
[debug] &amp#27;[35m[W3C (075b4ddf)]&amp#27;[39m     at AndroidUiautomator2Driver.findElement (C:\Users\rajkumar06\AppData\Roaming\npm\node_modules\appium\node_modules\appium-base-driver\lib\basedriver\commands\find.js:53:10)
&amp#27;[35m[HTTP]&amp#27;[39m &amp#27;[37m<-- POST /wd/hub/session/075b4ddf-17aa-4311-a1c2-caf4a08d3c2f/element &amp#27;[39m&amp#27;[33m404&amp#27;[39m &amp#27;[90m190 ms - 893&amp#27;[39m
&amp#27;[35m[HTTP]&amp#27;[39m &amp#27;[90m&amp#27;[39m
&amp#27;[35m[HTTP]&amp#27;[39m &amp#27;[37m-->&amp#27;[39m &amp#27;[37mPOST&amp#27;[39m &amp#27;[37m/wd/hub/session/075b4ddf-17aa-4311-a1c2-caf4a08d3c2f/element&amp#27;[39m
&amp#27;[35m[HTTP]&amp#27;[39m &amp#27;[90m{"using":"id","value":"com.hmh.api:id/results"}&amp#27;[39m
[debug] &amp#27;[35m[W3C (075b4ddf)]&amp#27;[39m Calling AppiumDriver.findElement() with args: ["id","com.hmh.api:id/results","075b4ddf-17aa-4311-a1c2-caf4a08d3c2f"]
[debug] &amp#27;[35m[BaseDriver]&amp#27;[39m Valid locator strategies for this request: xpath, id, class name, accessibility id, css selector, -android uiautomator
[debug] &amp#27;[35m[BaseDriver]&amp#27;[39m Waiting up to 0 ms for condition
[debug] &amp#27;[35m[WD Proxy]&amp#27;[39m Matched '/element' to command name 'findElement'
[debug] &amp#27;[35m[WD Proxy]&amp#27;[39m Proxying [POST /element] to [POST http://127.0.0.1:8201/wd/hub/session/196d8edb-927c-48ad-acf0-30824bb73c01/element] with body: {"strategy":"id","selector":"com.hmh.api:id/results","context":"","multiple":false}
[debug] &amp#27;[35m[WD Proxy]&amp#27;[39m Got response with status 200: {"sessionId":"196d8edb-927c-48ad-acf0-30824bb73c01","value":{"ELEMENT":"00000000-0000-0328-ffff-ffff00000045","element-6066-11e4-a52e-4f735466cecf":"00000000-0000-0328-ffff-ffff00000045"}}
[debug] &amp#27;[35m[W3C (075b4ddf)]&amp#27;[39m Responding to client with driver.findElement() result: {"element-6066-11e4-a52e-4f735466cecf":"00000000-0000-0328-ffff-ffff00000045","ELEMENT":"00000000-0000-0328-ffff-ffff00000045"}
&amp#27;[35m[HTTP]&amp#27;[39m &amp#27;[37m<-- POST /wd/hub/session/075b4ddf-17aa-4311-a1c2-caf4a08d3c2f/element &amp#27;[39m&amp#27;[32m200&amp#27;[39m &amp#27;[90m249 ms - 137&amp#27;[39m
&amp#27;[35m[HTTP]&amp#27;[39m &amp#27;[90m&amp#27;[39m
&amp#27;[35m[HTTP]&amp#27;[39m &amp#27;[37m-->&amp#27;[39m &amp#27;[37mGET&amp#27;[39m &amp#27;[37m/wd/hub/session/075b4ddf-17aa-4311-a1c2-caf4a08d3c2f/element/00000000-0000-0328-ffff-ffff00000045/displayed&amp#27;[39m
&amp#27;[35m[HTTP]&amp#27;[39m &amp#27;[90m{}&amp#27;[39m
[debug] &amp#27;[35m[W3C (075b4ddf)]&amp#27;[39m Calling AppiumDriver.elementDisplayed() with args: ["00000000-0000-0328-ffff-ffff00000045","075b4ddf-17aa-4311-a1c2-caf4a08d3c2f"]
[debug] &amp#27;[35m[WD Proxy]&amp#27;[39m Matched '/element/00000000-0000-0328-ffff-ffff00000045/attribute/displayed' to command name 'getAttribute'
[debug] &amp#27;[35m[WD Proxy]&amp#27;[39m Proxying [GET /element/00000000-0000-0328-ffff-ffff00000045/attribute/displayed] to [GET http://127.0.0.1:8201/wd/hub/session/196d8edb-927c-48ad-acf0-30824bb73c01/element/00000000-0000-0328-ffff-ffff00000045/attribute/displayed] with no body
[debug] &amp#27;[35m[WD Proxy]&amp#27;[39m Got response with status 200: {"sessionId":"196d8edb-927c-48ad-acf0-30824bb73c01","value":"true"}
[debug] &amp#27;[35m[W3C (075b4ddf)]&amp#27;[39m Responding to client with driver.elementDisplayed() result: true
&amp#27;[35m[HTTP]&amp#27;[39m &amp#27;[37m<-- GET /wd/hub/session/075b4ddf-17aa-4311-a1c2-caf4a08d3c2f/element/00000000-0000-0328-ffff-ffff00000045/displayed &amp#27;[39m&amp#27;[32m200&amp#27;[39m &amp#27;[90m23 ms - 14&amp#27;[39m
&amp#27;[35m[HTTP]&amp#27;[39m &amp#27;[90m&amp#27;[39m
&amp#27;[35m[HTTP]&amp#27;[39m &amp#27;[37m-->&amp#27;[39m &amp#27;[37mGET&amp#27;[39m &amp#27;[37m/wd/hub/session/075b4ddf-17aa-4311-a1c2-caf4a08d3c2f&amp#27;[39m
&amp#27;[35m[HTTP]&amp#27;[39m &amp#27;[90m{}&amp#27;[39m
[debug] &amp#27;[35m[W3C (075b4ddf)]&amp#27;[39m Calling AppiumDriver.getSession() with args: ["075b4ddf-17aa-4311-a1c2-caf4a08d3c2f"]
[debug] &amp#27;[35m[UiAutomator2]&amp#27;[39m Getting session details from server to mix in
[debug] &amp#27;[35m[WD Proxy]&amp#27;[39m Matched '/' to command name 'getSession'
[debug] &amp#27;[35m[WD Proxy]&amp#27;[39m Proxying [GET /] to [GET http://127.0.0.1:8201/wd/hub/session/196d8edb-927c-48ad-acf0-30824bb73c01] with no body
[debug] &amp#27;[35m[WD Proxy]&amp#27;[39m Got response with status 200: {"sessionId":"196d8edb-927c-48ad-acf0-30824bb73c01","value":{"lastScrollData":null}}
[debug] &amp#27;[35m[W3C (075b4ddf)]&amp#27;[39m Responding to client with driver.getSession() result: {"platform":"LINUX","webStorageEnabled":false,"takesScreenshot":true,"javascriptEnabled":true,"databaseEnabled":false,"networkConnectionEnabled":true,"locationContextEnabled":false,"warnings":{},"desired":{"platformName":"android","appium-version":"1.15.1","app":"C:\\Users\\rajkumar06\\Desktop\\Exit_Test\\src\\java\\resources\\Test_Application\\API Demos_4.0_apkcombo.com.apk","appActivity":"com.hmh.api.ApiDemos","appPackage":"com.hmh.api","deviceName":"Android","platformVersion":"8.1"},"platformName":"android","appium-version":"1.15.1","app":"C:\\Users\\rajkumar06\\Desktop\\Exit_Test\\src\\java\\resources\\Test_Application\\API Demos_4.0_apkcombo.com.apk","appActivity":"com.hmh.api.ApiDemos","appPackage":"com.hmh.api","deviceName":"emulator-5554","platformVersion":"8.1.0","deviceUDID":"emulator-5554","deviceApiLevel":27,"deviceScreenSize":"1080x2340","deviceScreenDensity":440,"deviceModel":"Android SDK built for x86","deviceManufacturer":"Google","pixelRatio":2.75,"statBarHeight":66,"viewportRect":{"left":...
&amp#27;[35m[HTTP]&amp#27;[39m &amp#27;[37m<-- GET /wd/hub/session/075b4ddf-17aa-4311-a1c2-caf4a08d3c2f &amp#27;[39m&amp#27;[32m200&amp#27;[39m &amp#27;[90m12 ms - 1092&amp#27;[39m
&amp#27;[35m[HTTP]&amp#27;[39m &amp#27;[90m&amp#27;[39m
&amp#27;[35m[HTTP]&amp#27;[39m &amp#27;[37m-->&amp#27;[39m &amp#27;[37mPOST&amp#27;[39m &amp#27;[37m/wd/hub/session/075b4ddf-17aa-4311-a1c2-caf4a08d3c2f/element&amp#27;[39m
&amp#27;[35m[HTTP]&amp#27;[39m &amp#27;[90m{"using":"id","value":"com.hmh.api:id/results"}&amp#27;[39m
[debug] &amp#27;[35m[W3C (075b4ddf)]&amp#27;[39m Calling AppiumDriver.findElement() with args: ["id","com.hmh.api:id/results","075b4ddf-17aa-4311-a1c2-caf4a08d3c2f"]
[debug] &amp#27;[35m[BaseDriver]&amp#27;[39m Valid locator strategies for this request: xpath, id, class name, accessibility id, css selector, -android uiautomator
[debug] &amp#27;[35m[BaseDriver]&amp#27;[39m Waiting up to 0 ms for condition
[debug] &amp#27;[35m[WD Proxy]&amp#27;[39m Matched '/element' to command name 'findElement'
[debug] &amp#27;[35m[WD Proxy]&amp#27;[39m Proxying [POST /element] to [POST http://127.0.0.1:8201/wd/hub/session/196d8edb-927c-48ad-acf0-30824bb73c01/element] with body: {"strategy":"id","selector":"com.hmh.api:id/results","context":"","multiple":false}
[debug] &amp#27;[35m[WD Proxy]&amp#27;[39m Got response with status 200: {"sessionId":"196d8edb-927c-48ad-acf0-30824bb73c01","value":{"ELEMENT":"00000000-0000-0328-ffff-ffff00000045","element-6066-11e4-a52e-4f735466cecf":"00000000-0000-0328-ffff-ffff00000045"}}
[debug] &amp#27;[35m[W3C (075b4ddf)]&amp#27;[39m Responding to client with driver.findElement() result: {"element-6066-11e4-a52e-4f735466cecf":"00000000-0000-0328-ffff-ffff00000045","ELEMENT":"00000000-0000-0328-ffff-ffff00000045"}
&amp#27;[35m[HTTP]&amp#27;[39m &amp#27;[37m<-- POST /wd/hub/session/075b4ddf-17aa-4311-a1c2-caf4a08d3c2f/element &amp#27;[39m&amp#27;[32m200&amp#27;[39m &amp#27;[90m30 ms - 137&amp#27;[39m
&amp#27;[35m[HTTP]&amp#27;[39m &amp#27;[90m&amp#27;[39m
&amp#27;[35m[HTTP]&amp#27;[39m &amp#27;[37m-->&amp#27;[39m &amp#27;[37mGET&amp#27;[39m &amp#27;[37m/wd/hub/session/075b4ddf-17aa-4311-a1c2-caf4a08d3c2f/element/00000000-0000-0328-ffff-ffff00000045/text&amp#27;[39m
&amp#27;[35m[HTTP]&amp#27;[39m &amp#27;[90m{}&amp#27;[39m
&amp#27;[35m[W3C (075b4ddf)]&amp#27;[39m Driver proxy active, passing request on via HTTP proxy
[debug] &amp#27;[35m[WD Proxy]&amp#27;[39m Matched '/wd/hub/session/075b4ddf-17aa-4311-a1c2-caf4a08d3c2f/element/00000000-0000-0328-ffff-ffff00000045/text' to command name 'getText'
[debug] &amp#27;[35m[WD Proxy]&amp#27;[39m Proxying [GET /wd/hub/session/075b4ddf-17aa-4311-a1c2-caf4a08d3c2f/element/00000000-0000-0328-ffff-ffff00000045/text] to [GET http://127.0.0.1:8201/wd/hub/session/196d8edb-927c-48ad-acf0-30824bb73c01/element/00000000-0000-0328-ffff-ffff00000045/text] with no body
[debug] &amp#27;[35m[WD Proxy]&amp#27;[39m Got response with status 200: {"sessionId":"196d8edb-927c-48ad-acf0-30824bb73c01","value":"(okay -1) Corky!\n"}
&amp#27;[35m[WD Proxy]&amp#27;[39m Replacing sessionId 196d8edb-927c-48ad-acf0-30824bb73c01 with 075b4ddf-17aa-4311-a1c2-caf4a08d3c2f
&amp#27;[35m[HTTP]&amp#27;[39m &amp#27;[37m<-- GET /wd/hub/session/075b4ddf-17aa-4311-a1c2-caf4a08d3c2f/element/00000000-0000-0328-ffff-ffff00000045/text &amp#27;[39m&amp#27;[32m200&amp#27;[39m &amp#27;[90m24 ms - 81&amp#27;[39m
&amp#27;[35m[HTTP]&amp#27;[39m &amp#27;[90m&amp#27;[39m
  Then user verify that results text with "(okay -1) Corky!" # com.APIDemos.stepdefinations.FragmentResultStepDef.user_verify_that_results_text_with(java.lang.String)
      java.lang.AssertionError: expected [(okay -1) Corky!
] but found [(okay -1) Corky!]
	at org.testng.Assert.fail(Assert.java:99)
	at org.testng.Assert.failNotEquals(Assert.java:1037)
	at org.testng.Assert.assertEqualsImpl(Assert.java:140)
	at org.testng.Assert.assertEquals(Assert.java:122)
	at org.testng.Assert.assertEquals(Assert.java:629)
	at org.testng.Assert.assertEquals(Assert.java:639)
	at com.APIDemos.stepdefinations.FragmentResultStepDef.user_verify_that_results_text_with(FragmentResultStepDef.java:59)
	at âœ½.user verify that results text with "(okay -1) Corky!"(file:///C:/Users/rajkumar06/Desktop/Exit_Test/src/test/java/com/APIDemos/feature/Fragmentmenufeature.feature:12)

&amp#27;[35m[HTTP]&amp#27;[39m &amp#27;[37m-->&amp#27;[39m &amp#27;[37mGET&amp#27;[39m &amp#27;[37m/wd/hub/session/075b4ddf-17aa-4311-a1c2-caf4a08d3c2f/screenshot&amp#27;[39m
&amp#27;[35m[HTTP]&amp#27;[39m &amp#27;[90m{}&amp#27;[39m
[debug] &amp#27;[35m[W3C (075b4ddf)]&amp#27;[39m Calling AppiumDriver.getScreenshot() with args: ["075b4ddf-17aa-4311-a1c2-caf4a08d3c2f"]
[debug] &amp#27;[35m[WD Proxy]&amp#27;[39m Matched '/screenshot' to command name 'getScreenshot'
[debug] &amp#27;[35m[WD Proxy]&amp#27;[39m Proxying [GET /screenshot] to [GET http://127.0.0.1:8201/wd/hub/session/196d8edb-927c-48ad-acf0-30824bb73c01/screenshot] with no body
[debug] &amp#27;[35m[WD Proxy]&amp#27;[39m Got response with status 200: {"sessionId":"196d8edb-927c-48ad-acf0-30824bb73c01","value":"iVBORw0KGgoAAAANSUhEUgAABDgAAAkkCAYAAAD508+vAAAABHNCSVQICAgIfAhkiAAAIABJREFU\neJzs3XlYVGX/P/D37BvDvikiaiopKmhoLrjkkmhm5W4mqWVl+RQ+fh/ryVKzrJ+VpS1PmlmWLYZZ\ntlhambtSPmUYuCSZiiL7MgyzADPn9wffma/IDDAIzAy8X9fldck5Z865Z5gzzHmf+/7cIgACiIiI\niIiIiIi8mNjdDSAiIiIiIiIiul4MOIiIiIiIiIjI6zHgICIiIiIiIiKvx4CDiIiIiIiIiLweAw4i\nIiIiIiIi8noMOIiIiIiIiIjI6zHgICIiIiIiIiKvx4CDiIiIiIiIiLweAw4iIiIiIiIi8npSdzeA\nyFNIpVJERUXhrrvuwuzZsxEcHAwAEAQBIpGoxrZXLyspKcGHH36Izz//HOfOnUNVVRUEQWjx9hMR\nEREREbVlIgC8EqM2SyQSQSaTYdasWXj88ceh1Wrty11hCzQMBgNeffVVbNq0CRUVFQw6iIiIiIiI\nWggDjqtIJBKEhobWuU1eXh4sFksLtYiak0gkwrx58/D0009DJpO5HGo4IwgCKisrERsbi9LS0ibZ\nJ3kOiUQCAPwcICIiIiLyMByi8r8UCgUSEhIwbNiwOrc7evQo9u3bB5PJ1EIto+YQFhaGXbt2ITQ0\ntMmCDRuRSAS5XI6ZM2diw4YNXt2LQ6PRYMCAAYiNjbVf2DdGeXk5MjIycOLECa8JfcRiMRQKBdRq\nNdRqNRQKBcRicY2Aw2q1wmw2w2AwwGAwwGw2w2q1urnlRERErVtMTAx8fX0xaNAgAMDgwYOdbnvk\nyBEA1d/hdTodMjIyWqSNBBQUFDR4W9vQcKLrxR4c/yskJASbNm1CfHx8ndulp6fjnnvuQV5eXgu1\njJqSSCRCUlISnn32WUilzZvv...
[debug] &amp#27;[35m[W3C (075b4ddf)]&amp#27;[39m Responding to client with driver.getScreenshot() result: "iVBORw0KGgoAAAANSUhEUgAABDgAAAkkCAYAAAD508+vAAAABHNCSVQICAgIfAhkiAAAIABJREFU\neJzs3XlYVGX/P/D37BvDvikiaiopKmhoLrjkkmhm5W4mqWVl+RQ+fh/ryVKzrJ+VpS1PmlmWLYZZ\ntlhambtSPmUYuCSZiiL7MgyzADPn9wffma/IDDAIzAy8X9fldck5Z865Z5gzzHmf+/7cIgACiIiI\niIiIiIi8mNjdDSAiIiIiIiIiul4MOIiIiIiIiIjI6zHgICIiIiIiIiKvx4CDiIiIiIiIiLweAw4i\nIiIiIiIi8noMOIiIiIiIiIjI6zHgICIiIiIiIiKvx4CDiIiIiIiIiLweAw4iIiIiIiIi8npSdzeA\nyFNIpVJERUXhrrvuwuzZsxEcHAwAEAQBIpGoxrZXLyspKcGHH36Izz//HOfOnUNVVRUEQWjx9hMR\nEREREbVlIgC8EqM2SyQSQSaTYdasWXj88ceh1Wrty11hCzQMBgNeffVVbNq0CRUVFQw6iIiIiIiI\nWggDjqtIJBKEhobWuU1eXh4sFksLtYiak0gkwrx58/D0009DJpO5HGo4IwgCKisrERsbi9LS0ibZ\nJ3kOiUQCAPwcICIiIiLyMByi8r8UCgUSEhIwbNiwOrc7evQo9u3bB5PJ1EIto+YQFhaGXbt2ITQ0\ntMmCDRuRSAS5XI6ZM2diw4YNXt2LQ6PRYMCAAYiNjbVf2DdGeXk5MjIycOLECa8JfcRiMRQKBdRq\nNdRqNRQKBcRicY2Aw2q1wmw2w2AwwGAwwGw2w2q1urnlRERErVtMTAx8fX0xaNAgAMDgwYOdbnvk\nyBEA1d/hdTodMjIyWqSNBBQUFDR4W9vQcKLrxR4c/yskJASbNm1CfHx8ndulp6fjnnvuQV5eXgu1\njJqSSCRCUlISnn32WUilzZvvWSwWREVFwWq12kMUbwo7pFIphg4dioULF6J///7X9XrZAo6UlBTs\n2rULRU...
&amp#27;[35m[HTTP]&amp#27;[39m &amp#27;[37m<-- GET /wd/hub/session/075b4ddf-17aa-4311-a1c2-caf4a08d3c2f/screenshot &amp#27;[39m&amp#27;[32m200&amp#27;[39m &amp#27;[90m354 ms - 101972&amp#27;[39m
&amp#27;[35m[HTTP]&amp#27;[39m &amp#27;[90m&amp#27;[39m
&amp#27;[35m[HTTP]&amp#27;[39m &amp#27;[37m-->&amp#27;[39m &amp#27;[37mGET&amp#27;[39m &amp#27;[37m/wd/hub/session/075b4ddf-17aa-4311-a1c2-caf4a08d3c2f/screenshot&amp#27;[39m
&amp#27;[35m[HTTP]&amp#27;[39m &amp#27;[90m{}&amp#27;[39m
[debug] &amp#27;[35m[W3C (075b4ddf)]&amp#27;[39m Calling AppiumDriver.getScreenshot() with args: ["075b4ddf-17aa-4311-a1c2-caf4a08d3c2f"]
[debug] &amp#27;[35m[WD Proxy]&amp#27;[39m Matched '/screenshot' to command name 'getScreenshot'
[debug] &amp#27;[35m[WD Proxy]&amp#27;[39m Proxying [GET /screenshot] to [GET http://127.0.0.1:8201/wd/hub/session/196d8edb-927c-48ad-acf0-30824bb73c01/screenshot] with no body
[debug] &amp#27;[35m[WD Proxy]&amp#27;[39m Got response with status 200: {"sessionId":"196d8edb-927c-48ad-acf0-30824bb73c01","value":"iVBORw0KGgoAAAANSUhEUgAABDgAAAkkCAYAAAD508+vAAAABHNCSVQICAgIfAhkiAAAIABJREFU\neJzs3XlYVGX/P/D37BvDvikiaiopKmhoLrjkkmhm5W4mqWVl+RQ+fh/ryVKzrJ+VpS1PmlmWLYZZ\ntlhambtSPmUYuCSZiiL7MgyzADPn9wffma/IDDAIzAy8X9fldck5Z865Z5gzzHmf+/7cIgACiIiI\niIiIiIi8mNjdDSAiIiIiIiIiul4MOIiIiIiIiIjI6zHgICIiIiIiIiKvx4CDiIiIiIiIiLweAw4i\nIiIiIiIi8noMOIiIiIiIiIjI6zHgICIiIiIiIiKvx4CDiIiIiIiIiLweAw4iIiIiIiIi8npSdzeA\nyFNIpVJERUXhrrvuwuzZsxEcHAwAEAQBIpGoxrZXLyspKcGHH36Izz//HOfOnUNVVRUEQWjx9hMR\nEREREbVlIgC8EqM2SyQSQSaTYdasWXj88ceh1Wrty11hCzQMBgNeffVVbNq0CRUVFQw6iIiIiIiI\nWggDjqtIJBKEhobWuU1eXh4sFksLtYiak0gkwrx58/D0009DJpO5HGo4IwgCKisrERsbi9LS0ibZ\nJ3kOiUQCAPwcICIiIiLyMByi8r8UCgUSEhIwbNiwOrc7evQo9u3bB5PJ1EIto+YQFhaGXbt2ITQ0\ntMmCDRuRSAS5XI6ZM2diw4YNXt2LQ6PRYMCAAYiNjbVf2DdGeXk5MjIycOLECa8JfcRiMRQKBdRq\nNdRqNRQKBcRicY2Aw2q1wmw2w2AwwGAwwGw2w2q1urnlRERErVtMTAx8fX0xaNAgAMDgwYOdbnvk\nyBEA1d/hdTodMjIyWqSNBBQUFDR4W9vQcKLrxR4c/yskJASbNm1CfHx8ndulp6fjnnvuQV5eXgu1\njJqSSCRCUlISnn32WUilzZvv...
[debug] &amp#27;[35m[W3C (075b4ddf)]&amp#27;[39m Responding to client with driver.getScreenshot() result: "iVBORw0KGgoAAAANSUhEUgAABDgAAAkkCAYAAAD508+vAAAABHNCSVQICAgIfAhkiAAAIABJREFU\neJzs3XlYVGX/P/D37BvDvikiaiopKmhoLrjkkmhm5W4mqWVl+RQ+fh/ryVKzrJ+VpS1PmlmWLYZZ\ntlhambtSPmUYuCSZiiL7MgyzADPn9wffma/IDDAIzAy8X9fldck5Z865Z5gzzHmf+/7cIgACiIiI\niIiIiIi8mNjdDSAiIiIiIiIiul4MOIiIiIiIiIjI6zHgICIiIiIiIiKvx4CDiIiIiIiIiLweAw4i\nIiIiIiIi8noMOIiIiIiIiIjI6zHgICIiIiIiIiKvx4CDiIiIiIiIiLweAw4iIiIiIiIi8npSdzeA\nyFNIpVJERUXhrrvuwuzZsxEcHAwAEAQBIpGoxrZXLyspKcGHH36Izz//HOfOnUNVVRUEQWjx9hMR\nEREREbVlIgC8EqM2SyQSQSaTYdasWXj88ceh1Wrty11hCzQMBgNeffVVbNq0CRUVFQw6iIiIiIiI\nWggDjqtIJBKEhobWuU1eXh4sFksLtYiak0gkwrx58/D0009DJpO5HGo4IwgCKisrERsbi9LS0ibZ
    Embedding user verify the get corky button [image/jpg 74506 bytes]

\nJ3kOiUQCAPwcICIiIiLyMByi8r8UCgUSEhIwbNiwOrc7evQo9u3bB5PJ1EIto+YQFhaGXbt2ITQ0\ntMmCDRuRSAS5XI6ZM2diw4YNXt2LQ6PRYMCAAYiNjbVf2DdGeXk5MjIycOLECa8JfcRiMRQKBdRq\nNdRqNRQKBcRicY2Aw2q1wmw2w2AwwGAwwGw2w2q1urnlRERErVtMTAx8fX0xaNAgAMDgwYOdbnvk\nyBEA1d/hdTodMjIyWqSNBBQUFDR4W9vQcKLrxR4c/yskJASbNm1CfHx8ndulp6fjnnvuQV5eXgu1\njJqSSCRCUlISnn32WUilzZvvWSwWREVFwWq12kMUbwo7pFIphg4dioULF6J///7X9XrZAo6UlBTs\n2rULRU...
&amp#27;[35m[HTTP]&amp#27;[39m &amp#27;[37m<-- GET /wd/hub/session/075b4ddf-17aa-4311-a1c2-caf4a08d3c2f/screenshot &amp#27;[39m&amp#27;[32m200&amp#27;[39m &amp#27;[90m291 ms - 101972&amp#27;[39m
&amp#27;[35m[HTTP]&amp#27;[39m &amp#27;[90m&amp#27;[39m
&amp#27;[35m[HTTP]&amp#27;[39m &amp#27;[37m-->&amp#27;[39m &amp#27;[37mDELETE&amp#27;[39m &amp#27;[37m/wd/hub/session/075b4ddf-17aa-4311-a1c2-caf4a08d3c2f&amp#27;[39m
&amp#27;[35m[HTTP]&amp#27;[39m &amp#27;[90m{}&amp#27;[39m
[debug] &amp#27;[35m[W3C (075b4ddf)]&amp#27;[39m Calling AppiumDriver.deleteSession() with args: ["075b4ddf-17aa-4311-a1c2-caf4a08d3c2f"]
[debug] &amp#27;[35m[BaseDriver]&amp#27;[39m Event 'quitSessionRequested' logged at 1675323879001 (13:14:39 GMT+0530 (India Standard Time))
&amp#27;[35m[Appium]&amp#27;[39m Removing session 075b4ddf-17aa-4311-a1c2-caf4a08d3c2f from our master session list
[debug] &amp#27;[35m[UiAutomator2]&amp#27;[39m Deleting UiAutomator2 session
[debug] &amp#27;[35m[UiAutomator2]&amp#27;[39m Deleting UiAutomator2 server session
[debug] &amp#27;[35m[WD Proxy]&amp#27;[39m Matched '/' to command name 'deleteSession'
[debug] &amp#27;[35m[WD Proxy]&amp#27;[39m Proxying [DELETE /] to [DELETE http://127.0.0.1:8201/wd/hub/session/196d8edb-927c-48ad-acf0-30824bb73c01] with no body
[debug] &amp#27;[35m[WD Proxy]&amp#27;[39m Got response with status 200: {"sessionId":"196d8edb-927c-48ad-acf0-30824bb73c01","value":null}
[debug] &amp#27;[35m[ADB]&amp#27;[39m Running 'C:\Users\rajkumar06\AppData\Local\Android\Sdk\platform-tools\adb.exe -P 5037 -s emulator-5554 shell am force-stop com.hmh.api'
[debug] &amp#27;[35m[Instrumentation]&amp#27;[39m .
[debug] &amp#27;[35m[Logcat]&amp#27;[39m Stopping logcat capture
[debug] &amp#27;[35m[ADB]&amp#27;[39m Removing forwarded port socket connection: 8201 
[debug] &amp#27;[35m[ADB]&amp#27;[39m Running 'C:\Users\rajkumar06\AppData\Local\Android\Sdk\platform-tools\adb.exe -P 5037 -s emulator-5554 forward --remove tcp:8201'
[debug] &amp#27;[35m[Instrumentation]&amp#27;[39m Time: 13.125
[debug] &amp#27;[35m[Instrumentation]&amp#27;[39m 
[debug] &amp#27;[35m[Instrumentation]&amp#27;[39m OK (1 test)
[debug] &amp#27;[35m[BaseDriver]&amp#27;[39m Event 'quitSessionFinished' logged at 1675323879215 (13:14:39 GMT+0530 (India Standard Time))
[debug] &amp#27;[35m[W3C (075b4ddf)]&amp#27;[39m Received response: null
[debug] &amp#27;[35m[W3C (075b4ddf)]&amp#27;[39m But deleting session, so not returning
[debug] &amp#27;[35m[W3C (075b4ddf)]&amp#27;[39m Responding to client with driver.deleteSession() result: null
&amp#27;[35m[HTTP]&amp#27;[39m &amp#27;[37m<-- DELETE /wd/hub/session/075b4ddf-17aa-4311-a1c2-caf4a08d3c2f &amp#27;[39m&amp#27;[32m200&amp#27;[39m &amp#27;[90m216 ms - 14&amp#27;[39m
&amp#27;[35m[HTTP]&amp#27;[39m &amp#27;[90m&amp#27;[39m
]]></system-out>
    <system-err><![CDATA[Feb 02, 2023 1:14:28 PM io.appium.java_client.remote.AppiumCommandExecutor$1 lambda$0
INFO: Detected dialect: W3C
]]></system-err>
  </testcase>
  <testcase name="runScenario" classname="com.APIDemos.Runner.Run" time="21.931"/>
  <testcase name="runScenario" classname="com.APIDemos.Runner.Run" time="19.451"/>
  <testcase name="runScenario" classname="com.APIDemos.Runner.Run" time="24.137">
    <failure message="Expected condition failed: Cannot find the element by swiping upnot found (tried for 5 second(s) with 500 milliseconds interval)" type="org.openqa.selenium.TimeoutException">org.openqa.selenium.TimeoutException: Expected condition failed: Cannot find the element by swiping upnot found (tried for 5 second(s) with 500 milliseconds interval)
Caused by: org.openqa.selenium.NoSuchElementException: 
Cannot locate an element using By.xpath: //android.widget.TextView[@text = 'TextSwitcher']
For documentation on this error, please visit: http://seleniumhq.org/exceptions/no_such_element.html
Build info: version: '3.12.0', revision: '7c6e0b3', time: '2018-05-08T14:04:26.12Z'
System info: host: 'IN-3KKJ1J3', ip: '192.168.1.107', os.name: 'Windows 10', os.arch: 'amd64', os.version: '10.0', java.version: '11.0.5'
Driver info: driver.version: unknown
</failure>
    <system-out><![CDATA[
@TextSwitcherTest
Scenario: user verify the textswitcher functions # src/test/java/com/APIDemos/feature/Textswitcherfeature.feature:9
&amp#27;[35m[Appium]&amp#27;[39m Welcome to Appium v1.22.3
&amp#27;[35m[Appium]&amp#27;[39m Appium REST http interface listener started on 0.0.0.0:4723
&amp#27;[35m[HTTP]&amp#27;[39m &amp#27;[37m-->&amp#27;[39m &amp#27;[37mGET&amp#27;[39m &amp#27;[37m/wd/hub/status&amp#27;[39m
&amp#27;[35m[HTTP]&amp#27;[39m &amp#27;[90m{}&amp#27;[39m
[debug] &amp#27;[35m[GENERIC]&amp#27;[39m Calling AppiumDriver.getStatus() with args: []
[debug] &amp#27;[35m[GENERIC]&amp#27;[39m Responding to client with driver.getStatus() result: {"build":{"version":"1.22.3"}}
srcjavaesourcesTest_ApplicationAPI Demos_4.0_apkcombo.com.apk
&amp#27;[35m[HTTP]&amp#27;[39m &amp#27;[37m<-- GET /wd/hub/status &amp#27;[39m&amp#27;[32m200&amp#27;[39m &amp#27;[90m5 ms - 68&amp#27;[39m
&amp#27;[35m[HTTP]&amp#27;[39m &amp#27;[90m&amp#27;[39m
&amp#27;[35m[HTTP]&amp#27;[39m &amp#27;[37m-->&amp#27;[39m &amp#27;[37mPOST&amp#27;[39m &amp#27;[37m/wd/hub/session&amp#27;[39m
&amp#27;[35m[HTTP]&amp#27;[39m &amp#27;[90m{"desiredCapabilities":{"app":"C:\\Users\\rajkumar06\\Desktop\\Exit_Test\\src\\java\\resources\\Test_Application\\API Demos_4.0_apkcombo.com.apk","appActivity":"com.hmh.api.ApiDemos","appPackage":"com.hmh.api","appium-version":"1.15.1","platformVersion":"8.1","platformName":"Android","deviceName":"Android"},"capabilities":{"alwaysMatch":{"appium:app":"C:\\Users\\rajkumar06\\Desktop\\Exit_Test\\src\\java\\resources\\Test_Application\\API Demos_4.0_apkcombo.com.apk","appium:appActivity":"com.hmh.api.ApiDemos","appium:appPackage":"com.hmh.api","appium-version":"1.15.1","appium:deviceName":"Android","platformName":"android","appium:platformVersion":"8.1"},"firstMatch":[{}]}}&amp#27;[39m
[debug] &amp#27;[35m[W3C]&amp#27;[39m Calling AppiumDriver.createSession() with args: [{"app":"C:\\Users\\rajkumar06\\Desktop\\Exit_Test\\src\\java\\resources\\Test_Application\\API Demos_4.0_apkcombo.com.apk","appActivity":"com.hmh.api.ApiDemos","appPackage":"com.hmh.api","appium-version":"1.15.1","platformVersion":"8.1","platformName":"Android","deviceName":"Android"},null,{"alwaysMatch":{"appium:app":"C:\\Users\\rajkumar06\\Desktop\\Exit_Test\\src\\java\\resources\\Test_Application\\API Demos_4.0_apkcombo.com.apk","appium:appActivity":"com.hmh.api.ApiDemos","appium:appPackage":"com.hmh.api","appium-version":"1.15.1","appium:deviceName":"Android","platformName":"android","appium:platformVersion":"8.1"},"firstMatch":[{}]}]
[debug] &amp#27;[35m[BaseDriver]&amp#27;[39m Event 'newSessionRequested' logged at 1675323922969 (13:15:22 GMT+0530 (India Standard Time))
&amp#27;[35m[BaseDriver]&amp#27;[39m The following capabilities are not standard capabilities and should have an extension prefix:
&amp#27;[35m[BaseDriver]&amp#27;[39m   appium-version
&amp#27;[35m[Appium]&amp#27;[39m 
&amp#27;[35m[Appium]&amp#27;[39m ======================================================================
&amp#27;[35m[Appium]&amp#27;[39m   DEPRECATION WARNING:
&amp#27;[35m[Appium]&amp#27;[39m 
&amp#27;[35m[Appium]&amp#27;[39m   The 'automationName' capability was not provided in the desired 
&amp#27;[35m[Appium]&amp#27;[39m   capabilities for this Android session
&amp#27;[35m[Appium]&amp#27;[39m 
&amp#27;[35m[Appium]&amp#27;[39m   Setting 'automationName=UiAutomator2' by default and using the 
&amp#27;[35m[Appium]&amp#27;[39m   UiAutomator2 Driver
&amp#27;[35m[Appium]&amp#27;[39m 
&amp#27;[35m[Appium]&amp#27;[39m   The next major version of Appium (2.x) will **require** the 
&amp#27;[35m[Appium]&amp#27;[39m   'automationName' capability to be set for all sessions on all 
&amp#27;[35m[Appium]&amp#27;[39m   platforms
&amp#27;[35m[Appium]&amp#27;[39m 
&amp#27;[35m[Appium]&amp#27;[39m   In previous versions (Appium <= 1.13.x), the default was 
&amp#27;[35m[Appium]&amp#27;[39m   'automationName=UiAutomator1'
&amp#27;[35m[Appium]&amp#27;[39m 
&amp#27;[35m[Appium]&amp#27;[39m   If you wish to use that automation instead of UiAutomator2, please 
&amp#27;[35m[Appium]&amp#27;[39m   add 'automationName=UiAutomator1' to your desired capabilities
&amp#27;[35m[Appium]&amp#27;[39m 
&amp#27;[35m[Appium]&amp#27;[39m   For more information about drivers, please visit 
&amp#27;[35m[Appium]&amp#27;[39m   http://appium.io/docs/en/about-appium/intro/ and explore the 
&amp#27;[35m[Appium]&amp#27;[39m   'Drivers' menu
&amp#27;[35m[Appium]&amp#27;[39m 
&amp#27;[35m[Appium]&amp#27;[39m ======================================================================
&amp#27;[35m[Appium]&amp#27;[39m 
&amp#27;[35m[Appium]&amp#27;[39m Appium v1.22.3 creating new AndroidUiautomator2Driver (v1.70.1) session
[debug] &amp#27;[35m[BaseDriver]&amp#27;[39m W3C capabilities and MJSONWP desired capabilities were provided
[debug] &amp#27;[35m[BaseDriver]&amp#27;[39m Creating session with W3C capabilities: {
[debug] &amp#27;[35m[BaseDriver]&amp#27;[39m   "alwaysMatch": {
[debug] &amp#27;[35m[BaseDriver]&amp#27;[39m     "appium:appium-version": "1.15.1",
[debug] &amp#27;[35m[BaseDriver]&amp#27;[39m     "platformName": "android",
[debug] &amp#27;[35m[BaseDriver]&amp#27;[39m     "appium:app": "C:\\Users\\rajkumar06\\Desktop\\Exit_Test\\src\\java\\resources\\Test_Application\\API Demos_4.0_apkcombo.com.apk",
[debug] &amp#27;[35m[BaseDriver]&amp#27;[39m     "appium:appActivity": "com.hmh.api.ApiDemos",
[debug] &amp#27;[35m[BaseDriver]&amp#27;[39m     "appium:appPackage": "com.hmh.api",
[debug] &amp#27;[35m[BaseDriver]&amp#27;[39m     "appium:deviceName": "Android",
[debug] &amp#27;[35m[BaseDriver]&amp#27;[39m     "appium:platformVersion": "8.1"
[debug] &amp#27;[35m[BaseDriver]&amp#27;[39m   },
[debug] &amp#27;[35m[BaseDriver]&amp#27;[39m   "firstMatch": [
[debug] &amp#27;[35m[BaseDriver]&amp#27;[39m     {}
[debug] &amp#27;[35m[BaseDriver]&amp#27;[39m   ]
[debug] &amp#27;[35m[BaseDriver]&amp#27;[39m }
&amp#27;[35m[BaseDriver]&amp#27;[39m The following capabilities were provided, but are not recognized by Appium:
&amp#27;[35m[BaseDriver]&amp#27;[39m   appium-version
&amp#27;[35m[BaseDriver]&amp#27;[39m Session created with session id: 42ec887b-f5a0-43ee-81f9-55b4915c506a
&amp#27;[35m[BaseDriver]&amp#27;[39m Using local app 'C:\Users\rajkumar06\Desktop\Exit_Test\src\java\resources\Test_Application\API Demos_4.0_apkcombo.com.apk'
[debug] &amp#27;[35m[UiAutomator2]&amp#27;[39m Checking whether app is actually present
&amp#27;[35m[ADB]&amp#27;[39m Found 1 'build-tools' folders under 'C:\Users\rajkumar06\AppData\Local\Android\Sdk' (newest first):
&amp#27;[35m[ADB]&amp#27;[39m     C:/Users/rajkumar06/AppData/Local/Android/Sdk/build-tools/33.0.0
&amp#27;[35m[ADB]&amp#27;[39m Using 'adb.exe' from 'C:\Users\rajkumar06\AppData\Local\Android\Sdk\platform-tools\adb.exe'
[debug] &amp#27;[35m[ADB]&amp#27;[39m Running 'C:\Users\rajkumar06\AppData\Local\Android\Sdk\platform-tools\adb.exe -P 5037 start-server'
&amp#27;[35m[AndroidDriver]&amp#27;[39m Retrieving device list
[debug] &amp#27;[35m[ADB]&amp#27;[39m Trying to find a connected android device
[debug] &amp#27;[35m[ADB]&amp#27;[39m Getting connected devices
[debug] &amp#27;[35m[ADB]&amp#27;[39m Connected devices: [{"udid":"emulator-5554","state":"device"}]
&amp#27;[35m[AndroidDriver]&amp#27;[39m Looking for a device with Android '8.1.0'
[debug] &amp#27;[35m[ADB]&amp#27;[39m Setting device id to emulator-5554
&amp#27;[35m[ADB]&amp#27;[39m Getting device platform version
[debug] &amp#27;[35m[ADB]&amp#27;[39m Running 'C:\Users\rajkumar06\AppData\Local\Android\Sdk\platform-tools\adb.exe -P 5037 -s emulator-5554 shell getprop ro.build.version.release'
[debug] &amp#27;[35m[ADB]&amp#27;[39m Current device property 'ro.build.version.release': 8.1.0
&amp#27;[35m[AndroidDriver]&amp#27;[39m Using device: emulator-5554
&amp#27;[35m[ADB]&amp#27;[39m Using 'adb.exe' from 'C:\Users\rajkumar06\AppData\Local\Android\Sdk\platform-tools\adb.exe'
[debug] &amp#27;[35m[ADB]&amp#27;[39m Running 'C:\Users\rajkumar06\AppData\Local\Android\Sdk\platform-tools\adb.exe -P 5037 start-server'
[debug] &amp#27;[35m[ADB]&amp#27;[39m Setting device id to emulator-5554
[debug] &amp#27;[35m[ADB]&amp#27;[39m Running 'C:\Users\rajkumar06\AppData\Local\Android\Sdk\platform-tools\adb.exe -P 5037 -s emulator-5554 shell getprop ro.build.version.sdk'
[debug] &amp#27;[35m[ADB]&amp#27;[39m Current device property 'ro.build.version.sdk': 27
[debug] &amp#27;[35m[ADB]&amp#27;[39m Device API level: 27
[debug] &amp#27;[35m[ADB]&amp#27;[39m Running 'C:\Users\rajkumar06\AppData\Local\Android\Sdk\platform-tools\adb.exe -P 5037 -s emulator-5554 wait-for-device'
[debug] &amp#27;[35m[ADB]&amp#27;[39m Running 'C:\Users\rajkumar06\AppData\Local\Android\Sdk\platform-tools\adb.exe -P 5037 -s emulator-5554 shell echo ping'
[debug] &amp#27;[35m[AndroidDriver]&amp#27;[39m Pushing settings apk to device...
[debug] &amp#27;[35m[ADB]&amp#27;[39m Getting install status for io.appium.settings
[debug] &amp#27;[35m[ADB]&amp#27;[39m Running 'C:\Users\rajkumar06\AppData\Local\Android\Sdk\platform-tools\adb.exe -P 5037 -s emulator-5554 shell dumpsys package io.appium.settings'
[debug] &amp#27;[35m[ADB]&amp#27;[39m 'io.appium.settings' is installed
[debug] &amp#27;[35m[ADB]&amp#27;[39m Getting package info for 'io.appium.settings'
[debug] &amp#27;[35m[ADB]&amp#27;[39m Running 'C:\Users\rajkumar06\AppData\Local\Android\Sdk\platform-tools\adb.exe -P 5037 -s emulator-5554 shell dumpsys package io.appium.settings'
[debug] &amp#27;[35m[ADB]&amp#27;[39m The version name of the installed 'io.appium.settings' is greater or equal to the application version name ('3.4.0' >= '3.4.0')
[debug] &amp#27;[35m[ADB]&amp#27;[39m There is no need to install/upgrade 'C:\Users\rajkumar06\AppData\Roaming\npm\node_modules\appium\node_modules\io.appium.settings\apks\settings_apk-debug.apk'
[debug] &amp#27;[35m[ADB]&amp#27;[39m Getting IDs of all 'io.appium.settings' processes
[debug] &amp#27;[35m[ADB]&amp#27;[39m Running 'C:\Users\rajkumar06\AppData\Local\Android\Sdk\platform-tools\adb.exe -P 5037 -s emulator-5554 shell 'pgrep --help; echo $?''
[debug] &amp#27;[35m[ADB]&amp#27;[39m Running 'C:\Users\rajkumar06\AppData\Local\Android\Sdk\platform-tools\adb.exe -P 5037 -s emulator-5554 shell pgrep -f \(\[\[:blank:\]\]\|\^\)io\.appium\.settings\(\[\[:blank:\]\]\|\$\)'
[debug] &amp#27;[35m[AndroidDriver]&amp#27;[39m io.appium.settings is already running. There is no need to reset its permissions.
[debug] &amp#27;[35m[Logcat]&amp#27;[39m Starting logs capture with command: C:\\Users\\rajkumar06\\AppData\\Local\\Android\\Sdk\\platform-tools\\adb.exe -P 5037 -s emulator-5554 logcat -v threadtime
[debug] &amp#27;[35m[UiAutomator2]&amp#27;[39m Forwarding UiAutomator2 Server port 6790 to local port 8201
[debug] &amp#27;[35m[ADB]&amp#27;[39m Forwarding system: 8201 to device: 6790
[debug] &amp#27;[35m[ADB]&amp#27;[39m Running 'C:\Users\rajkumar06\AppData\Local\Android\Sdk\platform-tools\adb.exe -P 5037 -s emulator-5554 forward tcp:8201 tcp:6790'
[debug] &amp#27;[35m[ADB]&amp#27;[39m Getting install status for io.appium.uiautomator2.server
[debug] &amp#27;[35m[ADB]&amp#27;[39m Running 'C:\Users\rajkumar06\AppData\Local\Android\Sdk\platform-tools\adb.exe -P 5037 -s emulator-5554 shell dumpsys package io.appium.uiautomator2.server'
[debug] &amp#27;[35m[ADB]&amp#27;[39m 'io.appium.uiautomator2.server' is installed
[debug] &amp#27;[35m[ADB]&amp#27;[39m Getting package info for 'io.appium.uiautomator2.server'
[debug] &amp#27;[35m[ADB]&amp#27;[39m Running 'C:\Users\rajkumar06\AppData\Local\Android\Sdk\platform-tools\adb.exe -P 5037 -s emulator-5554 shell dumpsys package io.appium.uiautomator2.server'
[debug] &amp#27;[35m[ADB]&amp#27;[39m The version name of the installed 'io.appium.uiautomator2.server' is greater or equal to the application version name ('4.27.0' >= '4.27.0')
[debug] &amp#27;[35m[UiAutomator2]&amp#27;[39m io.appium.uiautomator2.server installation state: sameVersionInstalled
[debug] &amp#27;[35m[ADB]&amp#27;[39m Checking app cert for C:\Users\rajkumar06\AppData\Roaming\npm\node_modules\appium\node_modules\appium-uiautomator2-server\apks\appium-uiautomator2-server-v4.27.0.apk
&amp#27;[35m[ADB]&amp#27;[39m Using 'apksigner.jar' from 'C:\Users\rajkumar06\AppData\Local\Android\Sdk\build-tools\33.0.0\lib\apksigner.jar'
[debug] &amp#27;[35m[ADB]&amp#27;[39m Starting apksigner: 'C:\\Program Files\\RedHat\\java-11-openjdk-11.0.5-2\\bin\\java.exe' -Xmx1024M -Xss1m -jar C:\\Users\\rajkumar06\\AppData\\Local\\Android\\Sdk\\build-tools\\33.0.0\\lib\\apksigner.jar verify --print-certs C:\\Users\\rajkumar06\\AppData\\Roaming\\npm\\node_modules\\appium\\node_modules\\appium-uiautomator2-server\\apks\\appium-uiautomator2-server-v4.27.0.apk
[debug] &amp#27;[35m[ADB]&amp#27;[39m apksigner stdout: Signer #1 certificate DN: EMAILADDRESS=android@android.com, CN=Android, OU=Android, O=Android, L=Mountain View, ST=California, C=US
[debug] &amp#27;[35m[ADB]&amp#27;[39m Signer #1 certificate SHA-256 digest: a40da80a59d170caa950cf15c18c454d47a39b26989d8b640ecd745ba71bf5dc
[debug] &amp#27;[35m[ADB]&amp#27;[39m Signer #1 certificate SHA-1 digest: 61ed377e85d386a8dfee6b864bd85b0bfaa5af81
[debug] &amp#27;[35m[ADB]&amp#27;[39m Signer #1 certificate MD5 digest: e89b158e4bcf988ebd09eb83f5378e87
[debug] &amp#27;[35m[ADB]&amp#27;[39m 
[debug] &amp#27;[35m[ADB]&amp#27;[39m sha256 hash did match for 'appium-uiautomator2-server-v4.27.0.apk'
&amp#27;[35m[ADB]&amp#27;[39m 'C:\Users\rajkumar06\AppData\Roaming\npm\node_modules\appium\node_modules\appium-uiautomator2-server\apks\appium-uiautomator2-server-v4.27.0.apk' is signed with the default certificate
[debug] &amp#27;[35m[ADB]&amp#27;[39m Getting install status for io.appium.uiautomator2.server.test
[debug] &amp#27;[35m[ADB]&amp#27;[39m Running 'C:\Users\rajkumar06\AppData\Local\Android\Sdk\platform-tools\adb.exe -P 5037 -s emulator-5554 shell dumpsys package io.appium.uiautomator2.server.test'
[debug] &amp#27;[35m[ADB]&amp#27;[39m 'io.appium.uiautomator2.server.test' is installed
[debug] &amp#27;[35m[ADB]&amp#27;[39m Checking app cert for C:\Users\rajkumar06\AppData\Roaming\npm\node_modules\appium\node_modules\appium-uiautomator2-server\apks\appium-uiautomator2-server-debug-androidTest.apk
[debug] &amp#27;[35m[ADB]&amp#27;[39m Starting apksigner: 'C:\\Program Files\\RedHat\\java-11-openjdk-11.0.5-2\\bin\\java.exe' -Xmx1024M -Xss1m -jar C:\\Users\\rajkumar06\\AppData\\Local\\Android\\Sdk\\build-tools\\33.0.0\\lib\\apksigner.jar verify --print-certs C:\\Users\\rajkumar06\\AppData\\Roaming\\npm\\node_modules\\appium\\node_modules\\appium-uiautomator2-server\\apks\\appium-uiautomator2-server-debug-androidTest.apk
[debug] &amp#27;[35m[ADB]&amp#27;[39m apksigner stdout: Signer #1 certificate DN: EMAILADDRESS=android@android.com, CN=Android, OU=Android, O=Android, L=Mountain View, ST=California, C=US
[debug] &amp#27;[35m[ADB]&amp#27;[39m Signer #1 certificate SHA-256 digest: a40da80a59d170caa950cf15c18c454d47a39b26989d8b640ecd745ba71bf5dc
[debug] &amp#27;[35m[ADB]&amp#27;[39m Signer #1 certificate SHA-1 digest: 61ed377e85d386a8dfee6b864bd85b0bfaa5af81
[debug] &amp#27;[35m[ADB]&amp#27;[39m Signer #1 certificate MD5 digest: e89b158e4bcf988ebd09eb83f5378e87
[debug] &amp#27;[35m[ADB]&amp#27;[39m 
[debug] &amp#27;[35m[ADB]&amp#27;[39m sha256 hash did match for 'appium-uiautomator2-server-debug-androidTest.apk'
&amp#27;[35m[ADB]&amp#27;[39m 'C:\Users\rajkumar06\AppData\Roaming\npm\node_modules\appium\node_modules\appium-uiautomator2-server\apks\appium-uiautomator2-server-debug-androidTest.apk' is signed with the default certificate
&amp#27;[35m[UiAutomator2]&amp#27;[39m Server packages are not going to be (re)installed
[debug] &amp#27;[35m[UiAutomator2]&amp#27;[39m Waiting up to 30000ms for services to be available
[debug] &amp#27;[35m[ADB]&amp#27;[39m Running 'C:\Users\rajkumar06\AppData\Local\Android\Sdk\platform-tools\adb.exe -P 5037 -s emulator-5554 shell pm list instrumentation'
[debug] &amp#27;[35m[UiAutomator2]&amp#27;[39m Instrumentation target 'io.appium.uiautomator2.server.test/androidx.test.runner.AndroidJUnitRunner' is available
&amp#27;[35m[ADB]&amp#27;[39m Adding packages ["io.appium.settings","io.appium.uiautomator2.server","io.appium.uiautomator2.server.test"] to Doze whitelist
[debug] &amp#27;[35m[ADB]&amp#27;[39m Got the following command chunks to execute: [["dumpsys","deviceidle","whitelist","+io.appium.settings",";","dumpsys","deviceidle","whitelist","+io.appium.uiautomator2.server",";","dumpsys","deviceidle","whitelist","+io.appium.uiautomator2.server.test",";"]]
[debug] &amp#27;[35m[ADB]&amp#27;[39m Running 'C:\Users\rajkumar06\AppData\Local\Android\Sdk\platform-tools\adb.exe -P 5037 -s emulator-5554 shell dumpsys deviceidle whitelist +io.appium.settings ; dumpsys deviceidle whitelist +io.appium.uiautomator2.server ; dumpsys deviceidle whitelist +io.appium.uiautomator2.server.test ;'
[debug] &amp#27;[35m[ADB]&amp#27;[39m Checking app cert for C:\Users\rajkumar06\Desktop\Exit_Test\src\java\resources\Test_Application\API Demos_4.0_apkcombo.com.apk
[debug] &amp#27;[35m[ADB]&amp#27;[39m Starting apksigner: 'C:\\Program Files\\RedHat\\java-11-openjdk-11.0.5-2\\bin\\java.exe' -Xmx1024M -Xss1m -jar C:\\Users\\rajkumar06\\AppData\\Local\\Android\\Sdk\\build-tools\\33.0.0\\lib\\apksigner.jar verify --print-certs 'C:\\Users\\rajkumar06\\Desktop\\Exit_Test\\src\\java\\resources\\Test_Application\\API Demos_4.0_apkcombo.com.apk'
[debug] &amp#27;[35m[ADB]&amp#27;[39m apksigner stdout: Signer #1 certificate DN: EMAILADDRESS=android@android.com, CN=Android, OU=Android, O=Android, L=Mountain View, ST=California, C=US
[debug] &amp#27;[35m[ADB]&amp#27;[39m Signer #1 certificate SHA-256 digest: a40da80a59d170caa950cf15c18c454d47a39b26989d8b640ecd745ba71bf5dc
[debug] &amp#27;[35m[ADB]&amp#27;[39m Signer #1 certificate SHA-1 digest: 61ed377e85d386a8dfee6b864bd85b0bfaa5af81
[debug] &amp#27;[35m[ADB]&amp#27;[39m Signer #1 certificate MD5 digest: e89b158e4bcf988ebd09eb83f5378e87
[debug] &amp#27;[35m[ADB]&amp#27;[39m 
[debug] &amp#27;[35m[ADB]&amp#27;[39m sha256 hash did match for 'API Demos_4.0_apkcombo.com.apk'
&amp#27;[35m[ADB]&amp#27;[39m 'C:\Users\rajkumar06\Desktop\Exit_Test\src\java\resources\Test_Application\API Demos_4.0_apkcombo.com.apk' is signed with the default certificate
[debug] &amp#27;[35m[ADB]&amp#27;[39m Getting install status for com.hmh.api
[debug] &amp#27;[35m[ADB]&amp#27;[39m Running 'C:\Users\rajkumar06\AppData\Local\Android\Sdk\platform-tools\adb.exe -P 5037 -s emulator-5554 shell dumpsys package com.hmh.api'
[debug] &amp#27;[35m[ADB]&amp#27;[39m 'com.hmh.api' is installed
[debug] &amp#27;[35m[ADB]&amp#27;[39m Getting package info for 'com.hmh.api'
[debug] &amp#27;[35m[ADB]&amp#27;[39m Running 'C:\Users\rajkumar06\AppData\Local\Android\Sdk\platform-tools\adb.exe -P 5037 -s emulator-5554 shell dumpsys package com.hmh.api'
[debug] &amp#27;[35m[ADB]&amp#27;[39m The version name of the installed 'com.hmh.api' is greater or equal to the application version name ('4.0.0' >= '4.0.0')
[debug] &amp#27;[35m[ADB]&amp#27;[39m There is no need to install/upgrade 'C:\Users\rajkumar06\Desktop\Exit_Test\src\java\resources\Test_Application\API Demos_4.0_apkcombo.com.apk'
&amp#27;[35m[AndroidDriver]&amp#27;[39m Performing fast reset on 'com.hmh.api'
[debug] &amp#27;[35m[ADB]&amp#27;[39m Getting install status for com.hmh.api
[debug] &amp#27;[35m[ADB]&amp#27;[39m Running 'C:\Users\rajkumar06\AppData\Local\Android\Sdk\platform-tools\adb.exe -P 5037 -s emulator-5554 shell dumpsys package com.hmh.api'
[debug] &amp#27;[35m[ADB]&amp#27;[39m 'com.hmh.api' is installed
[debug] &amp#27;[35m[ADB]&amp#27;[39m Running 'C:\Users\rajkumar06\AppData\Local\Android\Sdk\platform-tools\adb.exe -P 5037 -s emulator-5554 shell am force-stop com.hmh.api'
[debug] &amp#27;[35m[ADB]&amp#27;[39m Running 'C:\Users\rajkumar06\AppData\Local\Android\Sdk\platform-tools\adb.exe -P 5037 -s emulator-5554 shell pm clear com.hmh.api'
[debug] &amp#27;[35m[AndroidDriver]&amp#27;[39m Performed fast reset on the installed 'com.hmh.api' application (stop and clear)
[debug] &amp#27;[35m[UiAutomator2]&amp#27;[39m Performing shallow cleanup of automation leftovers
[debug] &amp#27;[35m[UiAutomator2]&amp#27;[39m No obsolete sessions have been detected (socket hang up)
[debug] &amp#27;[35m[ADB]&amp#27;[39m Running 'C:\Users\rajkumar06\AppData\Local\Android\Sdk\platform-tools\adb.exe -P 5037 -s emulator-5554 shell am force-stop io.appium.uiautomator2.server.test'
&amp#27;[35m[UiAutomator2]&amp#27;[39m Starting UIAutomator2 server 4.27.0
&amp#27;[35m[UiAutomator2]&amp#27;[39m Using UIAutomator2 server from 'C:\Users\rajkumar06\AppData\Roaming\npm\node_modules\appium\node_modules\appium-uiautomator2-server\apks\appium-uiautomator2-server-v4.27.0.apk' and test from 'C:\Users\rajkumar06\AppData\Roaming\npm\node_modules\appium\node_modules\appium-uiautomator2-server\apks\appium-uiautomator2-server-debug-androidTest.apk'
&amp#27;[35m[UiAutomator2]&amp#27;[39m Waiting up to 30000ms for UiAutomator2 to be online...
[debug] &amp#27;[35m[ADB]&amp#27;[39m Creating ADB subprocess with args: ["-P",5037,"-s","emulator-5554","shell","am","instrument","-w","-e","disableAnalytics",true,"io.appium.uiautomator2.server.test/androidx.test.runner.AndroidJUnitRunner"]
[debug] &amp#27;[35m[WD Proxy]&amp#27;[39m Matched '/status' to command name 'getStatus'
[debug] &amp#27;[35m[WD Proxy]&amp#27;[39m Proxying [GET /status] to [GET http://127.0.0.1:8201/wd/hub/status] with no body
&amp#27;[35m[WD Proxy]&amp#27;[39m socket hang up
[debug] &amp#27;[35m[Instrumentation]&amp#27;[39m io.appium.uiautomator2.server.test.AppiumUiAutomator2Server:
[debug] &amp#27;[35m[WD Proxy]&amp#27;[39m Matched '/status' to command name 'getStatus'
[debug] &amp#27;[35m[WD Proxy]&amp#27;[39m Proxying [GET /status] to [GET http://127.0.0.1:8201/wd/hub/status] with no body
&amp#27;[35m[WD Proxy]&amp#27;[39m socket hang up
[debug] &amp#27;[35m[WD Proxy]&amp#27;[39m Matched '/status' to command name 'getStatus'
[debug] &amp#27;[35m[WD Proxy]&amp#27;[39m Proxying [GET /status] to [GET http://127.0.0.1:8201/wd/hub/status] with no body
[debug] &amp#27;[35m[WD Proxy]&amp#27;[39m Got response with status 200: {"sessionId":"None","value":{"message":"UiAutomator2 Server is ready to accept commands","ready":true}}
[debug] &amp#27;[35m[UiAutomator2]&amp#27;[39m The initialization of the instrumentation process took 2137ms
[debug] &amp#27;[35m[WD Proxy]&amp#27;[39m Matched '/session' to command name 'createSession'
[debug] &amp#27;[35m[WD Proxy]&amp#27;[39m Proxying [POST /session] to [POST http://127.0.0.1:8201/wd/hub/session] with body: {"capabilities":{"firstMatch":[{"platform":"LINUX","webStorageEnabled":false,"takesScreenshot":true,"javascriptEnabled":true,"databaseEnabled":false,"networkConnectionEnabled":true,"locationContextEnabled":false,"warnings":{},"desired":{"platformName":"android","appium-version":"1.15.1","app":"C:\\Users\\rajkumar06\\Desktop\\Exit_Test\\src\\java\\resources\\Test_Application\\API Demos_4.0_apkcombo.com.apk","appActivity":"com.hmh.api.ApiDemos","appPackage":"com.hmh.api","deviceName":"Android","platformVersion":"8.1"},"platformName":"android","appium-version":"1.15.1","app":"C:\\Users\\rajkumar06\\Desktop\\Exit_Test\\src\\java\\resources\\Test_Application\\API Demos_4.0_apkcombo.com.apk","appActivity":"com.hmh.api.ApiDemos","appPackage":"com.hmh.api","deviceName":"emulator-5554","platformVersion":"8.1","deviceUDID":"emulator-5554"}],"alwaysMatch":{}}}
[debug] &amp#27;[35m[WD Proxy]&amp#27;[39m Got response with status 200: {"sessionId":"e7ffd3ef-b1bd-4819-8744-6ecd10668ca4","value":{"capabilities":{"firstMatch":[{"platform":"LINUX","webStorageEnabled":false,"takesScreenshot":true,"javascriptEnabled":true,"databaseEnabled":false,"networkConnectionEnabled":true,"locationContextEnabled":false,"warnings":{},"desired":{"platformName":"android","appium-version":"1.15.1","app":"C:\\Users\\rajkumar06\\Desktop\\Exit_Test\\src\\java\\resources\\Test_Application\\API Demos_4.0_apkcombo.com.apk","appActivity":"com.hmh.api.ApiDemos","appPackage":"com.hmh.api","deviceName":"Android","platformVersion":"8.1"},"platformName":"android","appium-version":"1.15.1","app":"C:\\Users\\rajkumar06\\Desktop\\Exit_Test\\src\\java\\resources\\Test_Application\\API Demos_4.0_apkcombo.com.apk","appActivity":"com.hmh.api.ApiDemos","appPackage":"com.hmh.api","deviceName":"emulator-5554","platformVersion":"8.1","deviceUDID":"emulator-5554"}],"alwaysMatch":{}},"sessionId":"e7ffd3ef-b1bd-4819-8744-6ecd10668ca4"}}
&amp#27;[35m[WD Proxy]&amp#27;[39m Determined the downstream protocol as 'W3C'
[debug] &amp#27;[35m[WD Proxy]&amp#27;[39m Proxying [GET /appium/device/info] to [GET http://127.0.0.1:8201/wd/hub/session/e7ffd3ef-b1bd-4819-8744-6ecd10668ca4/appium/device/info] with no body
[debug] &amp#27;[35m[WD Proxy]&amp#27;[39m Got response with status 200: {"sessionId":"e7ffd3ef-b1bd-4819-8744-6ecd10668ca4","value":{"androidId":"ab8e4daf2a9497ac","apiVersion":"27","bluetooth":null,"brand":"google","carrierName":"Android","displayDensity":440,"locale":"en_US","manufacturer":"Google","model":"Android SDK built for x86","networks":[{"capabilities":{"SSID":null,"linkDownBandwidthKbps":102400,"linkUpstreamBandwidthKbps":51200,"networkCapabilities":"NET_CAPABILITY_MMS,NET_CAPABILITY_SUPL,NET_CAPABILITY_DUN,NET_CAPABILITY_FOTA,NET_CAPABILITY_IMS,NET_CAPABILITY_CBS,NET_CAPABILITY_IA,NET_CAPABILITY_INTERNET,NET_CAPABILITY_NOT_RESTRICTED,NET_CAPABILITY_TRUSTED,NET_CAPABILITY_NOT_VPN,NET_CAPABILITY_VALIDATED","signalStrength":-2147483648,"transportTypes":"TRANSPORT_CELLULAR"},"detailedState":"CONNECTED","extraInfo":"epc.tmobile.com","isAvailable":true,"isConnected":true,"isFailover":false,"isRoaming":false,"state":"CONNECTED","subtype":13,"subtypeName":"LTE","type":0,"typeName":"MOBILE"},{"capabilities":{"SSID":null,"linkDownBandwidthKbps":1048576,"linkUpstreamBandwidt...
[debug] &amp#27;[35m[ADB]&amp#27;[39m Running 'C:\Users\rajkumar06\AppData\Local\Android\Sdk\platform-tools\adb.exe -P 5037 -s emulator-5554 shell dumpsys window'
&amp#27;[35m[AndroidDriver]&amp#27;[39m Screen already unlocked, doing nothing
&amp#27;[35m[UiAutomator2]&amp#27;[39m Starting 'com.hmh.api/com.hmh.api.ApiDemos and waiting for 'com.hmh.api/com.hmh.api.ApiDemos'
[debug] &amp#27;[35m[ADB]&amp#27;[39m Running 'C:\Users\rajkumar06\AppData\Local\Android\Sdk\platform-tools\adb.exe -P 5037 -s emulator-5554 shell am start -W -n com.hmh.api/com.hmh.api.ApiDemos -S -a android.intent.action.MAIN -c android.intent.category.LAUNCHER -f 0x10200000'
[debug] &amp#27;[35m[WD Proxy]&amp#27;[39m Proxying [GET /appium/device/pixel_ratio] to [GET http://127.0.0.1:8201/wd/hub/session/e7ffd3ef-b1bd-4819-8744-6ecd10668ca4/appium/device/pixel_ratio] with no body
[debug] &amp#27;[35m[WD Proxy]&amp#27;[39m Got response with status 200: {"sessionId":"e7ffd3ef-b1bd-4819-8744-6ecd10668ca4","value":2.75}
[debug] &amp#27;[35m[WD Proxy]&amp#27;[39m Matched '/appium/device/system_bars' to command name 'getSystemBars'
[debug] &amp#27;[35m[WD Proxy]&amp#27;[39m Proxying [GET /appium/device/system_bars] to [GET http://127.0.0.1:8201/wd/hub/session/e7ffd3ef-b1bd-4819-8744-6ecd10668ca4/appium/device/system_bars] with no body
[debug] &amp#27;[35m[WD Proxy]&amp#27;[39m Got response with status 200: {"sessionId":"e7ffd3ef-b1bd-4819-8744-6ecd10668ca4","value":{"statusBar":66}}
[debug] &amp#27;[35m[WD Proxy]&amp#27;[39m Matched '/window/current/size' to command name 'getWindowSize'
[debug] &amp#27;[35m[WD Proxy]&amp#27;[39m Proxying [GET /window/current/size] to [GET http://127.0.0.1:8201/wd/hub/session/e7ffd3ef-b1bd-4819-8744-6ecd10668ca4/window/current/size] with no body
[debug] &amp#27;[35m[WD Proxy]&amp#27;[39m Got response with status 200: {"sessionId":"e7ffd3ef-b1bd-4819-8744-6ecd10668ca4","value":{"height":2208,"width":1080}}
&amp#27;[35m[Appium]&amp#27;[39m New AndroidUiautomator2Driver session created successfully, session 42ec887b-f5a0-43ee-81f9-55b4915c506a added to master session list
[debug] &amp#27;[35m[BaseDriver]&amp#27;[39m Event 'newSessionStarted' logged at 1675323930533 (13:15:30 GMT+0530 (India Standard Time))
[debug] &amp#27;[35m[W3C (42ec887b)]&amp#27;[39m Cached the protocol value 'W3C' for the new session 42ec887b-f5a0-43ee-81f9-55b4915c506a
[debug] &amp#27;[35m[W3C (42ec887b)]&amp#27;[39m Responding to client with driver.createSession() result: {"capabilities":{"platform":"LINUX","webStorageEnabled":false,"takesScreenshot":true,"javascriptEnabled":true,"databaseEnabled":false,"networkConnectionEnabled":true,"locationContextEnabled":false,"warnings":{},"desired":{"platformName":"android","appium-version":"1.15.1","app":"C:\\Users\\rajkumar06\\Desktop\\Exit_Test\\src\\java\\resources\\Test_Application\\API Demos_4.0_apkcombo.com.apk","appActivity":"com.hmh.api.ApiDemos","appPackage":"com.hmh.api","deviceName":"Android","platformVersion":"8.1"},"platformName":"android","appium-version":"1.15.1","app":"C:\\Users\\rajkumar06\\Desktop\\Exit_Test\\src\\java\\resources\\Test_Application\\API Demos_4.0_apkcombo.com.apk","appActivity":"com.hmh.api.ApiDemos","appPackage":"com.hmh.api","deviceName":"emulator-5554","platformVersion":"8.1.0","deviceUDID":"emulator-5554","deviceApiLevel":27,"deviceScreenSize":"1080x2340","deviceScreenDensity":440,"deviceModel":"Android SDK built for x86","deviceManufacturer":"Google","pixelRatio":2.75,"statBarHeight":66,"viewpo...
&amp#27;[35m[HTTP]&amp#27;[39m &amp#27;[37m<-- POST /wd/hub/session &amp#27;[39m&amp#27;[32m200&amp#27;[39m &amp#27;[90m7568 ms - 1138&amp#27;[39m
&amp#27;[35m[HTTP]&amp#27;[39m &amp#27;[90m&amp#27;[39m
&amp#27;[35m[HTTP]&amp#27;[39m &amp#27;[37m-->&amp#27;[39m &amp#27;[37mGET&amp#27;[39m &amp#27;[37m/wd/hub/session/42ec887b-f5a0-43ee-81f9-55b4915c506a&amp#27;[39m
&amp#27;[35m[HTTP]&amp#27;[39m &amp#27;[90m{}&amp#27;[39m
[debug] &amp#27;[35m[W3C (42ec887b)]&amp#27;[39m Calling AppiumDriver.getSession() with args: ["42ec887b-f5a0-43ee-81f9-55b4915c506a"]
[debug] &amp#27;[35m[UiAutomator2]&amp#27;[39m Getting session details from server to mix in
[debug] &amp#27;[35m[WD Proxy]&amp#27;[39m Matched '/' to command name 'getSession'
[debug] &amp#27;[35m[WD Proxy]&amp#27;[39m Proxying [GET /] to [GET http://127.0.0.1:8201/wd/hub/session/e7ffd3ef-b1bd-4819-8744-6ecd10668ca4] with no body
[debug] &amp#27;[35m[WD Proxy]&amp#27;[39m Got response with status 200: {"sessionId":"e7ffd3ef-b1bd-4819-8744-6ecd10668ca4","value":{"lastScrollData":null}}
[debug] &amp#27;[35m[W3C (42ec887b)]&amp#27;[39m Responding to client with driver.getSession() result: {"platform":"LINUX","webStorageEnabled":false,"takesScreenshot":true,"javascriptEnabled":true,"databaseEnabled":false,"networkConnectionEnabled":true,"locationContextEnabled":false,"warnings":{},"desired":{"platformName":"android","appium-version":"1.15.1","app":"C:\\Users\\rajkumar06\\Desktop\\Exit_Test\\src\\java\\resources\\Test_Application\\API Demos_4.0_apkcombo.com.apk","appActivity":"com.hmh.api.ApiDemos","appPackage":"com.hmh.api","deviceName":"Android","platformVersion":"8.1"},"platformName":"android","appium-version":"1.15.1","app":"C:\\Users\\rajkumar06\\Desktop\\Exit_Test\\src\\java\\resources\\Test_Application\\API Demos_4.0_apkcombo.com.apk","appActivity":"com.hmh.api.ApiDemos","appPackage":"com.hmh.api","deviceName":"emulator-5554","platformVersion":"8.1.0","deviceUDID":"emulator-5554","deviceApiLevel":27,"deviceScreenSize":"1080x2340","deviceScreenDensity":440,"deviceModel":"Android SDK built for x86","deviceManufacturer":"Google","pixelRatio":2.75,"statBarHeight":66,"viewportRect":{"left":...
&amp#27;[35m[HTTP]&amp#27;[39m &amp#27;[37m<-- GET /wd/hub/session/42ec887b-f5a0-43ee-81f9-55b4915c506a &amp#27;[39m&amp#27;[32m200&amp#27;[39m &amp#27;[90m17 ms - 1092&amp#27;[39m
&amp#27;[35m[HTTP]&amp#27;[39m &amp#27;[90m&amp#27;[39m
&amp#27;[35m[HTTP]&amp#27;[39m &amp#27;[37m-->&amp#27;[39m &amp#27;[37mGET&amp#27;[39m &amp#27;[37m/wd/hub/session/42ec887b-f5a0-43ee-81f9-55b4915c506a&amp#27;[39m
&amp#27;[35m[HTTP]&amp#27;[39m &amp#27;[90m{}&amp#27;[39m
[debug] &amp#27;[35m[W3C (42ec887b)]&amp#27;[39m Calling AppiumDriver.getSession() with args: ["42ec887b-f5a0-43ee-81f9-55b4915c506a"]
[debug] &amp#27;[35m[UiAutomator2]&amp#27;[39m Getting session details from server to mix in
[debug] &amp#27;[35m[WD Proxy]&amp#27;[39m Matched '/' to command name 'getSession'
[debug] &amp#27;[35m[WD Proxy]&amp#27;[39m Proxying [GET /] to [GET http://127.0.0.1:8201/wd/hub/session/e7ffd3ef-b1bd-4819-8744-6ecd10668ca4] with no body
[debug] &amp#27;[35m[WD Proxy]&amp#27;[39m Got response with status 200: {"sessionId":"e7ffd3ef-b1bd-4819-8744-6ecd10668ca4","value":{"lastScrollData":null}}
[debug] &amp#27;[35m[W3C (42ec887b)]&amp#27;[39m Responding to client with driver.getSession() result: {"platform":"LINUX","webStorageEnabled":false,"takesScreenshot":true,"javascriptEnabled":true,"databaseEnabled":false,"networkConnectionEnabled":true,"locationContextEnabled":false,"warnings":{},"desired":{"platformName":"android","appium-version":"1.15.1","app":"C:\\Users\\rajkumar06\\Desktop\\Exit_Test\\src\\java\\resources\\Test_Application\\API Demos_4.0_apkcombo.com.apk","appActivity":"com.hmh.api.ApiDemos","appPackage":"com.hmh.api","deviceName":"Android","platformVersion":"8.1"},"platformName":"android","appium-version":"1.15.1","app":"C:\\Users\\rajkumar06\\Desktop\\Exit_Test\\src\\java\\resources\\Test_Application\\API Demos_4.0_apkcombo.com.apk","appActivity":"com.hmh.api.ApiDemos","appPackage":"com.hmh.api","deviceName":"emulator-5554","platformVersion":"8.1.0","deviceUDID":"emulator-5554","deviceApiLevel":27,"deviceScreenSize":"1080x2340","deviceScreenDensity":440,"deviceModel":"Android SDK built for x86","deviceManufacturer":"Google","pixelRatio":2.75,"statBarHeight":66,"viewportRect":{"left":...
&amp#27;[35m[HTTP]&amp#27;[39m &amp#27;[37m<-- GET /wd/hub/session/42ec887b-f5a0-43ee-81f9-55b4915c506a &amp#27;[39m&amp#27;[32m200&amp#27;[39m &amp#27;[90m13 ms - 1092&amp#27;[39m
&amp#27;[35m[HTTP]&amp#27;[39m &amp#27;[90m&amp#27;[39m
&amp#27;[35m[HTTP]&amp#27;[39m &amp#27;[37m-->&amp#27;[39m &amp#27;[37mGET&amp#27;[39m &amp#27;[37m/wd/hub/session/42ec887b-f5a0-43ee-81f9-55b4915c506a&amp#27;[39m
&amp#27;[35m[HTTP]&amp#27;[39m &amp#27;[90m{}&amp#27;[39m
[debug] &amp#27;[35m[W3C (42ec887b)]&amp#27;[39m Calling AppiumDriver.getSession() with args: ["42ec887b-f5a0-43ee-81f9-55b4915c506a"]
[debug] &amp#27;[35m[UiAutomator2]&amp#27;[39m Getting session details from server to mix in
[debug] &amp#27;[35m[WD Proxy]&amp#27;[39m Matched '/' to command name 'getSession'
[debug] &amp#27;[35m[WD Proxy]&amp#27;[39m Proxying [GET /] to [GET http://127.0.0.1:8201/wd/hub/session/e7ffd3ef-b1bd-4819-8744-6ecd10668ca4] with no body
[debug] &amp#27;[35m[WD Proxy]&amp#27;[39m Got response with status 200: {"sessionId":"e7ffd3ef-b1bd-4819-8744-6ecd10668ca4","value":{"lastScrollData":null}}
[debug] &amp#27;[35m[W3C (42ec887b)]&amp#27;[39m Responding to client with driver.getSession() result: {"platform":"LINUX","webStorageEnabled":false,"takesScreenshot":true,"javascriptEnabled":true,"databaseEnabled":false,"networkConnectionEnabled":true,"locationContextEnabled":false,"warnings":{},"desired":{"platformName":"android","appium-version":"1.15.1","app":"C:\\Users\\rajkumar06\\Desktop\\Exit_Test\\src\\java\\resources\\Test_Application\\API Demos_4.0_apkcombo.com.apk","appActivity":"com.hmh.api.ApiDemos","appPackage":"com.hmh.api","deviceName":"Android","platformVersion":"8.1"},"platformName":"android","appium-version":"1.15.1","app":"C:\\Users\\rajkumar06\\Desktop\\Exit_Test\\src\\java\\resources\\Test_Application\\API Demos_4.0_apkcombo.com.apk","appActivity":"com.hmh.api.ApiDemos","appPackage":"com.hmh.api","deviceName":"emulator-5554","platformVersion":"8.1.0","deviceUDID":"emulator-5554","deviceApiLevel":27,"deviceScreenSize":"1080x2340","deviceScreenDensity":440,"deviceModel":"Android SDK built for x86","deviceManufacturer":"Google","pixelRatio":2.75,"statBarHeight":66,"viewportRect":{"left":...
&amp#27;[35m[HTTP]&amp#27;[39m &amp#27;[37m<-- GET /wd/hub/session/42ec887b-f5a0-43ee-81f9-55b4915c506a &amp#27;[39m&amp#27;[32m200&amp#27;[39m &amp#27;[90m15 ms - 1092&amp#27;[39m
&amp#27;[35m[HTTP]&amp#27;[39m &amp#27;[90m&amp#27;[39m
&amp#27;[35m[HTTP]&amp#27;[39m &amp#27;[37m-->&amp#27;[39m &amp#27;[37mGET&amp#27;[39m &amp#27;[37m/wd/hub/session/42ec887b-f5a0-43ee-81f9-55b4915c506a&amp#27;[39m
&amp#27;[35m[HTTP]&amp#27;[39m &amp#27;[90m{}&amp#27;[39m
[debug] &amp#27;[35m[W3C (42ec887b)]&amp#27;[39m Calling AppiumDriver.getSession() with args: ["42ec887b-f5a0-43ee-81f9-55b4915c506a"]
[debug] &amp#27;[35m[UiAutomator2]&amp#27;[39m Getting session details from server to mix in
[debug] &amp#27;[35m[WD Proxy]&amp#27;[39m Matched '/' to command name 'getSession'
[debug] &amp#27;[35m[WD Proxy]&amp#27;[39m Proxying [GET /] to [GET http://127.0.0.1:8201/wd/hub/session/e7ffd3ef-b1bd-4819-8744-6ecd10668ca4] with no body
[debug] &amp#27;[35m[WD Proxy]&amp#27;[39m Got response with status 200: {"sessionId":"e7ffd3ef-b1bd-4819-8744-6ecd10668ca4","value":{"lastScrollData":null}}
[debug] &amp#27;[35m[W3C (42ec887b)]&amp#27;[39m Responding to client with driver.getSession() result: {"platform":"LINUX","webStorageEnabled":false,"takesScreenshot":true,"javascriptEnabled":true,"databaseEnabled":false,"networkConnectionEnabled":true,"locationContextEnabled":false,"warnings":{},"desired":{"platformName":"android","appium-version":"1.15.1","app":"C:\\Users\\rajkumar06\\Desktop\\Exit_Test\\src\\java\\resources\\Test_Application\\API Demos_4.0_apkcombo.com.apk","appActivity":"com.hmh.api.ApiDemos","appPackage":"com.hmh.api","deviceName":"Android","platformVersion":"8.1"},"platformName":"android","appium-version":"1.15.1","app":"C:\\Users\\rajkumar06\\Desktop\\Exit_Test\\src\\java\\resources\\Test_Application\\API Demos_4.0_apkcombo.com.apk","appActivity":"com.hmh.api.ApiDemos","appPackage":"com.hmh.api","deviceName":"emulator-5554","platformVersion":"8.1.0","deviceUDID":"emulator-5554","deviceApiLevel":27,"deviceScreenSize":"1080x2340","deviceScreenDensity":440,"deviceModel":"Android SDK built for x86","deviceManufacturer":"Google","pixelRatio":2.75,"statBarHeight":66,"viewportRect":{"left":...
&amp#27;[35m[HTTP]&amp#27;[39m &amp#27;[37m<-- GET /wd/hub/session/42ec887b-f5a0-43ee-81f9-55b4915c506a &amp#27;[39m&amp#27;[32m200&amp#27;[39m &amp#27;[90m15 ms - 1092&amp#27;[39m
&amp#27;[35m[HTTP]&amp#27;[39m &amp#27;[90m&amp#27;[39m
&amp#27;[35m[HTTP]&amp#27;[39m &amp#27;[37m-->&amp#27;[39m &amp#27;[37mGET&amp#27;[39m &amp#27;[37m/wd/hub/session/42ec887b-f5a0-43ee-81f9-55b4915c506a&amp#27;[39m
&amp#27;[35m[HTTP]&amp#27;[39m &amp#27;[90m{}&amp#27;[39m
[debug] &amp#27;[35m[W3C (42ec887b)]&amp#27;[39m Calling AppiumDriver.getSession() with args: ["42ec887b-f5a0-43ee-81f9-55b4915c506a"]
[debug] &amp#27;[35m[UiAutomator2]&amp#27;[39m Getting session details from server to mix in
[debug] &amp#27;[35m[WD Proxy]&amp#27;[39m Matched '/' to command name 'getSession'
[debug] &amp#27;[35m[WD Proxy]&amp#27;[39m Proxying [GET /] to [GET http://127.0.0.1:8201/wd/hub/session/e7ffd3ef-b1bd-4819-8744-6ecd10668ca4] with no body
[debug] &amp#27;[35m[WD Proxy]&amp#27;[39m Got response with status 200: {"sessionId":"e7ffd3ef-b1bd-4819-8744-6ecd10668ca4","value":{"lastScrollData":null}}
[debug] &amp#27;[35m[W3C (42ec887b)]&amp#27;[39m Responding to client with driver.getSession() result: {"platform":"LINUX","webStorageEnabled":false,"takesScreenshot":true,"javascriptEnabled":true,"databaseEnabled":false,"networkConnectionEnabled":true,"locationContextEnabled":false,"warnings":{},"desired":{"platformName":"android","appium-version":"1.15.1","app":"C:\\Users\\rajkumar06\\Desktop\\Exit_Test\\src\\java\\resources\\Test_Application\\API Demos_4.0_apkcombo.com.apk","appActivity":"com.hmh.api.ApiDemos","appPackage":"com.hmh.api","deviceName":"Android","platformVersion":"8.1"},"platformName":"android","appium-version":"1.15.1","app":"C:\\Users\\rajkumar06\\Desktop\\Exit_Test\\src\\java\\resources\\Test_Application\\API Demos_4.0_apkcombo.com.apk","appActivity":"com.hmh.api.ApiDemos","appPackage":"com.hmh.api","deviceName":"emulator-5554","platformVersion":"8.1.0","deviceUDID":"emulator-5554","deviceApiLevel":27,"deviceScreenSize":"1080x2340","deviceScreenDensity":440,"deviceModel":"Android SDK built for x86","deviceManufacturer":"Google","pixelRatio":2.75,"statBarHeight":66,"viewportRect":{"left":...
&amp#27;[35m[HTTP]&amp#27;[39m &amp#27;[37m<-- GET /wd/hub/session/42ec887b-f5a0-43ee-81f9-55b4915c506a &amp#27;[39m&amp#27;[32m200&amp#27;[39m &amp#27;[90m20 ms - 1092&amp#27;[39m
&amp#27;[35m[HTTP]&amp#27;[39m &amp#27;[90m&amp#27;[39m
&amp#27;[35m[HTTP]&amp#27;[39m &amp#27;[37m-->&amp#27;[39m &amp#27;[37mGET&amp#27;[39m &amp#27;[37m/wd/hub/session/42ec887b-f5a0-43ee-81f9-55b4915c506a&amp#27;[39m
&amp#27;[35m[HTTP]&amp#27;[39m &amp#27;[90m{}&amp#27;[39m
[debug] &amp#27;[35m[W3C (42ec887b)]&amp#27;[39m Calling AppiumDriver.getSession() with args: ["42ec887b-f5a0-43ee-81f9-55b4915c506a"]
[debug] &amp#27;[35m[UiAutomator2]&amp#27;[39m Getting session details from server to mix in
[debug] &amp#27;[35m[WD Proxy]&amp#27;[39m Matched '/' to command name 'getSession'
[debug] &amp#27;[35m[WD Proxy]&amp#27;[39m Proxying [GET /] to [GET http://127.0.0.1:8201/wd/hub/session/e7ffd3ef-b1bd-4819-8744-6ecd10668ca4] with no body
[debug] &amp#27;[35m[WD Proxy]&amp#27;[39m Got response with status 200: {"sessionId":"e7ffd3ef-b1bd-4819-8744-6ecd10668ca4","value":{"lastScrollData":null}}
[debug] &amp#27;[35m[W3C (42ec887b)]&amp#27;[39m Responding to client with driver.getSession() result: {"platform":"LINUX","webStorageEnabled":false,"takesScreenshot":true,"javascriptEnabled":true,"databaseEnabled":false,"networkConnectionEnabled":true,"locationContextEnabled":false,"warnings":{},"desired":{"platformName":"android","appium-version":"1.15.1","app":"C:\\Users\\rajkumar06\\Desktop\\Exit_Test\\src\\java\\resources\\Test_Application\\API Demos_4.0_apkcombo.com.apk","appActivity":"com.hmh.api.ApiDemos","appPackage":"com.hmh.api","deviceName":"Android","platformVersion":"8.1"},"platformName":"android","appium-version":"1.15.1","app":"C:\\Users\\rajkumar06\\Desktop\\Exit_Test\\src\\java\\resources\\Test_Application\\API Demos_4.0_apkcombo.com.apk","appActivity":"com.hmh.api.ApiDemos","appPackage":"com.hmh.api","deviceName":"emulator-5554","platformVersion":"8.1.0","deviceUDID":"emulator-5554","deviceApiLevel":27,"deviceScreenSize":"1080x2340","deviceScreenDensity":440,"deviceModel":"Android SDK built for x86","deviceManufacturer":"Google","pixelRatio":2.75,"statBarHeight":66,"viewportRect":{"left":...
&amp#27;[35m[HTTP]&amp#27;[39m &amp#27;[37m<-- GET /wd/hub/session/42ec887b-f5a0-43ee-81f9-55b4915c506a &amp#27;[39m&amp#27;[32m200&amp#27;[39m &amp#27;[90m26 ms - 1092&amp#27;[39m
&amp#27;[35m[HTTP]&amp#27;[39m &amp#27;[90m&amp#27;[39m
&amp#27;[35m[HTTP]&amp#27;[39m &amp#27;[37m-->&amp#27;[39m &amp#27;[37mGET&amp#27;[39m &amp#27;[37m/wd/hub/session/42ec887b-f5a0-43ee-81f9-55b4915c506a&amp#27;[39m
&amp#27;[35m[HTTP]&amp#27;[39m &amp#27;[90m{}&amp#27;[39m
[debug] &amp#27;[35m[W3C (42ec887b)]&amp#27;[39m Calling AppiumDriver.getSession() with args: ["42ec887b-f5a0-43ee-81f9-55b4915c506a"]
[debug] &amp#27;[35m[UiAutomator2]&amp#27;[39m Getting session details from server to mix in
[debug] &amp#27;[35m[WD Proxy]&amp#27;[39m Matched '/' to command name 'getSession'
[debug] &amp#27;[35m[WD Proxy]&amp#27;[39m Proxying [GET /] to [GET http://127.0.0.1:8201/wd/hub/session/e7ffd3ef-b1bd-4819-8744-6ecd10668ca4] with no body
[debug] &amp#27;[35m[WD Proxy]&amp#27;[39m Got response with status 200: {"sessionId":"e7ffd3ef-b1bd-4819-8744-6ecd10668ca4","value":{"lastScrollData":null}}
[debug] &amp#27;[35m[W3C (42ec887b)]&amp#27;[39m Responding to client with driver.getSession() result: {"platform":"LINUX","webStorageEnabled":false,"takesScreenshot":true,"javascriptEnabled":true,"databaseEnabled":false,"networkConnectionEnabled":true,"locationContextEnabled":false,"warnings":{},"desired":{"platformName":"android","appium-version":"1.15.1","app":"C:\\Users\\rajkumar06\\Desktop\\Exit_Test\\src\\java\\resources\\Test_Application\\API Demos_4.0_apkcombo.com.apk","appActivity":"com.hmh.api.ApiDemos","appPackage":"com.hmh.api","deviceName":"Android","platformVersion":"8.1"},"platformName":"android","appium-version":"1.15.1","app":"C:\\Users\\rajkumar06\\Desktop\\Exit_Test\\src\\java\\resources\\Test_Application\\API Demos_4.0_apkcombo.com.apk","appActivity":"com.hmh.api.ApiDemos","appPackage":"com.hmh.api","deviceName":"emulator-5554","platformVersion":"8.1.0","deviceUDID":"emulator-5554","deviceApiLevel":27,"deviceScreenSize":"1080x2340","deviceScreenDensity":440,"deviceModel":"Android SDK built for x86","deviceManufacturer":"Google","pixelRatio":2.75,"statBarHeight":66,"viewportRect":{"left":...
&amp#27;[35m[HTTP]&amp#27;[39m &amp#27;[37m<-- GET /wd/hub/session/42ec887b-f5a0-43ee-81f9-55b4915c506a &amp#27;[39m&amp#27;[32m200&amp#27;[39m &amp#27;[90m12 ms - 1092&amp#27;[39m
&amp#27;[35m[HTTP]&amp#27;[39m &amp#27;[90m&amp#27;[39m
&amp#27;[35m[HTTP]&amp#27;[39m &amp#27;[37m-->&amp#27;[39m &amp#27;[37mPOST&amp#27;[39m &amp#27;[37m/wd/hub/session/42ec887b-f5a0-43ee-81f9-55b4915c506a/element&amp#27;[39m
&amp#27;[35m[HTTP]&amp#27;[39m &amp#27;[90m{"using":"xpath","value":"//android.widget.TextView[@text = 'Views']"}&amp#27;[39m
[debug] &amp#27;[35m[W3C (42ec887b)]&amp#27;[39m Calling AppiumDriver.findElement() with args: ["xpath","//android.widget.TextView[@text = 'Views']","42ec887b-f5a0-43ee-81f9-55b4915c506a"]
[debug] &amp#27;[35m[BaseDriver]&amp#27;[39m Valid locator strategies for this request: xpath, id, class name, accessibility id, css selector, -android uiautomator
[debug] &amp#27;[35m[BaseDriver]&amp#27;[39m Waiting up to 0 ms for condition
[debug] &amp#27;[35m[WD Proxy]&amp#27;[39m Matched '/element' to command name 'findElement'
[debug] &amp#27;[35m[WD Proxy]&amp#27;[39m Proxying [POST /element] to [POST http://127.0.0.1:8201/wd/hub/session/e7ffd3ef-b1bd-4819-8744-6ecd10668ca4/element] with body: {"strategy":"xpath","selector":"//android.widget.TextView[@text = 'Views']","context":"","multiple":false}
[debug] &amp#27;[35m[WD Proxy]&amp#27;[39m Got response with status 200: {"sessionId":"e7ffd3ef-b1bd-4819-8744-6ecd10668ca4","value":{"ELEMENT":"00000000-0000-034c-ffff-ffff0000000f","element-6066-11e4-a52e-4f735466cecf":"00000000-0000-034c-ffff-ffff0000000f"}}
[debug] &amp#27;[35m[W3C (42ec887b)]&amp#27;[39m Responding to client with driver.findElement() result: {"element-6066-11e4-a52e-4f735466cecf":"00000000-0000-034c-ffff-ffff0000000f","ELEMENT":"00000000-0000-034c-ffff-ffff0000000f"}
&amp#27;[35m[HTTP]&amp#27;[39m &amp#27;[37m<-- POST /wd/hub/session/42ec887b-f5a0-43ee-81f9-55b4915c506a/element &amp#27;[39m&amp#27;[32m200&amp#27;[39m &amp#27;[90m1348 ms - 137&amp#27;[39m
&amp#27;[35m[HTTP]&amp#27;[39m &amp#27;[90m&amp#27;[39m
&amp#27;[35m[HTTP]&amp#27;[39m &amp#27;[37m-->&amp#27;[39m &amp#27;[37mGET&amp#27;[39m &amp#27;[37m/wd/hub/session/42ec887b-f5a0-43ee-81f9-55b4915c506a/element/00000000-0000-034c-ffff-ffff0000000f/displayed&amp#27;[39m
&amp#27;[35m[HTTP]&amp#27;[39m &amp#27;[90m{}&amp#27;[39m
[debug] &amp#27;[35m[W3C (42ec887b)]&amp#27;[39m Calling AppiumDriver.elementDisplayed() with args: ["00000000-0000-034c-ffff-ffff0000000f","42ec887b-f5a0-43ee-81f9-55b4915c506a"]
[debug] &amp#27;[35m[WD Proxy]&amp#27;[39m Matched '/element/00000000-0000-034c-ffff-ffff0000000f/attribute/displayed' to command name 'getAttribute'
[debug] &amp#27;[35m[WD Proxy]&amp#27;[39m Proxying [GET /element/00000000-0000-034c-ffff-ffff0000000f/attribute/displayed] to [GET http://127.0.0.1:8201/wd/hub/session/e7ffd3ef-b1bd-4819-8744-6ecd10668ca4/element/00000000-0000-034c-ffff-ffff0000000f/attribute/displayed] with no body
[debug] &amp#27;[35m[WD Proxy]&amp#27;[39m Got response with status 200: {"sessionId":"e7ffd3ef-b1bd-4819-8744-6ecd10668ca4","value":"true"}
[debug] &amp#27;[35m[W3C (42ec887b)]&amp#27;[39m Responding to client with driver.elementDisplayed() result: true
&amp#27;[35m[HTTP]&amp#27;[39m &amp#27;[37m<-- GET /wd/hub/session/42ec887b-f5a0-43ee-81f9-55b4915c506a/element/00000000-0000-034c-ffff-ffff0000000f/displayed &amp#27;[39m&amp#27;[32m200&amp#27;[39m &amp#27;[90m58 ms - 14&amp#27;[39m
&amp#27;[35m[HTTP]&amp#27;[39m &amp#27;[90m&amp#27;[39m
&amp#27;[35m[HTTP]&amp#27;[39m &amp#27;[37m-->&amp#27;[39m &amp#27;[37mGET&amp#27;[39m &amp#27;[37m/wd/hub/session/42ec887b-f5a0-43ee-81f9-55b4915c506a&amp#27;[39m
&amp#27;[35m[HTTP]&amp#27;[39m &amp#27;[90m{}&amp#27;[39m
[debug] &amp#27;[35m[W3C (42ec887b)]&amp#27;[39m Calling AppiumDriver.getSession() with args: ["42ec887b-f5a0-43ee-81f9-55b4915c506a"]
[debug] &amp#27;[35m[UiAutomator2]&amp#27;[39m Getting session details from server to mix in
[debug] &amp#27;[35m[WD Proxy]&amp#27;[39m Matched '/' to command name 'getSession'
[debug] &amp#27;[35m[WD Proxy]&amp#27;[39m Proxying [GET /] to [GET http://127.0.0.1:8201/wd/hub/session/e7ffd3ef-b1bd-4819-8744-6ecd10668ca4] with no body
[debug] &amp#27;[35m[WD Proxy]&amp#27;[39m Got response with status 200: {"sessionId":"e7ffd3ef-b1bd-4819-8744-6ecd10668ca4","value":{"lastScrollData":null}}
[debug] &amp#27;[35m[W3C (42ec887b)]&amp#27;[39m Responding to client with driver.getSession() result: {"platform":"LINUX","webStorageEnabled":false,"takesScreenshot":true,"javascriptEnabled":true,"databaseEnabled":false,"networkConnectionEnabled":true,"locationContextEnabled":false,"warnings":{},"desired":{"platformName":"android","appium-version":"1.15.1","app":"C:\\Users\\rajkumar06\\Desktop\\Exit_Test\\src\\java\\resources\\Test_Application\\API Demos_4.0_apkcombo.com.apk","appActivity":"com.hmh.api.ApiDemos","appPackage":"com.hmh.api","deviceName":"Android","platformVersion":"8.1"},"platformName":"android","appium-version":"1.15.1","app":"C:\\Users\\rajkumar06\\Desktop\\Exit_Test\\src\\java\\resources\\Test_Application\\API Demos_4.0_apkcombo.com.apk","appActivity":"com.hmh.api.ApiDemos","appPackage":"com.hmh.api","deviceName":"emulator-5554","platformVersion":"8.1.0","deviceUDID":"emulator-5554","deviceApiLevel":27,"deviceScreenSize":"1080x2340","deviceScreenDensity":440,"deviceModel":"Android SDK built for x86","deviceManufacturer":"Google","pixelRatio":2.75,"statBarHeight":66,"viewportRect":{"left":...
&amp#27;[35m[HTTP]&amp#27;[39m &amp#27;[37m<-- GET /wd/hub/session/42ec887b-f5a0-43ee-81f9-55b4915c506a &amp#27;[39m&amp#27;[32m200&amp#27;[39m &amp#27;[90m12 ms - 1092&amp#27;[39m
&amp#27;[35m[HTTP]&amp#27;[39m &amp#27;[90m&amp#27;[39m
&amp#27;[35m[HTTP]&amp#27;[39m &amp#27;[37m-->&amp#27;[39m &amp#27;[37mPOST&amp#27;[39m &amp#27;[37m/wd/hub/session/42ec887b-f5a0-43ee-81f9-55b4915c506a/element&amp#27;[39m
&amp#27;[35m[HTTP]&amp#27;[39m &amp#27;[90m{"using":"xpath","value":"//android.widget.TextView[@text = 'Views']"}&amp#27;[39m
[debug] &amp#27;[35m[W3C (42ec887b)]&amp#27;[39m Calling AppiumDriver.findElement() with args: ["xpath","//android.widget.TextView[@text = 'Views']","42ec887b-f5a0-43ee-81f9-55b4915c506a"]
[debug] &amp#27;[35m[BaseDriver]&amp#27;[39m Valid locator strategies for this request: xpath, id, class name, accessibility id, css selector, -android uiautomator
[debug] &amp#27;[35m[BaseDriver]&amp#27;[39m Waiting up to 0 ms for condition
[debug] &amp#27;[35m[WD Proxy]&amp#27;[39m Matched '/element' to command name 'findElement'
[debug] &amp#27;[35m[WD Proxy]&amp#27;[39m Proxying [POST /element] to [POST http://127.0.0.1:8201/wd/hub/session/e7ffd3ef-b1bd-4819-8744-6ecd10668ca4/element] with body: {"strategy":"xpath","selector":"//android.widget.TextView[@text = 'Views']","context":"","multiple":false}
[debug] &amp#27;[35m[WD Proxy]&amp#27;[39m Got response with status 200: {"sessionId":"e7ffd3ef-b1bd-4819-8744-6ecd10668ca4","value":{"ELEMENT":"00000000-0000-034c-ffff-ffff0000000f","element-6066-11e4-a52e-4f735466cecf":"00000000-0000-034c-ffff-ffff0000000f"}}
[debug] &amp#27;[35m[W3C (42ec887b)]&amp#27;[39m Responding to client with driver.findElement() result: {"element-6066-11e4-a52e-4f735466cecf":"00000000-0000-034c-ffff-ffff0000000f","ELEMENT":"00000000-0000-034c-ffff-ffff0000000f"}
&amp#27;[35m[HTTP]&amp#27;[39m &amp#27;[37m<-- POST /wd/hub/session/42ec887b-f5a0-43ee-81f9-55b4915c506a/element &amp#27;[39m&amp#27;[32m200&amp#27;[39m &amp#27;[90m73 ms - 137&amp#27;[39m
&amp#27;[35m[HTTP]&amp#27;[39m &amp#27;[90m&amp#27;[39m
&amp#27;[35m[HTTP]&amp#27;[39m &amp#27;[37m-->&amp#27;[39m &amp#27;[37mGET&amp#27;[39m &amp#27;[37m/wd/hub/session/42ec887b-f5a0-43ee-81f9-55b4915c506a/element/00000000-0000-034c-ffff-ffff0000000f/displayed&amp#27;[39m
&amp#27;[35m[HTTP]&amp#27;[39m &amp#27;[90m{}&amp#27;[39m
[debug] &amp#27;[35m[W3C (42ec887b)]&amp#27;[39m Calling AppiumDriver.elementDisplayed() with args: ["00000000-0000-034c-ffff-ffff0000000f","42ec887b-f5a0-43ee-81f9-55b4915c506a"]
[debug] &amp#27;[35m[WD Proxy]&amp#27;[39m Matched '/element/00000000-0000-034c-ffff-ffff0000000f/attribute/displayed' to command name 'getAttribute'
[debug] &amp#27;[35m[WD Proxy]&amp#27;[39m Proxying [GET /element/00000000-0000-034c-ffff-ffff0000000f/attribute/displayed] to [GET http://127.0.0.1:8201/wd/hub/session/e7ffd3ef-b1bd-4819-8744-6ecd10668ca4/element/00000000-0000-034c-ffff-ffff0000000f/attribute/displayed] with no body
[debug] &amp#27;[35m[WD Proxy]&amp#27;[39m Got response with status 200: {"sessionId":"e7ffd3ef-b1bd-4819-8744-6ecd10668ca4","value":"true"}
[debug] &amp#27;[35m[W3C (42ec887b)]&amp#27;[39m Responding to client with driver.elementDisplayed() result: true
&amp#27;[35m[HTTP]&amp#27;[39m &amp#27;[37m<-- GET /wd/hub/session/42ec887b-f5a0-43ee-81f9-55b4915c506a/element/00000000-  When user verify the view tap                  # com.APIDemos.stepdefinations.TextSwitcherStepDef.user_verify_the_view_tap()
0000-034c-ffff-ffff0000000f/displayed &amp#27;[39m&amp#27;[32m200&amp#27;[39m &amp#27;[90m21 ms - 14&amp#27;[39m
&amp#27;[35m[HTTP]&amp#27;[39m &amp#27;[90m&amp#27;[39m
&amp#27;[35m[HTTP]&amp#27;[39m &amp#27;[37m-->&amp#27;[39m &amp#27;[37mGET&amp#27;[39m &amp#27;[37m/wd/hub/session/42ec887b-f5a0-43ee-81f9-55b4915c506a&amp#27;[39m
&amp#27;[35m[HTTP]&amp#27;[39m &amp#27;[90m{}&amp#27;[39m
[debug] &amp#27;[35m[W3C (42ec887b)]&amp#27;[39m Calling AppiumDriver.getSession() with args: ["42ec887b-f5a0-43ee-81f9-55b4915c506a"]
[debug] &amp#27;[35m[UiAutomator2]&amp#27;[39m Getting session details from server to mix in
[debug] &amp#27;[35m[WD Proxy]&amp#27;[39m Matched '/' to command name 'getSession'
[debug] &amp#27;[35m[WD Proxy]&amp#27;[39m Proxying [GET /] to [GET http://127.0.0.1:8201/wd/hub/session/e7ffd3ef-b1bd-4819-8744-6ecd10668ca4] with no body
[debug] &amp#27;[35m[WD Proxy]&amp#27;[39m Got response with status 200: {"sessionId":"e7ffd3ef-b1bd-4819-8744-6ecd10668ca4","value":{"lastScrollData":null}}
[debug] &amp#27;[35m[W3C (42ec887b)]&amp#27;[39m Responding to client with driver.getSession() result: {"platform":"LINUX","webStorageEnabled":false,"takesScreenshot":true,"javascriptEnabled":true,"databaseEnabled":false,"networkConnectionEnabled":true,"locationContextEnabled":false,"warnings":{},"desired":{"platformName":"android","appium-version":"1.15.1","app":"C:\\Users\\rajkumar06\\Desktop\\Exit_Test\\src\\java\\resources\\Test_Application\\API Demos_4.0_apkcombo.com.apk","appActivity":"com.hmh.api.ApiDemos","appPackage":"com.hmh.api","deviceName":"Android","platformVersion":"8.1"},"platformName":"android","appium-version":"1.15.1","app":"C:\\Users\\rajkumar06\\Desktop\\Exit_Test\\src\\java\\resources\\Test_Application\\API Demos_4.0_apkcombo.com.apk","appActivity":"com.hmh.api.ApiDemos","appPackage":"com.hmh.api","deviceName":"emulator-5554","platformVersion":"8.1.0","deviceUDID":"emulator-5554","deviceApiLevel":27,"deviceScreenSize":"1080x2340","deviceScreenDensity":440,"deviceModel":"Android SDK built for x86","deviceManufacturer":"Google","pixelRatio":2.75,"statBarHeight":66,"viewportRect":{"left":...
&amp#27;[35m[HTTP]&amp#27;[39m &amp#27;[37m<-- GET /wd/hub/session/42ec887b-f5a0-43ee-81f9-55b4915c506a &amp#27;[39m&amp#27;[32m200&amp#27;[39m &amp#27;[90m12 ms - 1092&amp#27;[39m
&amp#27;[35m[HTTP]&amp#27;[39m &amp#27;[90m&amp#27;[39m
&amp#27;[35m[HTTP]&amp#27;[39m &amp#27;[37m-->&amp#27;[39m &amp#27;[37mPOST&amp#27;[39m &amp#27;[37m/wd/hub/session/42ec887b-f5a0-43ee-81f9-55b4915c506a/element&amp#27;[39m
&amp#27;[35m[HTTP]&amp#27;[39m &amp#27;[90m{"using":"xpath","value":"//android.widget.TextView[@text = 'Views']"}&amp#27;[39m
[debug] &amp#27;[35m[W3C (42ec887b)]&amp#27;[39m Calling AppiumDriver.findElement() with args: ["xpath","//android.widget.TextView[@text = 'Views']","42ec887b-f5a0-43ee-81f9-55b4915c506a"]
[debug] &amp#27;[35m[BaseDriver]&amp#27;[39m Valid locator strategies for this request: xpath, id, class name, accessibility id, css selector, -android uiautomator
[debug] &amp#27;[35m[BaseDriver]&amp#27;[39m Waiting up to 0 ms for condition
[debug] &amp#27;[35m[WD Proxy]&amp#27;[39m Matched '/element' to command name 'findElement'
[debug] &amp#27;[35m[WD Proxy]&amp#27;[39m Proxying [POST /element] to [POST http://127.0.0.1:8201/wd/hub/session/e7ffd3ef-b1bd-4819-8744-6ecd10668ca4/element] with body: {"strategy":"xpath","selector":"//android.widget.TextView[@text = 'Views']","context":"","multiple":false}
[debug] &amp#27;[35m[WD Proxy]&amp#27;[39m Got response with status 200: {"sessionId":"e7ffd3ef-b1bd-4819-8744-6ecd10668ca4","value":{"ELEMENT":"00000000-0000-034c-ffff-ffff0000000f","element-6066-11e4-a52e-4f735466cecf":"00000000-0000-034c-ffff-ffff0000000f"}}
[debug] &amp#27;[35m[W3C (42ec887b)]&amp#27;[39m Responding to client with driver.findElement() result: {"element-6066-11e4-a52e-4f735466cecf":"00000000-0000-034c-ffff-ffff0000000f","ELEMENT":"00000000-0000-034c-ffff-ffff0000000f"}
&amp#27;[35m[HTTP]&amp#27;[39m &amp#27;[37m<-- POST /wd/hub/session/42ec887b-f5a0-43ee-81f9-55b4915c506a/element &amp#27;[39m&amp#27;[32m200&amp#27;[39m &amp#27;[90m70 ms - 137&amp#27;[39m
&amp#27;[35m[HTTP]&amp#27;[39m &amp#27;[90m&amp#27;[39m
&amp#27;[35m[HTTP]&amp#27;[39m &amp#27;[37m-->&amp#27;[39m &amp#27;[37mPOST&amp#27;[39m &amp#27;[37m/wd/hub/session/42ec887b-f5a0-43ee-81f9-55b4915c506a/touch/perform&amp#27;[39m
&amp#27;[35m[HTTP]&amp#27;[39m &amp#27;[90m{"actions":[{"action":"tap","options":{"element":"00000000-0000-034c-ffff-ffff0000000f"}}]}&amp#27;[39m
[debug] &amp#27;[35m[W3C (42ec887b)]&amp#27;[39m Calling AppiumDriver.performTouch() with args: [[{"action":"tap","options":{"element":"00000000-0000-034c-ffff-ffff0000000f"}}],"42ec887b-f5a0-43ee-81f9-55b4915c506a"]
&amp#27;[35m[UiAutomator2]&amp#27;[39m calling get location: 00000000-0000-034c-ffff-ffff0000000f
[debug] &amp#27;[35m[WD Proxy]&amp#27;[39m Matched '/element/00000000-0000-034c-ffff-ffff0000000f/location' to command name 'getLocation'
[debug] &amp#27;[35m[WD Proxy]&amp#27;[39m Proxying [GET /element/00000000-0000-034c-ffff-ffff0000000f/location] to [GET http://127.0.0.1:8201/wd/hub/session/e7ffd3ef-b1bd-4819-8744-6ecd10668ca4/element/00000000-0000-034c-ffff-ffff0000000f/location] with no body
[debug] &amp#27;[35m[WD Proxy]&amp#27;[39m Got response with status 200: {"sessionId":"e7ffd3ef-b1bd-4819-8744-6ecd10668ca4","value":{"x":0,"y":1570}}
[debug] &amp#27;[35m[WD Proxy]&amp#27;[39m Matched '/element/00000000-0000-034c-ffff-ffff0000000f/size' to command name 'getSize'
[debug] &amp#27;[35m[WD Proxy]&amp#27;[39m Proxying [GET /element/00000000-0000-034c-ffff-ffff0000000f/size] to [GET http://127.0.0.1:8201/wd/hub/session/e7ffd3ef-b1bd-4819-8744-6ecd10668ca4/element/00000000-0000-034c-ffff-ffff0000000f/size] with no body
[debug] &amp#27;[35m[WD Proxy]&amp#27;[39m Got response with status 200: {"sessionId":"e7ffd3ef-b1bd-4819-8744-6ecd10668ca4","value":{"height":132,"width":1080}}
[debug] &amp#27;[35m[WD Proxy]&amp#27;[39m Proxying [POST /appium/tap] to [POST http://127.0.0.1:8201/wd/hub/session/e7ffd3ef-b1bd-4819-8744-6ecd10668ca4/appium/tap] with body: {"x":540,"y":1636,"undefined":null}
[debug] &amp#27;[35m[WD Proxy]&amp#27;[39m Got response with status 200: {"sessionId":"e7ffd3ef-b1bd-4819-8744-6ecd10668ca4","value":null}
[debug] &amp#27;[35m[W3C (42ec887b)]&amp#27;[39m Responding to client with driver.performTouch() result: null
&amp#27;[35m[HTTP]&amp#27;[39m &amp#27;[37m<-- POST /wd/hub/session/42ec887b-f5a0-43ee-81f9-55b4915c506a/touch/perform   And user tap on views                          # com.APIDemos.stepdefinations.TextSwitcherStepDef.user_tap_on_views()
&amp#27;[39m&amp#27;[32m200&amp#27;[39m &amp#27;[90m1338 ms - 14&amp#27;[39m
&amp#27;[35m[HTTP]&amp#27;[39m &amp#27;[90m&amp#27;[39m
&amp#27;[35m[HTTP]&amp#27;[39m &amp#27;[37m-->&amp#27;[39m &amp#27;[37mPOST&amp#27;[39m &amp#27;[37m/wd/hub/session/42ec887b-f5a0-43ee-81f9-55b4915c506a/elements&amp#27;[39m
&amp#27;[35m[HTTP]&amp#27;[39m &amp#27;[90m{"using":"xpath","value":"//android.widget.TextView[@text = 'TextSwitcher']"}&amp#27;[39m
[debug] &amp#27;[35m[W3C (42ec887b)]&amp#27;[39m Calling AppiumDriver.findElements() with args: ["xpath","//android.widget.TextView[@text = 'TextSwitcher']","42ec887b-f5a0-43ee-81f9-55b4915c506a"]
[debug] &amp#27;[35m[BaseDriver]&amp#27;[39m Valid locator strategies for this request: xpath, id, class name, accessibility id, css selector, -android uiautomator
[debug] &amp#27;[35m[BaseDriver]&amp#27;[39m Waiting up to 0 ms for condition
[debug] &amp#27;[35m[WD Proxy]&amp#27;[39m Matched '/elements' to command name 'findElements'
[debug] &amp#27;[35m[WD Proxy]&amp#27;[39m Proxying [POST /elements] to [POST http://127.0.0.1:8201/wd/hub/session/e7ffd3ef-b1bd-4819-8744-6ecd10668ca4/elements] with body: {"strategy":"xpath","selector":"//android.widget.TextView[@text = 'TextSwitcher']","context":"","multiple":true}
[debug] &amp#27;[35m[WD Proxy]&amp#27;[39m Got response with status 200: {"sessionId":"e7ffd3ef-b1bd-4819-8744-6ecd10668ca4","value":[]}
[debug] &amp#27;[35m[W3C (42ec887b)]&amp#27;[39m Responding to client with driver.findElements() result: []
&amp#27;[35m[HTTP]&amp#27;[39m &amp#27;[37m<-- POST /wd/hub/session/42ec887b-f5a0-43ee-81f9-55b4915c506a/elements &amp#27;[39m&amp#27;[32m200&amp#27;[39m &amp#27;[90m73 ms - 12&amp#27;[39m
&amp#27;[35m[HTTP]&amp#27;[39m &amp#27;[90m&amp#27;[39m
&amp#27;[35m[HTTP]&amp#27;[39m &amp#27;[37m-->&amp#27;[39m &amp#27;[37mGET&amp#27;[39m &amp#27;[37m/wd/hub/session/42ec887b-f5a0-43ee-81f9-55b4915c506a/window/rect&amp#27;[39m
&amp#27;[35m[HTTP]&amp#27;[39m &amp#27;[90m{}&amp#27;[39m
[debug] &amp#27;[35m[W3C (42ec887b)]&amp#27;[39m Calling AppiumDriver.getWindowRect() with args: ["42ec887b-f5a0-43ee-81f9-55b4915c506a"]
[debug] &amp#27;[35m[WD Proxy]&amp#27;[39m Matched '/window/current/size' to command name 'getWindowSize'
[debug] &amp#27;[35m[WD Proxy]&amp#27;[39m Proxying [GET /window/current/size] to [GET http://127.0.0.1:8201/wd/hub/session/e7ffd3ef-b1bd-4819-8744-6ecd10668ca4/window/current/size] with no body
[debug] &amp#27;[35m[WD Proxy]&amp#27;[39m Got response with status 200: {"sessionId":"e7ffd3ef-b1bd-4819-8744-6ecd10668ca4","value":{"height":2208,"width":1080}}
[debug] &amp#27;[35m[W3C (42ec887b)]&amp#27;[39m Responding to client with driver.getWindowRect() result: {"width":1080,"height":2208,"x":0,"y":0}
&amp#27;[35m[HTTP]&amp#27;[39m &amp#27;[37m<-- GET /wd/hub/session/42ec887b-f5a0-43ee-81f9-55b4915c506a/window/rect &amp#27;[39m&amp#27;[32m200&amp#27;[39m &amp#27;[90m27 ms - 50&amp#27;[39m
&amp#27;[35m[HTTP]&amp#27;[39m &amp#27;[90m&amp#27;[39m
&amp#27;[35m[HTTP]&amp#27;[39m &amp#27;[37m-->&amp#27;[39m &amp#27;[37mPOST&amp#27;[39m &amp#27;[37m/wd/hub/session/42ec887b-f5a0-43ee-81f9-55b4915c506a/touch/perform&amp#27;[39m
&amp#27;[35m[HTTP]&amp#27;[39m &amp#27;[90m{"actions":[{"action":"press","options":{"x":216,"y":441}},{"action":"wait","options":{"ms":200}},{"action":"moveTo","options":{"x":216,"y":10}},{"action":"release","options":{}}]}&amp#27;[39m
[debug] &amp#27;[35m[W3C (42ec887b)]&amp#27;[39m Calling AppiumDriver.performTouch() with args: [[{"action":"press","options":{"x":216,"y":441}},{"action":"wait","options":{"ms":200}},{"action":"moveTo","options":{"x":216,"y":10}},{"action":"release","options":{}}],"42ec887b-f5a0-43ee-81f9-55b4915c506a"]
[debug] &amp#27;[35m[WD Proxy]&amp#27;[39m Matched '/touch/perform' to command name 'performTouch'
[debug] &amp#27;[35m[WD Proxy]&amp#27;[39m Proxying [POST /touch/perform] to [POST http://127.0.0.1:8201/wd/hub/session/e7ffd3ef-b1bd-4819-8744-6ecd10668ca4/touch/perform] with body: {"startX":216,"startY":441,"endX":216,"endY":10,"steps":6}
[debug] &amp#27;[35m[WD Proxy]&amp#27;[39m Got response with status 200: {"sessionId":"e7ffd3ef-b1bd-4819-8744-6ecd10668ca4","value":null}
[debug] &amp#27;[35m[W3C (42ec887b)]&amp#27;[39m Responding to client with driver.performTouch() result: null
&amp#27;[35m[HTTP]&amp#27;[39m &amp#27;[37m<-- POST /wd/hub/session/42ec887b-f5a0-43ee-81f9-55b4915c506a/touch/perform &amp#27;[39m&amp#27;[32m200&amp#27;[39m &amp#27;[90m927 ms - 14&amp#27;[39m
&amp#27;[35m[HTTP]&amp#27;[39m &amp#27;[90m&amp#27;[39m
&amp#27;[35m[HTTP]&amp#27;[39m &amp#27;[37m-->&amp#27;[39m &amp#27;[37mPOST&amp#27;[39m &amp#27;[37m/wd/hub/session/42ec887b-f5a0-43ee-81f9-55b4915c506a/elements&amp#27;[39m
&amp#27;[35m[HTTP]&amp#27;[39m &amp#27;[90m{"using":"xpath","value":"//android.widget.TextView[@text = 'TextSwitcher']"}&amp#27;[39m
[debug] &amp#27;[35m[W3C (42ec887b)]&amp#27;[39m Calling AppiumDriver.findElements() with args: ["xpath","//android.widget.TextView[@text = 'TextSwitcher']","42ec887b-f5a0-43ee-81f9-55b4915c506a"]
[debug] &amp#27;[35m[BaseDriver]&amp#27;[39m Valid locator strategies for this request: xpath, id, class name, accessibility id, css selector, -android uiautomator
[debug] &amp#27;[35m[BaseDriver]&amp#27;[39m Waiting up to 0 ms for condition
[debug] &amp#27;[35m[WD Proxy]&amp#27;[39m Matched '/elements' to command name 'findElements'
[debug] &amp#27;[35m[WD Proxy]&amp#27;[39m Proxying [POST /elements] to [POST http://127.0.0.1:8201/wd/hub/session/e7ffd3ef-b1bd-4819-8744-6ecd10668ca4/elements] with body: {"strategy":"xpath","selector":"//android.widget.TextView[@text = 'TextSwitcher']","context":"","multiple":true}
[debug] &amp#27;[35m[WD Proxy]&amp#27;[39m Got response with status 200: {"sessionId":"e7ffd3ef-b1bd-4819-8744-6ecd10668ca4","value":[]}
[debug] &amp#27;[35m[W3C (42ec887b)]&amp#27;[39m Responding to client with driver.findElements() result: []
&amp#27;[35m[HTTP]&amp#27;[39m &amp#27;[37m<-- POST /wd/hub/session/42ec887b-f5a0-43ee-81f9-55b4915c506a/elements &amp#27;[39m&amp#27;[32m200&amp#27;[39m &amp#27;[90m488 ms - 12&amp#27;[39m
&amp#27;[35m[HTTP]&amp#27;[39m &amp#27;[90m&amp#27;[39m
&amp#27;[35m[HTTP]&amp#27;[39m &amp#27;[37m-->&amp#27;[39m &amp#27;[37mGET&amp#27;[39m &amp#27;[37m/wd/hub/session/42ec887b-f5a0-43ee-81f9-55b4915c506a/window/rect&amp#27;[39m
&amp#27;[35m[HTTP]&amp#27;[39m &amp#27;[90m{}&amp#27;[39m
[debug] &amp#27;[35m[W3C (42ec887b)]&amp#27;[39m Calling AppiumDriver.getWindowRect() with args: ["42ec887b-f5a0-43ee-81f9-55b4915c506a"]
[debug] &amp#27;[35m[WD Proxy]&amp#27;[39m Matched '/window/current/size' to command name 'getWindowSize'
[debug] &amp#27;[35m[WD Proxy]&amp#27;[39m Proxying [GET /window/current/size] to [GET http://127.0.0.1:8201/wd/hub/session/e7ffd3ef-b1bd-4819-8744-6ecd10668ca4/window/current/size] with no body
[debug] &amp#27;[35m[WD Proxy]&amp#27;[39m Got response with status 200: {"sessionId":"e7ffd3ef-b1bd-4819-8744-6ecd10668ca4","value":{"height":2208,"width":1080}}
[debug] &amp#27;[35m[W3C (42ec887b)]&amp#27;[39m Responding to client with driver.getWindowRect() result: {"width":1080,"height":2208,"x":0,"y":0}
&amp#27;[35m[HTTP]&amp#27;[39m &amp#27;[37m<-- GET /wd/hub/session/42ec887b-f5a0-43ee-81f9-55b4915c506a/window/rect &amp#27;[39m&amp#27;[32m200&amp#27;[39m &amp#27;[90m29 ms - 50&amp#27;[39m
&amp#27;[35m[HTTP]&amp#27;[39m &amp#27;[90m&amp#27;[39m
&amp#27;[35m[HTTP]&amp#27;[39m &amp#27;[37m-->&amp#27;[39m &amp#27;[37mPOST&amp#27;[39m &amp#27;[37m/wd/hub/session/42ec887b-f5a0-43ee-81f9-55b4915c506a/touch/perform&amp#27;[39m
&amp#27;[35m[HTTP]&amp#27;[39m &amp#27;[90m{"actions":[{"action":"press","options":{"x":216,"y":441}},{"action":"wait","options":{"ms":200}},{"action":"moveTo","options":{"x":216,"y":10}},{"action":"release","options":{}}]}&amp#27;[39m
[debug] &amp#27;[35m[W3C (42ec887b)]&amp#27;[39m Calling AppiumDriver.performTouch() with args: [[{"action":"press","options":{"x":216,"y":441}},{"action":"wait","options":{"ms":200}},{"action":"moveTo","options":{"x":216,"y":10}},{"action":"release","options":{}}],"42ec887b-f5a0-43ee-81f9-55b4915c506a"]
[debug] &amp#27;[35m[WD Proxy]&amp#27;[39m Matched '/touch/perform' to command name 'performTouch'
[debug] &amp#27;[35m[WD Proxy]&amp#27;[39m Proxying [POST /touch/perform] to [POST http://127.0.0.1:8201/wd/hub/session/e7ffd3ef-b1bd-4819-8744-6ecd10668ca4/touch/perform] with body: {"startX":216,"startY":441,"endX":216,"endY":10,"steps":6}
[debug] &amp#27;[35m[WD Proxy]&amp#27;[39m Got response with status 200: {"sessionId":"e7ffd3ef-b1bd-4819-8744-6ecd10668ca4","value":null}
[debug] &amp#27;[35m[W3C (42ec887b)]&amp#27;[39m Responding to client with driver.performTouch() result: null
&amp#27;[35m[HTTP]&amp#27;[39m &amp#27;[37m<-- POST /wd/hub/session/42ec887b-f5a0-43ee-81f9-55b4915c506a/touch/perform &amp#27;[39m&amp#27;[32m200&amp#27;[39m &amp#27;[90m982 ms - 14&amp#27;[39m
&amp#27;[35m[HTTP]&amp#27;[39m &amp#27;[90m&amp#27;[39m
&amp#27;[35m[HTTP]&amp#27;[39m &amp#27;[37m-->&amp#27;[39m &amp#27;[37mPOST&amp#27;[39m &amp#27;[37m/wd/hub/session/42ec887b-f5a0-43ee-81f9-55b4915c506a/elements&amp#27;[39m
&amp#27;[35m[HTTP]&amp#27;[39m &amp#27;[90m{"using":"xpath","value":"//android.widget.TextView[@text = 'TextSwitcher']"}&amp#27;[39m
[debug] &amp#27;[35m[W3C (42ec887b)]&amp#27;[39m Calling AppiumDriver.findElements() with args: ["xpath","//android.widget.TextView[@text = 'TextSwitcher']","42ec887b-f5a0-43ee-81f9-55b4915c506a"]
[debug] &amp#27;[35m[BaseDriver]&amp#27;[39m Valid locator strategies for this request: xpath, id, class name, accessibility id, css selector, -android uiautomator
[debug] &amp#27;[35m[BaseDriver]&amp#27;[39m Waiting up to 0 ms for condition
[debug] &amp#27;[35m[WD Proxy]&amp#27;[39m Matched '/elements' to command name 'findElements'
[debug] &amp#27;[35m[WD Proxy]&amp#27;[39m Proxying [POST /elements] to [POST http://127.0.0.1:8201/wd/hub/session/e7ffd3ef-b1bd-4819-8744-6ecd10668ca4/elements] with body: {"strategy":"xpath","selector":"//android.widget.TextView[@text = 'TextSwitcher']","context":"","multiple":true}
[debug] &amp#27;[35m[WD Proxy]&amp#27;[39m Got response with status 200: {"sessionId":"e7ffd3ef-b1bd-4819-8744-6ecd10668ca4","value":[]}
[debug] &amp#27;[35m[W3C (42ec887b)]&amp#27;[39m Responding to client with driver.findElements() result: []
&amp#27;[35m[HTTP]&amp#27;[39m &amp#27;[37m<-- POST /wd/hub/session/42ec887b-f5a0-43ee-81f9-55b4915c506a/elements &amp#27;[39m&amp#27;[32m200&amp#27;[39m &amp#27;[90m72 ms - 12&amp#27;[39m
&amp#27;[35m[HTTP]&amp#27;[39m &amp#27;[90m&amp#27;[39m
&amp#27;[35m[HTTP]&amp#27;[39m &amp#27;[37m-->&amp#27;[39m &amp#27;[37mGET&amp#27;[39m &amp#27;[37m/wd/hub/session/42ec887b-f5a0-43ee-81f9-55b4915c506a/window/rect&amp#27;[39m
&amp#27;[35m[HTTP]&amp#27;[39m &amp#27;[90m{}&amp#27;[39m
[debug] &amp#27;[35m[W3C (42ec887b)]&amp#27;[39m Calling AppiumDriver.getWindowRect() with args: ["42ec887b-f5a0-43ee-81f9-55b4915c506a"]
[debug] &amp#27;[35m[WD Proxy]&amp#27;[39m Matched '/window/current/size' to command name 'getWindowSize'
[debug] &amp#27;[35m[WD Proxy]&amp#27;[39m Proxying [GET /window/current/size] to [GET http://127.0.0.1:8201/wd/hub/session/e7ffd3ef-b1bd-4819-8744-6ecd10668ca4/window/current/size] with no body
[debug] &amp#27;[35m[WD Proxy]&amp#27;[39m Got response with status 200: {"sessionId":"e7ffd3ef-b1bd-4819-8744-6ecd10668ca4","value":{"height":2208,"width":1080}}
[debug] &amp#27;[35m[W3C (42ec887b)]&amp#27;[39m Responding to client with driver.getWindowRect() result: {"width":1080,"height":2208,"x":0,"y":0}
&amp#27;[35m[HTTP]&amp#27;[39m &amp#27;[37m<-- GET /wd/hub/session/42ec887b-f5a0-43ee-81f9-55b4915c506a/window/rect &amp#27;[39m&amp#27;[32m200&amp#27;[39m &amp#27;[90m16 ms - 50&amp#27;[39m
&amp#27;[35m[HTTP]&amp#27;[39m &amp#27;[90m&amp#27;[39m
&amp#27;[35m[HTTP]&amp#27;[39m &amp#27;[37m-->&amp#27;[39m &amp#27;[37mPOST&amp#27;[39m &amp#27;[37m/wd/hub/session/42ec887b-f5a0-43ee-81f9-55b4915c506a/touch/perform&amp#27;[39m
&amp#27;[35m[HTTP]&amp#27;[39m &amp#27;[90m{"actions":[{"action":"press","options":{"x":216,"y":441}},{"action":"wait","options":{"ms":200}},{"action":"moveTo","options":{"x":216,"y":10}},{"action":"release","options":{}}]}&amp#27;[39m
[debug] &amp#27;[35m[W3C (42ec887b)]&amp#27;[39m Calling AppiumDriver.performTouch() with args: [[{"action":"press","options":{"x":216,"y":441}},{"action":"wait","options":{"ms":200}},{"action":"moveTo","options":{"x":216,"y":10}},{"action":"release","options":{}}],"42ec887b-f5a0-43ee-81f9-55b4915c506a"]
[debug] &amp#27;[35m[WD Proxy]&amp#27;[39m Matched '/touch/perform' to command name 'performTouch'
[debug] &amp#27;[35m[WD Proxy]&amp#27;[39m Proxying [POST /touch/perform] to [POST http://127.0.0.1:8201/wd/hub/session/e7ffd3ef-b1bd-4819-8744-6ecd10668ca4/touch/perform] with body: {"startX":216,"startY":441,"endX":216,"endY":10,"steps":6}
[debug] &amp#27;[35m[WD Proxy]&amp#27;[39m Got response with status 200: {"sessionId":"e7ffd3ef-b1bd-4819-8744-6ecd10668ca4","value":null}
[debug] &amp#27;[35m[W3C (42ec887b)]&amp#27;[39m Responding to client with driver.performTouch() result: null
&amp#27;[35m[HTTP]&amp#27;[39m &amp#27;[37m<-- POST /wd/hub/session/42ec887b-f5a0-43ee-81f9-55b4915c506a/touch/perform &amp#27;[39m&amp#27;[32m200&amp#27;[39m &amp#27;[90m969 ms - 14&amp#27;[39m
&amp#27;[35m[HTTP]&amp#27;[39m &amp#27;[90m&amp#27;[39m
&amp#27;[35m[HTTP]&amp#27;[39m &amp#27;[37m-->&amp#27;[39m &amp#27;[37mPOST&amp#27;[39m &amp#27;[37m/wd/hub/session/42ec887b-f5a0-43ee-81f9-55b4915c506a/elements&amp#27;[39m
&amp#27;[35m[HTTP]&amp#27;[39m &amp#27;[90m{"using":"xpath","value":"//android.widget.TextView[@text = 'TextSwitcher']"}&amp#27;[39m
[debug] &amp#27;[35m[W3C (42ec887b)]&amp#27;[39m Calling AppiumDriver.findElements() with args: ["xpath","//android.widget.TextView[@text = 'TextSwitcher']","42ec887b-f5a0-43ee-81f9-55b4915c506a"]
[debug] &amp#27;[35m[BaseDriver]&amp#27;[39m Valid locator strategies for this request: xpath, id, class name, accessibility id, css selector, -android uiautomator
[debug] &amp#27;[35m[BaseDriver]&amp#27;[39m Waiting up to 0 ms for condition
[debug] &amp#27;[35m[WD Proxy]&amp#27;[39m Matched '/elements' to command name 'findElements'
[debug] &amp#27;[35m[WD Proxy]&amp#27;[39m Proxying [POST /elements] to [POST http://127.0.0.1:8201/wd/hub/session/e7ffd3ef-b1bd-4819-8744-6ecd10668ca4/elements] with body: {"strategy":"xpath","selector":"//android.widget.TextView[@text = 'TextSwitcher']","context":"","multiple":true}
[debug] &amp#27;[35m[WD Proxy]&amp#27;[39m Got response with status 200: {"sessionId":"e7ffd3ef-b1bd-4819-8744-6ecd10668ca4","value":[]}
[debug] &amp#27;[35m[W3C (42ec887b)]&amp#27;[39m Responding to client with driver.findElements() result: []
&amp#27;[35m[HTTP]&amp#27;[39m &amp#27;[37m<-- POST /wd/hub/session/42ec887b-f5a0-43ee-81f9-55b4915c506a/elements &amp#27;[39m&amp#27;[32m200&amp#27;[39m &amp#27;[90m76 ms - 12&amp#27;[39m
&amp#27;[35m[HTTP]&amp#27;[39m &amp#27;[90m&amp#27;[39m
&amp#27;[35m[HTTP]&amp#27;[39m &amp#27;[37m-->&amp#27;[39m &amp#27;[37mPOST&amp#27;[39m &amp#27;[37m/wd/hub/session/42ec887b-f5a0-43ee-81f9-55b4915c506a/elements&amp#27;[39m
&amp#27;[35m[HTTP]&amp#27;[39m &amp#27;[90m{"using":"xpath","value":"//android.widget.TextView[@text = 'TextSwitcher']"}&amp#27;[39m
[debug] &amp#27;[35m[W3C (42ec887b)]&amp#27;[39m Calling AppiumDriver.findElements() with args: ["xpath","//android.widget.TextView[@text = 'TextSwitcher']","42ec887b-f5a0-43ee-81f9-55b4915c506a"]
[debug] &amp#27;[35m[BaseDriver]&amp#27;[39m Valid locator strategies for this request: xpath, id, class name, accessibility id, css selector, -android uiautomator
[debug] &amp#27;[35m[BaseDriver]&amp#27;[39m Waiting up to 0 ms for condition
[debug] &amp#27;[35m[WD Proxy]&amp#27;[39m Matched '/elements' to command name 'findElements'
[debug] &amp#27;[35m[WD Proxy]&amp#27;[39m Proxying [POST /elements] to [POST http://127.0.0.1:8201/wd/hub/session/e7ffd3ef-b1bd-4819-8744-6ecd10668ca4/elements] with body: {"strategy":"xpath","selector":"//android.widget.TextView[@text = 'TextSwitcher']","context":"","multiple":true}
[debug] &amp#27;[35m[WD Proxy]&amp#27;[39m Got response with status 200: {"sessionId":"e7ffd3ef-b1bd-4819-8744-6ecd10668ca4","value":[]}
[debug] &amp#27;[35m[W3C (42ec887b)]&amp#27;[39m Responding to client with driver.findElements() result: []
&amp#27;[35m[HTTP]&amp#27;[39m &amp#27;[37m<-- POST /wd/hub/session/42ec887b-f5a0-43ee-81f9-55b4915c506a/elements &amp#27;[39m&amp#27;[32m200&amp#27;[39m &amp#27;[90m132 ms - 12&amp#27;[39m
&amp#27;[35m[HTTP]&amp#27;[39m &amp#27;[90m&amp#27;[39m
&amp#27;[35m[HTTP]&amp#27;[39m &amp#27;[37m-->&amp#27;[39m &amp#27;[37mPOST&amp#27;[39m &amp#27;[37m/wd/hub/session/42ec887b-f5a0-43ee-81f9-55b4915c506a/elements&amp#27;[39m
&amp#27;[35m[HTTP]&amp#27;[39m &amp#27;[90m{"using":"xpath","value":"//android.widget.TextView[@text = 'TextSwitcher']"}&amp#27;[39m
[debug] &amp#27;[35m[W3C (42ec887b)]&amp#27;[39m Calling AppiumDriver.findElements() with args: ["xpath","//android.widget.TextView[@text = 'TextSwitcher']","42ec887b-f5a0-43ee-81f9-55b4915c506a"]
[debug] &amp#27;[35m[BaseDriver]&amp#27;[39m Valid locator strategies for this request: xpath, id, class name, accessibility id, css selector, -android uiautomator
[debug] &amp#27;[35m[BaseDriver]&amp#27;[39m Waiting up to 0 ms for condition
[debug] &amp#27;[35m[WD Proxy]&amp#27;[39m Matched '/elements' to command name 'findElements'
[debug] &amp#27;[35m[WD Proxy]&amp#27;[39m Proxying [POST /elements] to [POST http://127.0.0.1:8201/wd/hub/session/e7ffd3ef-b1bd-4819-8744-6ecd10668ca4/elements] with body: {"strategy":"xpath","selector":"//android.widget.TextView[@text = 'TextSwitcher']","context":"","multiple":true}
[debug] &amp#27;[35m[WD Proxy]&amp#27;[39m Got response with status 200: {"sessionId":"e7ffd3ef-b1bd-4819-8744-6ecd10668ca4","value":[]}
[debug] &amp#27;[35m[W3C (42ec887b)]&amp#27;[39m Responding to client with driver.findElements() result: []
&amp#27;[35m[HTTP]&amp#27;[39m &amp#27;[37m<-- POST /wd/hub/session/42ec887b-f5a0-43ee-81f9-55b4915c506a/elements &amp#27;[39m&amp#27;[32m200&amp#27;[39m &amp#27;[90m73 ms - 12&amp#27;[39m
&amp#27;[35m[HTTP]&amp#27;[39m &amp#27;[90m&amp#27;[39m
&amp#27;[35m[HTTP]&amp#27;[39m &amp#27;[37m-->&amp#27;[39m &amp#27;[37mPOST&amp#27;[39m &amp#27;[37m/wd/hub/session/42ec887b-f5a0-43ee-81f9-55b4915c506a/elements&amp#27;[39m
&amp#27;[35m[HTTP]&amp#27;[39m &amp#27;[90m{"using":"xpath","value":"//android.widget.TextView[@text = 'TextSwitcher']"}&amp#27;[39m
[debug] &amp#27;[35m[W3C (42ec887b)]&amp#27;[39m Calling AppiumDriver.findElements() with args: ["xpath","//android.widget.TextView[@text = 'TextSwitcher']","42ec887b-f5a0-43ee-81f9-55b4915c506a"]
[debug] &amp#27;[35m[BaseDriver]&amp#27;[39m Valid locator strategies for this request: xpath, id, class name, accessibility id, css selector, -android uiautomator
[debug] &amp#27;[35m[BaseDriver]&amp#27;[39m Waiting up to 0 ms for condition
[debug] &amp#27;[35m[WD Proxy]&amp#27;[39m Matched '/elements' to command name 'findElements'
[debug] &amp#27;[35m[WD Proxy]&amp#27;[39m Proxying [POST /elements] to [POST http://127.0.0.1:8201/wd/hub/session/e7ffd3ef-b1bd-4819-8744-6ecd10668ca4/elements] with body: {"strategy":"xpath","selector":"//android.widget.TextView[@text = 'TextSwitcher']","context":"","multiple":true}
[debug] &amp#27;[35m[WD Proxy]&amp#27;[39m Got response with status 200: {"sessionId":"e7ffd3ef-b1bd-4819-8744-6ecd10668ca4","value":[]}
[debug] &amp#27;[35m[W3C (42ec887b)]&amp#27;[39m Responding to client with driver.findElements() result: []
&amp#27;[35m[HTTP]&amp#27;[39m &amp#27;[37m<-- POST /wd/hub/session/42ec887b-f5a0-43ee-81f9-55b4915c506a/elements &amp#27;[39m&amp#27;[32m200&amp#27;[39m &amp#27;[90m76 ms - 12&amp#27;[39m
&amp#27;[35m[HTTP]&amp#27;[39m &amp#27;[90m&amp#27;[39m
&amp#27;[35m[HTTP]&amp#27;[39m &amp#27;[37m-->&amp#27;[39m &amp#27;[37mPOST&amp#27;[39m &amp#27;[37m/wd/hub/session/42ec887b-f5a0-43ee-81f9-55b4915c506a/elements&amp#27;[39m
&amp#27;[35m[HTTP]&amp#27;[39m &amp#27;[90m{"using":"xpath","value":"//android.widget.TextView[@text = 'TextSwitcher']"}&amp#27;[39m
[debug] &amp#27;[35m[W3C (42ec887b)]&amp#27;[39m Calling AppiumDriver.findElements() with args: ["xpath","//android.widget.TextView[@text = 'TextSwitcher']","42ec887b-f5a0-43ee-81f9-55b4915c506a"]
[debug] &amp#27;[35m[BaseDriver]&amp#27;[39m Valid locator strategies for this request: xpath, id, class name, accessibility id, css selector, -android uiautomator
[debug] &amp#27;[35m[BaseDriver]&amp#27;[39m Waiting up to 0 ms for condition
[debug] &amp#27;[35m[WD Proxy]&amp#27;[39m Matched '/elements' to command name 'findElements'
[debug] &amp#27;[35m[WD Proxy]&amp#27;[39m Proxying [POST /elements] to [POST http://127.0.0.1:8201/wd/hub/session/e7ffd3ef-b1bd-4819-8744-6ecd10668ca4/elements] with body: {"strategy":"xpath","selector":"//android.widget.TextView[@text = 'TextSwitcher']","context":"","multiple":true}
[debug] &amp#27;[35m[WD Proxy]&amp#27;[39m Got response with status 200: {"sessionId":"e7ffd3ef-b1bd-4819-8744-6ecd10668ca4","value":[]}
[debug] &amp#27;[35m[W3C (42ec887b)]&amp#27;[39m Responding to client with driver.findElements() result: []
&amp#27;[35m[HTTP]&amp#27;[39m &amp#27;[37m<-- POST /wd/hub/session/42ec887b-f5a0-43ee-81f9-55b4915c506a/elements &amp#27;[39m&amp#27;[32m200&amp#27;[39m &amp#27;[90m64 ms - 12&amp#27;[39m
&amp#27;[35m[HTTP]&amp#27;[39m &amp#27;[90m&amp#27;[39m
&amp#27;[35m[HTTP]&amp#27;[39m &amp#27;[37m-->&amp#27;[39m &amp#27;[37mPOST&amp#27;[39m &amp#27;[37m/wd/hub/session/42ec887b-f5a0-43ee-81f9-55b4915c506a/elements&amp#27;[39m
&amp#27;[35m[HTTP]&amp#27;[39m &amp#27;[90m{"using":"xpath","value":"//android.widget.TextView[@text = 'TextSwitcher']"}&amp#27;[39m
[debug] &amp#27;[35m[W3C (42ec887b)]&amp#27;[39m Calling AppiumDriver.findElements() with args: ["xpath","//android.widget.TextView[@text = 'TextSwitcher']","42ec887b-f5a0-43ee-81f9-55b4915c506a"]
[debug] &amp#27;[35m[BaseDriver]&amp#27;[39m Valid locator strategies for this request: xpath, id, class name, accessibility id, css selector, -android uiautomator
[debug] &amp#27;[35m[BaseDriver]&amp#27;[39m Waiting up to 0 ms for condition
[debug] &amp#27;[35m[WD Proxy]&amp#27;[39m Matched '/elements' to command name 'findElements'
[debug] &amp#27;[35m[WD Proxy]&amp#27;[39m Proxying [POST /elements] to [POST http://127.0.0.1:8201/wd/hub/session/e7ffd3ef-b1bd-4819-8744-6ecd10668ca4/elements] with body: {"strategy":"xpath","selector":"//android.widget.TextView[@text = 'TextSwitcher']","context":"","multiple":true}
[debug] &amp#27;[35m[WD Proxy]&amp#27;[39m Got response with status 200: {"sessionId":"e7ffd3ef-b1bd-4819-8744-6ecd10668ca4","value":[]}
[debug] &amp#27;[35m[W3C (42ec887b)]&amp#27;[39m Responding to client with driver.findElements() result: []
&amp#27;[35m[HTTP]&amp#27;[39m &amp#27;[37m<-- POST /wd/hub/session/42ec887b-f5a0-43ee-81f9-55b4915c506a/elements &amp#27;[39m&amp#27;[32m200&amp#27;[39m &amp#27;[90m58 ms - 12&amp#27;[39m
&amp#27;[35m[HTTP]&amp#27;[39m &amp#27;[90m&amp#27;[39m
&amp#27;[35m[HTTP]&amp#27;[39m &amp#27;[37m-->&amp#27;[39m &amp#27;[37mPOST&amp#27;[39m &amp#27;[37m/wd/hub/session/42ec887b-f5a0-43ee-81f9-55b4915c506a/elements&amp#27;[39m
&amp#27;[35m[HTTP]&amp#27;[39m &amp#27;[90m{"using":"xpath","value":"//android.widget.TextView[@text = 'TextSwitcher']"}&amp#27;[39m
[debug] &amp#27;[35m[W3C (42ec887b)]&amp#27;[39m Calling AppiumDriver.findElements() with args: ["xpath","//android.widget.TextView[@text = 'TextSwitcher']","42ec887b-f5a0-43ee-81f9-55b4915c506a"]
[debug] &amp#27;[35m[BaseDriver]&amp#27;[39m Valid locator strategies for this request: xpath, id, class name, accessibility id, css selector, -android uiautomator
[debug] &amp#27;[35m[BaseDriver]&amp#27;[39m Waiting up to 0 ms for condition
[debug] &amp#27;[35m[WD Proxy]&amp#27;[39m Matched '/elements' to command name 'findElements'
[debug] &amp#27;[35m[WD Proxy]&amp#27;[39m Proxying [POST /elements] to [POST http://127.0.0.1:8201/wd/hub/session/e7ffd3ef-b1bd-4819-8744-6ecd10668ca4/elements] with body: {"strategy":"xpath","selector":"//android.widget.TextView[@text = 'TextSwitcher']","context":"","multiple":true}
[debug] &amp#27;[35m[WD Proxy]&amp#27;[39m Got response with status 200: {"sessionId":"e7ffd3ef-b1bd-4819-8744-6ecd10668ca4","value":[]}
[debug] &amp#27;[35m[W3C (42ec887b)]&amp#27;[39m Responding to client with driver.findElements() result: []
&amp#27;[35m[HTTP]&amp#27;[39m &amp#27;[37m<-- POST /wd/hub/session/42ec887b-f5a0-43ee-81f9-55b4915c506a/elements &amp#27;[39m&amp#27;[32m200&amp#27;[39m &amp#27;[90m84 ms - 12&amp#27;[39m
&amp#27;[35m[HTTP]&amp#27;[39m &amp#27;[90m&amp#27;[39m
&amp#27;[35m[HTTP]&amp#27;[39m &amp#27;[37m-->&amp#27;[39m &amp#27;[37mPOST&amp#27;[39m &amp#27;[37m/wd/hub/session/42ec887b-f5a0-43ee-81f9-55b4915c506a/elements&amp#27;[39m
&amp#27;[35m[HTTP]&amp#27;[39m &amp#27;[90m{"using":"xpath","value":"//android.widget.TextView[@text = 'TextSwitcher']"}&amp#27;[39m
[debug] &amp#27;[35m[W3C (42ec887b)]&amp#27;[39m Calling AppiumDriver.findElements() with args: ["xpath","//android.widget.TextView[@text = 'TextSwitcher']","42ec887b-f5a0-43ee-81f9-55b4915c506a"]
[debug] &amp#27;[35m[BaseDriver]&amp#27;[39m Valid locator strategies for this request: xpath, id, class name, accessibility id, css selector, -android uiautomator
[debug] &amp#27;[35m[BaseDriver]&amp#27;[39m Waiting up to 0 ms for condition
[debug] &amp#27;[35m[WD Proxy]&amp#27;[39m Matched '/elements' to command name 'findElements'
[debug] &amp#27;[35m[WD Proxy]&amp#27;[39m Proxying [POST /elements] to [POST http://127.0.0.1:8201/wd/hub/session/e7ffd3ef-b1bd-4819-8744-6ecd10668ca4/elements] with body: {"strategy":"xpath","selector":"//android.widget.TextView[@text = 'TextSwitcher']","context":"","multiple":true}
[debug] &amp#27;[35m[WD Proxy]&amp#27;[39m Got response with status 200: {"sessionId":"e7ffd3ef-b1bd-4819-8744-6ecd10668ca4","value":[]}
[debug] &amp#27;[35m[W3C (42ec887b)]&amp#27;[39m Responding to client with driver.findElements() result: []
&amp#27;[35m[HTTP]&amp#27;[39m &amp#27;[37m<-- POST /wd/hub/session/42ec887b-f5a0-43ee-81f9-55b4915c506a/elements &amp#27;[39m&amp#27;[32m200&amp#27;[39m &amp#27;[90m85 ms - 12&amp#27;[39m
&amp#27;[35m[HTTP]&amp#27;[39m &amp#27;[90m&amp#27;[39m
&amp#27;[35m[HTTP]&amp#27;[39m &amp#27;[37m-->&amp#27;[39m &amp#27;[37mPOST&amp#27;[39m &amp#27;[37m/wd/hub/session/42ec887b-f5a0-43ee-81f9-55b4915c506a/elements&amp#27;[39m
&amp#27;[35m[HTTP]&amp#27;[39m &amp#27;[90m{"using":"xpath","value":"//android.widget.TextView[@text = 'TextSwitcher']"}&amp#27;[39m
[debug] &amp#27;[35m[W3C (42ec887b)]&amp#27;[39m Calling AppiumDriver.findElements() with args: ["xpath","//android.widget.TextView[@text = 'TextSwitcher']","42ec887b-f5a0-43ee-81f9-55b4915c506a"]
[debug] &amp#27;[35m[BaseDriver]&amp#27;[39m Valid locator strategies for this request: xpath, id, class name, accessibility id, css selector, -android uiautomator
[debug] &amp#27;[35m[BaseDriver]&amp#27;[39m Waiting up to 0 ms for condition
[debug] &amp#27;[35m[WD Proxy]&amp#27;[39m Matched '/elements' to command name 'findElements'
[debug] &amp#27;[35m[WD Proxy]&amp#27;[39m Proxying [POST /elements] to [POST http://127.0.0.1:8201/wd/hub/session/e7ffd3ef-b1bd-4819-8744-6ecd10668ca4/elements] with body: {"strategy":"xpath","selector":"//android.widget.TextView[@text = 'TextSwitcher']","context":"","multiple":true}
[debug] &amp#27;[35m[WD Proxy]&amp#27;[39m Got response with status 200: {"sessionId":"e7ffd3ef-b1bd-4819-8744-6ecd10668ca4","value":[]}
[debug] &amp#27;[35m[W3C (42ec887b)]&amp#27;[39m Responding to client with driver.findElements() result: []
&amp#27;[35m[HTTP]&amp#27;[39m &amp#27;[37m<-- POST /wd/hub/session/42ec887b-f5a0-43ee-81f9-55b4915c506a/elements &amp#27;[39m&amp#27;[32m200&amp#27;[39m &amp#27;[90m49 ms - 12&amp#27;[39m
&amp#27;[35m[HTTP]&amp#27;[39m &amp#27;[90m&amp#27;[39m
&amp#27;[35m[HTTP]&amp#27;[39m &amp#27;[37m-->&amp#27;[39m &amp#27;[37mPOST&amp#27;[39m &amp#27;[37m/wd/hub/session/42ec887b-f5a0-43ee-81f9-55b4915c506a/elements&amp#27;[39m
&amp#27;[35m[HTTP]&amp#27;[39m &amp#27;[90m{"using":"xpath","value":"//android.widget.TextView[@text = 'TextSwitcher']"}&amp#27;[39m
[debug] &amp#27;[35m[W3C (42ec887b)]&amp#27;[39m Calling AppiumDriver.findElements() with args: ["xpath","//android.widget.TextView[@text = 'TextSwitcher']","42ec887b-f5a0-43ee-81f9-55b4915c506a"]
[debug] &amp#27;[35m[BaseDriver]&amp#27;[39m Valid locator strategies for this request: xpath, id, class name, accessibility id, css selector, -android uiautomator
[debug] &amp#27;[35m[BaseDriver]&amp#27;[39m Waiting up to 0 ms for condition
[debug] &amp#27;[35m[WD Proxy]&amp#27;[39m Matched '/elements' to command name 'findElements'
[debug] &amp#27;[35m[WD Proxy]&amp#27;[39m Proxying [POST /elements] to [POST http://127.0.0.1:8201/wd/hub/session/e7ffd3ef-b1bd-4819-8744-6ecd10668ca4/elements] with body: {"strategy":"xpath","selector":"//android.widget.TextView[@text = 'TextSwitcher']","context":"","multiple":true}
[debug] &amp#27;[35m[WD Proxy]&amp#27;[39m Got response with status 200: {"sessionId":"e7ffd3ef-b1bd-4819-8744-6ecd10668ca4","value":[]}
[debug] &amp#27;[35m[W3C (42ec887b)]&amp#27;[39m Responding to client with driver.findElements() result: []
&amp#27;[35m[HTTP]&amp#27;[39m &amp#27;[37m<-- POST /wd/hub/session/42ec887b-f5a0-43ee-81f9-55b4915c506a/elements &amp#27;[39m&amp#27;[32m200&amp#27;[39m &amp#27;[90m55 ms - 12&amp#27;[39m
&amp#27;[35m[HTTP]&amp#27;[39m &amp#27;[90m&amp#27;[39m
  Then user tap on textswitcher tap              # com.APIDemos.stepdefinations.TextSwitcherStepDef.user_tap_on_textswitcher_tap()
      org.openqa.selenium.TimeoutException: Expected condition failed: Cannot find the element by swiping upnot found (tried for 5 second(s) with 500 milliseconds interval)
	at org.openqa.selenium.support.ui.WebDriverWait.timeoutException(WebDriverWait.java:81)
	at org.openqa.selenium.support.ui.FluentWait.until(FluentWait.java:271)
	at com.APIDemos.utilities.Utility.waitForElamentPresent(Utility.java:141)
	at com.APIDemos.utilities.Utility.swiUPTillFindElement(Utility.java:127)
	at com.APIDemos.Pages.TextSwitcherPage.do_tap_on_text_switcher(TextSwitcherPage.java:41)
	at com.APIDemos.stepdefinations.TextSwitcherStepDef.user_tap_on_textswitcher_tap(TextSwitcherStepDef.java:31)
	at âœ½.user tap on textswitcher tap(file:///C:/Users/rajkumar06/Desktop/Exit_Test/src/test/java/com/APIDemos/feature/Textswitcherfeature.feature:7)
Caused by: org.openqa.selenium.NoSuchElementException: Cannot locate an element using By.xpath: //android.widget.TextView[@text = 'TextSwitcher']
For documentation on this error, please visit: http://seleniumhq.org/exceptions/no_such_element.html
Build info: version: '3.12.0', revision: '7c6e0b3', time: '2018-05-08T14:04:26.12Z'
System info: host: 'IN-3KKJ1J3', ip: '192.168.1.107', os.name: 'Windows 10', os.arch: 'amd64', os.version: '10.0', java.version: '11.0.5'
Driver info: driver.version: unknown
	at org.openqa.selenium.support.ui.ExpectedConditions.lambda$findElement$0(ExpectedConditions.java:896)
	at java.base/java.util.Optional.orElseThrow(Optional.java:408)
	at org.openqa.selenium.support.ui.ExpectedConditions.findElement(ExpectedConditions.java:895)
	at org.openqa.selenium.support.ui.ExpectedConditions.access$000(ExpectedConditions.java:44)
	at org.openqa.selenium.support.ui.ExpectedConditions$6.apply(ExpectedConditions.java:183)
	at org.openqa.selenium.support.ui.ExpectedConditions$6.apply(ExpectedConditions.java:180)
	at org.openqa.selenium.support.ui.FluentWait.until(FluentWait.java:248)
	at com.APIDemos.utilities.Utility.waitForElamentPresent(Utility.java:141)
	at com.APIDemos.utilities.Utility.swiUPTillFindElement(Utility.java:127)
	at com.APIDemos.Pages.TextSwitcherPage.do_tap_on_text_switcher(TextSwitcherPage.java:41)
	at com.APIDemos.stepdefinations.TextSwitcherStepDef.user_tap_on_textswitcher_tap(TextSwitcherStepDef.java:31)
	at java.base/jdk.internal.reflect.NativeMethodAccessorImpl.invoke0(Native Method)
	at java.base/jdk.internal.reflect.NativeMethodAccessorImpl.invoke(NativeMethodAccessorImpl.java:62)
	at java.base/jdk.internal.reflect.DelegatingMethodAccessorImpl.invoke(DelegatingMethodAccessorImpl.java:43)
	at java.base/java.lang.reflect.Method.invoke(Method.java:566)
	at io.cucumber.java.Invoker.doInvoke(Invoker.java:66)
	at io.cucumber.java.Invoker.invoke(Invoker.java:24)
	at io.cucumber.java.AbstractGlueDefinition.invokeMethod(AbstractGlueDefinition.java:47)
	at io.cucumber.java.JavaStepDefinition.execute(JavaStepDefinition.java:29)
	at io.cucumber.core.runner.CoreStepDefinition.execute(CoreStepDefinition.java:66)
	at io.cucumber.core.runner.PickleStepDefinitionMatch.runStep(PickleStepDefinitionMatch.java:63)
	at io.cucumber.core.runner.ExecutionMode$1.execute(ExecutionMode.java:10)
	at io.cucumber.core.runner.TestStep.executeStep(TestStep.java:85)
	at io.cucumber.core.runner.TestStep.run(TestStep.java:57)
	at io.cucumber.core.runner.PickleStepTestStep.run(PickleStepTestStep.java:51)
	at io.cucumber.core.runner.TestCase.run(TestCase.java:84)
	at io.cucumber.core.runner.Runner.runPickle(Runner.java:75)
	at io.cucumber.testng.TestNGCucumberRunner.lambda$runScenario$1(TestNGCucumberRunner.java:132)
	at io.cucumber.core.runtime.CucumberExecutionContext.lambda$runTestCase$5(CucumberExecutionContext.java:129)
	at io.cucumber.core.runtime.RethrowingThrowableCollector.executeAndThrow(RethrowingThrowableCollector.java:23)
	at io.cucumber.core.runtime.CucumberExecutionContext.runTestCase(CucumberExecutionContext.java:129)
	at io.cucumber.testng.TestNGCucumberRunner.runScenario(TestNGCucumberRunner.java:129)
	at io.cucumber.testng.AbstractTestNGCucumberTests.runScenario(AbstractTestNGCucumberTests.java:35)
	at java.base/jdk.internal.reflect.NativeMethodAccessorImpl.invoke0(Native Method)
	at java.base/jdk.internal.reflect.NativeMethodAccessorImpl.invoke(NativeMethodAccessorImpl.java:62)
	at java.base/jdk.internal.reflect.DelegatingMethodAccessorImpl.invoke(DelegatingMethodAccessorImpl.java:43)
	at java.base/java.lang.reflect.Method.invoke(Method.java:566)
	at org.testng.internal.MethodInvocationHelper.invokeMethod(MethodInvocationHelper.java:133)
	at org.testng.internal.TestInvoker.invokeMethod(TestInvoker.java:598)
	at org.testng.internal.TestInvoker.invokeTestMethod(TestInvoker.java:173)
	at org.testng.internal.MethodRunner.runInSequence(MethodRunner.java:46)
	at org.testng.internal.TestInvoker$MethodInvocationAgent.invoke(TestInvoker.java:824)
	at org.testng.internal.TestInvoker.invokeTestMethods(TestInvoker.java:146)
	at org.testng.internal.TestMethodWorker.invokeTestMethods(TestMethodWorker.java:146)
	at org.testng.internal.TestMethodWorker.run(TestMethodWorker.java:128)
	at java.base/java.util.ArrayList.forEach(ArrayList.java:1540)
	at org.testng.TestRunner.privateRun(TestRunner.java:794)
	at org.testng.TestRunner.run(TestRunner.java:596)
	at org.testng.SuiteRunner.runTest(SuiteRunner.java:377)
	at org.testng.SuiteRunner.runSequentially(SuiteRunner.java:371)
	at org.testng.SuiteRunner.privateRun(SuiteRunner.java:332)
	at org.testng.SuiteRunner.run(SuiteRunner.java:276)
	at org.testng.SuiteRunnerWorker.runSuite(SuiteRunnerWorker.java:53)
	at org.testng.SuiteRunnerWorker.run(SuiteRunnerWorker.java:96)
	at org.testng.TestNG.runSuitesSequentially(TestNG.java:1212)
	at org.testng.TestNG.runSuitesLocally(TestNG.java:1134)
	at org.testng.TestNG.runSuites(TestNG.java:1063)
	at org.testng.TestNG.run(TestNG.java:1031)
	at org.apache.maven.surefire.testng.TestNGExecutor.run(TestNGExecutor.java:283)
	at org.apache.maven.surefire.testng.TestNGXmlTestSuite.execute(TestNGXmlTestSuite.java:75)
	at org.apache.maven.surefire.testng.TestNGProvider.invoke(TestNGProvider.java:120)
	at org.apache.maven.surefire.booter.ForkedBooter.invokeProviderInSameClassLoader(ForkedBooter.java:384)
	at org.apache.maven.surefire.booter.ForkedBooter.runSuitesInProcess(ForkedBooter.java:345)
	at org.apache.maven.surefire.booter.ForkedBooter.execute(ForkedBooter.java:126)
	at org.apache.maven.surefire.booter.ForkedBooter.main(ForkedBooter.java:418)

  When user tap on next                          # com.APIDemos.stepdefinations.TextSwitcherStepDef.user_tap_on_next()
  Then User get the incremented tap meter        # com.APIDemos.stepdefinations.TextSwitcherStepDef.user_get_the_incremented_tap_meter()
&amp#27;[35m[HTTP]&amp#27;[39m &amp#27;[37m-->&amp#27;[39m &amp#27;[37mGET&amp#27;[39m &amp#27;[37m/wd/hub/session/42ec887b-f5a0-43ee-81f9-55b4915c506a/screenshot&amp#27;[39m
&amp#27;[35m[HTTP]&amp#27;[39m &amp#27;[90m{}&amp#27;[39m
[debug] &amp#27;[35m[W3C (42ec887b)]&amp#27;[39m Calling AppiumDriver.getScreenshot() with args: ["42ec887b-f5a0-43ee-81f9-55b4915c506a"]
[debug] &amp#27;[35m[WD Proxy]&amp#27;[39m Matched '/screenshot' to command name 'getScreenshot'
[debug] &amp#27;[35m[WD Proxy]&amp#27;[39m Proxying [GET /screenshot] to [GET http://127.0.0.1:8201/wd/hub/session/e7ffd3ef-b1bd-4819-8744-6ecd10668ca4/screenshot] with no body
[debug] &amp#27;[35m[WD Proxy]&amp#27;[39m Got response with status 200: {"sessionId":"e7ffd3ef-b1bd-4819-8744-6ecd10668ca4","value":"iVBORw0KGgoAAAANSUhEUgAABDgAAAkkCAYAAAD508+vAAAABHNCSVQICAgIfAhkiAAAIABJREFU\neJzs3Xl4U2XePvA7e5N030sppUjZ2rK9BQFZBaQIAlooKlIFxRFFBuSnOLIM4DKvCyDj64KAg+DM\nIFgVAS2DbJalgIIgqSAVkdJ935KmaXJ+f/AmL7VJuidNuD/XxXWN55w855suDOfO83wfEQABRERE\nREREREQuTOzsAoiIiIiIiIiIWosBBxERERERERG5PAYcREREREREROTyGHAQERERERERkctjwEFE\nRERERERELo8BBxERERERERG5PAYcREREREREROTyGHAQERERERERkctjwEFERERERERELk/q7AKI\nOgqpVIrIyEjcf//9mD17NgIDAwEAgiBAJBLVu/bWY2VlZfjkk0/w+eef4+rVq6irq4MgCA6vn4iI\niIiI6HYmAsAnMbptiUQiyGQyzJo1C0uXLoWXl5fleHOYAw2tVov169djy5YtqK2tZdBBRERERETk\nIAw4biGRSBAcHGz3moKCAhiNRgdVRO1JJBJh7ty5WLFiBWQyWbNDDVsEQYDBYEC/fv1QXl7eJmNS\nxyGRSACAfw8QEREREXUwXKLyvxQKBYYPH46RI0fave7kyZM4cuQIampqHFQZtYeQkBCkpqYiODi4\nzYINM5FIBLlcjoceeggbN2506VkcarUagwcPRr9+/SwP9i1RXV0NjUaDCxcuuEzoIxaLoVAooFKp\noFKpoFAoIBaL6wUcJpMJer0eWq0WWq0Wer0eJpPJyZUTERG5t5iYGHh7e2Po0KEAgGHDhtm89sSJ\nEwBu/hu+oqICGo3GITUSUFRU1ORrzUvDiVqLMzj+V1BQELZs2YL4+Hi71128eBGPPPIICgoKHFQZ\ntSWRSITk5GS8/PLLkErbN98z...
[debug] &amp#27;[35m[W3C (42ec887b)]&amp#27;[39m Responding to client with driver.getScreenshot() result: "iVBORw0KGgoAAAANSUhEUgAABDgAAAkkCAYAAAD508+vAAAABHNCSVQICAgIfAhkiAAAIABJREFU\neJzs3Xl4U2XePvA7e5N030sppUjZ2rK9BQFZBaQIAlooKlIFxRFFBuSnOLIM4DKvCyDj64KAg+DM\nIFgVAS2DbJalgIIgqSAVkdJ935KmaXJ+f/AmL7VJuidNuD/XxXWN55w855suDOfO83wfEQABRERE\nREREREQuTOzsAoiIiIiIiIiIWosBBxERERERERG5PAYcREREREREROTyGHAQERERERERkctjwEFE\nRERERERELo8BBxERERERERG5PAYcREREREREROTyGHAQERERERERkctjwEFERERERERELk/q7AKI\nOgqpVIrIyEjcf//9mD17NgIDAwEAgiBAJBLVu/bWY2VlZfjkk0/w+eef4+rVq6irq4MgCA6vn4iI\niIiI6HYmAsAnMbptiUQiyGQyzJo1C0uXLoWXl5fleHOYAw2tVov169djy5YtqK2tZdBBRERERETk\nIAw4biGRSBAcHGz3moKCAhiNRgdVRO1JJBJh7ty5WLFiBWQyWbNDDVsEQYDBYEC/fv1QXl7eJmNS\nxyGRSACAfw8QEREREXUwXKLyvxQKBYYPH46RI0fave7kyZM4cuQIampqHFQZtYeQkBCkpqYiODi4\nzYINM5FIBLlcjoceeggbN2506VkcarUagwcPRr9+/SwP9i1RXV0NjUaDCxcuuEzoIxaLoVAooFKp\noFKpoFAoIBaL6wUcJpMJer0eWq0WWq0Wer0eJpPJyZUTERG5t5iYGHh7e2Po0KEAgGHDhtm89sSJ\nEwBu/hu+oqICGo3GITUSUFRU1ORrzUvDiVqLMzj+V1BQELZs2YL4+Hi71128eBGPPPIICgoKHFQZ\ntSWRSITk5GS8/PLLkErbN98zGo2IjIyEyWSyhCiuFHZIpVKMGDECCxYswKBBg1r19TIHHDt37kRq\naipKSk...
&amp#27;[35m[HTTP]&amp#27;[39m &amp#27;[37m<-- GET /wd/hub/session/42ec887b-f5a0-43ee-81f9-55b4915c506a/screenshot &amp#27;[39m&amp#27;[32m200&amp#27;[39m &amp#27;[90m396 ms - 142670&amp#27;[39m
&amp#27;[35m[HTTP]&amp#27;[39m &amp#27;[90m&amp#27;[39m
&amp#27;[35m[HTTP]&amp#27;[39m &amp#27;[37m-->&amp#27;[39m &amp#27;[37mGET&amp#27;[39m &amp#27;[37m/wd/hub/session/42ec887b-f5a0-43ee-81f9-55b4915c506a/screenshot&amp#27;[39m
&amp#27;[35m[HTTP]&amp#27;[39m &amp#27;[90m{}&amp#27;[39m
[debug] &amp#27;[35m[W3C (42ec887b)]&amp#27;[39m Calling AppiumDriver.getScreenshot() with args: ["42ec887b-f5a0-43ee-81f9-55b4915c506a"]
[debug] &amp#27;[35m[WD Proxy]&amp#27;[39m Matched '/screenshot' to command name 'getScreenshot'
[debug] &amp#27;[35m[WD Proxy]&amp#27;[39m Proxying [GET /screenshot] to [GET http://127.0.0.1:8201/wd/hub/session/e7ffd3ef-b1bd-4819-8744-6ecd10668ca4/screenshot] with no body
[debug] &amp#27;[35m[WD Proxy]&amp#27;[39m Got response with status 200: {"sessionId":"e7ffd3ef-b1bd-4819-8744-6ecd10668ca4","value":"iVBORw0KGgoAAAANSUhEUgAABDgAAAkkCAYAAAD508+vAAAABHNCSVQICAgIfAhkiAAAIABJREFU\neJzs3Xl4U2XePvA7e5N030sppUjZ2rK9BQFZBaQIAlooKlIFxRFFBuSnOLIM4DKvCyDj64KAg+DM\nIFgVAS2DbJalgIIgqSAVkdJ935KmaXJ+f/AmL7VJuidNuD/XxXWN55w855suDOfO83wfEQABRERE\nREREREQuTOzsAoiIiIiIiIiIWosBBxERERERERG5PAYcREREREREROTyGHAQERERERERkctjwEFE\nRERERERELo8BBxERERERERG5PAYcREREREREROTyGHAQERERERERkctjwEFERERERERELk/q7AKI\nOgqpVIrIyEjcf//9mD17NgIDAwEAgiBAJBLVu/bWY2VlZfjkk0/w+eef4+rVq6irq4MgCA6vn4iI\niIiI6HYmAsAnMbptiUQiyGQyzJo1C0uXLoWXl5fleHOYAw2tVov169djy5YtqK2tZdBBRERERETk\nIAw4biGRSBAcHGz3moKCAhiNRgdVRO1JJBJh7ty5WLFiBWQyWbNDDVsEQYDBYEC/fv1QXl7eJmNS\nxyGRSACAfw8QEREREXUwXKLyvxQKBYYPH46RI0fave7kyZM4cuQIampqHFQZtYeQkBCkpqYiODi4\nzYINM5FIBLlcjoceeggbN2506VkcarUagwcPRr9+/SwP9i1RXV0NjUaDCxcuuEzoIxaLoVAooFKp\noFKpoFAoIBaL6wUcJpMJer0eWq0WWq0Wer0eJpPJyZUTERG5t5iYGHh7e2Po0KEAgGHDhtm89sSJ\nEwBu/hu+oqICGo3GITUSUFRU1ORrzUvDiVqLMzj+V1BQELZs2YL4+Hi71128eBGPPPIICgoKHFQZ\ntSWRSITk5GS8/PLLkErbN98z...
[debug] &amp#27;[35m[W3C (42ec887b)]&amp#27;[39m Responding to client with driver.getScreenshot() result: "iVBORw0KGgoAAAANSUhEUgAABDgAAAkkCAYAAAD508+vAAAABHNCSVQICAgIfAhkiAAAIABJREFU\neJzs3Xl4U2XePvA7e5N030sppUjZ2rK9BQFZBaQIAlooKlIFxRFFBuSnOLIM4DKvCyDj64KAg+DM\nIFgVAS2DbJalgIIgqSAVkdJ935KmaXJ+f/AmL7VJuidNuD/XxXWN55w855suDOfO83wfEQABRERE\nREREREQuTOzsAoiIiIiIiIiIWosBBxERERERERG5PAYcREREREREROTyGHAQERERERERkctjwEFE\nRERERERELo8BBxERERERERG5PAYcREREREREROTyGHAQERERERERkctjwEFERERERERELk/q7AKI\nOgqpVIrIyEjcf//9mD17NgIDAwEAgiBAJBLVu/bWY2VlZfjkk0/w+eef4+rVq6irq4MgCA6vn4iI\niIiI6HYmAsAnMbptiUQiyGQyzJo1C0uXLoWXl5fleHOYAw2tVov169djy5YtqK2tZdBBRERERETk\nIAw4biGRSBAcHGz3moKCAhiNRgdVRO1JJBJh7ty5WLFiBWQyWbNDDVsEQYDBYEC/fv1QXl7eJmNS\nxyGRSACAfw8QEREREXUwXKLyvxQKBYYPH46RI0fave7kyZM4cuQIampqHFQZtYeQkBCkpqYiODi4\nzYINM5FIBLlcjoceeggbN2506VkcarUagwcPRr9+/SwP9i1RXV0NjUaDCxcuuEzoIx
    Embedding user verify the textswitcher functions [image/jpg 104248 bytes]

aLoVAooFKp\noFKpoFAoIBaL6wUcJpMJer0eWq0WWq0Wer0eJpPJyZUTERG5t5iYGHh7e2Po0KEAgGHDhtm89sSJ\nEwBu/hu+oqICGo3GITUSUFRU1ORrzUvDiVqLMzj+V1BQELZs2YL4+Hi71128eBGPPPIICgoKHFQZ\ntSWRSITk5GS8/PLLkErbN98zGo2IjIyEyWSyhCiuFHZIpVKMGDECCxYswKBBg1r19TIHHDt37kRq\naipKSk...
&amp#27;[35m[HTTP]&amp#27;[39m &amp#27;[37m<-- GET /wd/hub/session/42ec887b-f5a0-43ee-81f9-55b4915c506a/screenshot &amp#27;[39m&amp#27;[32m200&amp#27;[39m &amp#27;[90m342 ms - 142670&amp#27;[39m
&amp#27;[35m[HTTP]&amp#27;[39m &amp#27;[90m&amp#27;[39m
&amp#27;[35m[HTTP]&amp#27;[39m &amp#27;[37m-->&amp#27;[39m &amp#27;[37mDELETE&amp#27;[39m &amp#27;[37m/wd/hub/session/42ec887b-f5a0-43ee-81f9-55b4915c506a&amp#27;[39m
&amp#27;[35m[HTTP]&amp#27;[39m &amp#27;[90m{}&amp#27;[39m
[debug] &amp#27;[35m[W3C (42ec887b)]&amp#27;[39m Calling AppiumDriver.deleteSession() with args: ["42ec887b-f5a0-43ee-81f9-55b4915c506a"]
[debug] &amp#27;[35m[BaseDriver]&amp#27;[39m Event 'quitSessionRequested' logged at 1675323944443 (13:15:44 GMT+0530 (India Standard Time))
&amp#27;[35m[Appium]&amp#27;[39m Removing session 42ec887b-f5a0-43ee-81f9-55b4915c506a from our master session list
[debug] &amp#27;[35m[UiAutomator2]&amp#27;[39m Deleting UiAutomator2 session
[debug] &amp#27;[35m[UiAutomator2]&amp#27;[39m Deleting UiAutomator2 server session
[debug] &amp#27;[35m[WD Proxy]&amp#27;[39m Matched '/' to command name 'deleteSession'
[debug] &amp#27;[35m[WD Proxy]&amp#27;[39m Proxying [DELETE /] to [DELETE http://127.0.0.1:8201/wd/hub/session/e7ffd3ef-b1bd-4819-8744-6ecd10668ca4] with no body
[debug] &amp#27;[35m[WD Proxy]&amp#27;[39m Got response with status 200: {"sessionId":"e7ffd3ef-b1bd-4819-8744-6ecd10668ca4","value":null}
[debug] &amp#27;[35m[ADB]&amp#27;[39m Running 'C:\Users\rajkumar06\AppData\Local\Android\Sdk\platform-tools\adb.exe -P 5037 -s emulator-5554 shell am force-stop com.hmh.api'
[debug] &amp#27;[35m[Logcat]&amp#27;[39m Stopping logcat capture
[debug] &amp#27;[35m[ADB]&amp#27;[39m Removing forwarded port socket connection: 8201 
[debug] &amp#27;[35m[ADB]&amp#27;[39m Running 'C:\Users\rajkumar06\AppData\Local\Android\Sdk\platform-tools\adb.exe -P 5037 -s emulator-5554 forward --remove tcp:8201'
[debug] &amp#27;[35m[BaseDriver]&amp#27;[39m Event 'quitSessionFinished' logged at 1675323944743 (13:15:44 GMT+0530 (India Standard Time))
[debug] &amp#27;[35m[W3C (42ec887b)]&amp#27;[39m Received response: null
[debug] &amp#27;[35m[W3C (42ec887b)]&amp#27;[39m But deleting session, so not returning
[debug] &amp#27;[35m[W3C (42ec887b)]&amp#27;[39m Responding to client with driver.deleteSession() result: null
&amp#27;[35m[HTTP]&amp#27;[39m &amp#27;[37m<-- DELETE /wd/hub/session/42ec887b-f5a0-43ee-81f9-55b4915c506a &amp#27;[39m&amp#27;[32m200&amp#27;[39m &amp#27;[90m303 ms - 14&amp#27;[39m
&amp#27;[35m[HTTP]&amp#27;[39m &amp#27;[90m&amp#27;[39m
]]></system-out>
    <system-err><![CDATA[Feb 02, 2023 1:15:30 PM io.appium.java_client.remote.AppiumCommandExecutor$1 lambda$0
INFO: Detected dialect: W3C
]]></system-err>
  </testcase>
</testsuite>